
===========================================================================
report_checks -path_delay max (Setup)
============================================================================
Startpoint: _13680_ (rising edge-triggered flip-flop clocked by clk)
Endpoint: _13708_ (rising edge-triggered flip-flop clocked by clk)
Path Group: clk
Path Type: max

Fanout     Cap    Slew   Delay    Time   Description
-----------------------------------------------------------------------------
                          0.00    0.00   clock clk (rise edge)
                          0.00    0.00   clock source latency
                  0.24    0.18    0.18 ^ clk (in)
     1    0.05                           clk (net)
                  0.24    0.00    0.18 ^ clkbuf_0_clk/A (sky130_fd_sc_hd__clkbuf_16)
                  0.27    0.37    0.55 ^ clkbuf_0_clk/X (sky130_fd_sc_hd__clkbuf_16)
    16    0.26                           clknet_0_clk (net)
                  0.27    0.01    0.56 ^ clkbuf_4_13_0_clk/A (sky130_fd_sc_hd__clkbuf_8)
                  0.18    0.32    0.88 ^ clkbuf_4_13_0_clk/X (sky130_fd_sc_hd__clkbuf_8)
     7    0.10                           clknet_4_13_0_clk (net)
                  0.18    0.00    0.88 ^ clkbuf_leaf_66_clk/A (sky130_fd_sc_hd__clkbuf_16)
                  0.05    0.19    1.07 ^ clkbuf_leaf_66_clk/X (sky130_fd_sc_hd__clkbuf_16)
     8    0.03                           clknet_leaf_66_clk (net)
                  0.05    0.00    1.07 ^ _13680_/CLK (sky130_fd_sc_hd__dfxtp_4)
                  0.14    0.44    1.51 ^ _13680_/Q (sky130_fd_sc_hd__dfxtp_4)
     6    0.05                           sha256cu.m_out_digest.e_in[3] (net)
                  0.14    0.00    1.51 ^ _07493_/S (sky130_fd_sc_hd__mux2_1)
                  0.11    0.42    1.93 v _07493_/X (sky130_fd_sc_hd__mux2_1)
     4    0.01                           _02120_ (net)
                  0.11    0.00    1.93 v _08743_/B (sky130_fd_sc_hd__or2_1)
                  0.06    0.25    2.19 v _08743_/X (sky130_fd_sc_hd__or2_1)
     2    0.01                           _03242_ (net)
                  0.06    0.00    2.19 v _08744_/B (sky130_fd_sc_hd__nand2_1)
                  0.07    0.09    2.27 ^ _08744_/Y (sky130_fd_sc_hd__nand2_1)
     1    0.01                           _03243_ (net)
                  0.07    0.00    2.27 ^ _08745_/B (sky130_fd_sc_hd__xor2_1)
                  0.21    0.23    2.50 ^ _08745_/X (sky130_fd_sc_hd__xor2_1)
     2    0.01                           _03244_ (net)
                  0.21    0.00    2.50 ^ _08752_/A (sky130_fd_sc_hd__xor2_1)
                  0.20    0.24    2.75 ^ _08752_/X (sky130_fd_sc_hd__xor2_1)
     2    0.01                           _03251_ (net)
                  0.20    0.00    2.75 ^ _08755_/A (sky130_fd_sc_hd__xnor2_1)
                  0.28    0.22    2.96 ^ _08755_/Y (sky130_fd_sc_hd__xnor2_1)
     2    0.01                           _03254_ (net)
                  0.28    0.00    2.96 ^ _08756_/B (sky130_fd_sc_hd__xnor2_1)
                  0.22    0.21    3.17 ^ _08756_/Y (sky130_fd_sc_hd__xnor2_1)
     2    0.01                           _03255_ (net)
                  0.22    0.00    3.17 ^ _08759_/A (sky130_fd_sc_hd__xor2_1)
                  0.23    0.27    3.44 ^ _08759_/X (sky130_fd_sc_hd__xor2_1)
     3    0.01                           _03258_ (net)
                  0.23    0.00    3.44 ^ _08765_/A2 (sky130_fd_sc_hd__a21o_1)
                  0.15    0.25    3.69 ^ _08765_/X (sky130_fd_sc_hd__a21o_1)
     3    0.02                           _03263_ (net)
                  0.15    0.00    3.69 ^ _08819_/A1 (sky130_fd_sc_hd__a311oi_4)
                  0.10    0.13    3.82 v _08819_/Y (sky130_fd_sc_hd__a311oi_4)
     3    0.01                           _03315_ (net)
                  0.10    0.00    3.82 v _08897_/A1 (sky130_fd_sc_hd__o31a_2)
                  0.09    0.44    4.25 v _08897_/X (sky130_fd_sc_hd__o31a_2)
     4    0.02                           _03391_ (net)
                  0.09    0.00    4.25 v _09012_/A1 (sky130_fd_sc_hd__o31a_2)
                  0.10    0.44    4.69 v _09012_/X (sky130_fd_sc_hd__o31a_2)
     4    0.02                           _03502_ (net)
                  0.10    0.00    4.69 v _09126_/A1 (sky130_fd_sc_hd__o31a_1)
                  0.11    0.40    5.09 v _09126_/X (sky130_fd_sc_hd__o31a_1)
     3    0.02                           _03612_ (net)
                  0.11    0.00    5.09 v _09243_/A1 (sky130_fd_sc_hd__o31a_2)
                  0.11    0.46    5.56 v _09243_/X (sky130_fd_sc_hd__o31a_2)
     4    0.03                           _03725_ (net)
                  0.11    0.00    5.56 v _09361_/A1 (sky130_fd_sc_hd__o31a_1)
                  0.12    0.41    5.97 v _09361_/X (sky130_fd_sc_hd__o31a_1)
     4    0.02                           _03839_ (net)
                  0.12    0.00    5.97 v _09453_/A1 (sky130_fd_sc_hd__o31a_1)
                  0.06    0.35    6.33 v _09453_/X (sky130_fd_sc_hd__o31a_1)
     2    0.01                           _03927_ (net)
                  0.06    0.00    6.33 v _09480_/A1 (sky130_fd_sc_hd__a21o_1)
                  0.09    0.23    6.56 v _09480_/X (sky130_fd_sc_hd__a21o_1)
     5    0.02                           _03954_ (net)
                  0.09    0.00    6.56 v _09535_/A1 (sky130_fd_sc_hd__a211o_1)
                  0.07    0.31    6.87 v _09535_/X (sky130_fd_sc_hd__a211o_1)
     3    0.01                           _04007_ (net)
                  0.07    0.00    6.87 v _09552_/B (sky130_fd_sc_hd__and3_1)
                  0.04    0.18    7.05 v _09552_/X (sky130_fd_sc_hd__and3_1)
     1    0.00                           _04023_ (net)
                  0.04    0.00    7.05 v _09555_/A2 (sky130_fd_sc_hd__o311a_1)
                  0.05    0.34    7.39 v _09555_/X (sky130_fd_sc_hd__o311a_1)
     1    0.00                           _00254_ (net)
                  0.05    0.00    7.39 v _13708_/D (sky130_fd_sc_hd__dfxtp_4)
                                  7.39   data arrival time

                         10.00   10.00   clock clk (rise edge)
                          0.00   10.00   clock source latency
                  0.24    0.16   10.16 ^ clk (in)
     1    0.05                           clk (net)
                  0.24    0.00   10.16 ^ clkbuf_0_clk/A (sky130_fd_sc_hd__clkbuf_16)
                  0.27    0.34   10.50 ^ clkbuf_0_clk/X (sky130_fd_sc_hd__clkbuf_16)
    16    0.26                           clknet_0_clk (net)
                  0.27    0.01   10.51 ^ clkbuf_4_7_0_clk/A (sky130_fd_sc_hd__clkbuf_8)
                  0.23    0.32   10.82 ^ clkbuf_4_7_0_clk/X (sky130_fd_sc_hd__clkbuf_8)
    10    0.13                           clknet_4_7_0_clk (net)
                  0.23    0.01   10.83 ^ clkbuf_leaf_82_clk/A (sky130_fd_sc_hd__clkbuf_16)
                  0.06    0.19   11.02 ^ clkbuf_leaf_82_clk/X (sky130_fd_sc_hd__clkbuf_16)
    13    0.04                           clknet_leaf_82_clk (net)
                  0.06    0.00   11.02 ^ _13708_/CLK (sky130_fd_sc_hd__dfxtp_4)
                         -0.25   10.77   clock uncertainty
                          0.05   10.83   clock reconvergence pessimism
                         -0.11   10.71   library setup time
                                 10.71   data required time
-----------------------------------------------------------------------------
                                 10.71   data required time
                                 -7.39   data arrival time
-----------------------------------------------------------------------------
                                  3.33   slack (MET)


Startpoint: _13567_ (rising edge-triggered flip-flop clocked by clk)
Endpoint: _13580_ (rising edge-triggered flip-flop clocked by clk)
Path Group: clk
Path Type: max

Fanout     Cap    Slew   Delay    Time   Description
-----------------------------------------------------------------------------
                          0.00    0.00   clock clk (rise edge)
                          0.00    0.00   clock source latency
                  0.24    0.18    0.18 ^ clk (in)
     1    0.05                           clk (net)
                  0.24    0.00    0.18 ^ clkbuf_0_clk/A (sky130_fd_sc_hd__clkbuf_16)
                  0.27    0.37    0.55 ^ clkbuf_0_clk/X (sky130_fd_sc_hd__clkbuf_16)
    16    0.26                           clknet_0_clk (net)
                  0.27    0.01    0.56 ^ clkbuf_4_13_0_clk/A (sky130_fd_sc_hd__clkbuf_8)
                  0.18    0.32    0.88 ^ clkbuf_4_13_0_clk/X (sky130_fd_sc_hd__clkbuf_8)
     7    0.10                           clknet_4_13_0_clk (net)
                  0.18    0.01    0.88 ^ clkbuf_leaf_69_clk/A (sky130_fd_sc_hd__clkbuf_16)
                  0.06    0.20    1.08 ^ clkbuf_leaf_69_clk/X (sky130_fd_sc_hd__clkbuf_16)
    13    0.04                           clknet_leaf_69_clk (net)
                  0.06    0.00    1.08 ^ _13567_/CLK (sky130_fd_sc_hd__dfxtp_1)
                  0.03    0.31    1.39 v _13567_/Q (sky130_fd_sc_hd__dfxtp_1)
     1    0.00                           sha256cu.m_out_digest.a_in[18] (net)
                  0.03    0.00    1.39 v _07573_/A (sky130_fd_sc_hd__clkbuf_4)
                  0.11    0.21    1.60 v _07573_/X (sky130_fd_sc_hd__clkbuf_4)
     7    0.05                           _02198_ (net)
                  0.11    0.01    1.61 v _07574_/A (sky130_fd_sc_hd__xnor2_1)
                  0.07    0.17    1.78 v _07574_/Y (sky130_fd_sc_hd__xnor2_1)
     1    0.00                           _02199_ (net)
                  0.07    0.00    1.78 v _07575_/B (sky130_fd_sc_hd__xnor2_1)
                  0.36    0.34    2.12 ^ _07575_/Y (sky130_fd_sc_hd__xnor2_1)
     2    0.02                           _02200_ (net)
                  0.36    0.00    2.12 ^ _07576_/B (sky130_fd_sc_hd__xnor2_1)
                  0.10    0.16    2.28 v _07576_/Y (sky130_fd_sc_hd__xnor2_1)
     2    0.01                           _02201_ (net)
                  0.10    0.00    2.28 v _07577_/B (sky130_fd_sc_hd__xnor2_1)
                  0.25    0.27    2.55 ^ _07577_/Y (sky130_fd_sc_hd__xnor2_1)
     2    0.01                           _02202_ (net)
                  0.25    0.00    2.55 ^ _07580_/A (sky130_fd_sc_hd__xnor2_1)
                  0.22    0.20    2.76 ^ _07580_/Y (sky130_fd_sc_hd__xnor2_1)
     2    0.01                           _02205_ (net)
                  0.22    0.00    2.76 ^ _07581_/B (sky130_fd_sc_hd__xor2_1)
                  0.26    0.29    3.04 ^ _07581_/X (sky130_fd_sc_hd__xor2_1)
     2    0.01                           _02206_ (net)
                  0.26    0.00    3.04 ^ _07584_/A (sky130_fd_sc_hd__xnor2_1)
                  0.28    0.22    3.27 ^ _07584_/Y (sky130_fd_sc_hd__xnor2_1)
     2    0.01                           _02209_ (net)
                  0.28    0.00    3.27 ^ _07585_/B (sky130_fd_sc_hd__xnor2_1)
                  0.22    0.21    3.47 ^ _07585_/Y (sky130_fd_sc_hd__xnor2_1)
     2    0.01                           _02210_ (net)
                  0.22    0.00    3.48 ^ _07588_/A (sky130_fd_sc_hd__xor2_1)
                  0.27    0.29    3.77 ^ _07588_/X (sky130_fd_sc_hd__xor2_1)
     2    0.01                           _02213_ (net)
                  0.27    0.00    3.77 ^ _07589_/B (sky130_fd_sc_hd__xnor2_1)
                  0.26    0.22    3.99 ^ _07589_/Y (sky130_fd_sc_hd__xnor2_1)
     3    0.01                           _02214_ (net)
                  0.26    0.00    3.99 ^ _07590_/B (sky130_fd_sc_hd__xor2_1)
                  0.25    0.29    4.28 ^ _07590_/X (sky130_fd_sc_hd__xor2_1)
     2    0.01                           _02215_ (net)
                  0.25    0.00    4.28 ^ _07702_/C1 (sky130_fd_sc_hd__o2111a_1)
                  0.16    0.32    4.60 ^ _07702_/X (sky130_fd_sc_hd__o2111a_1)
     1    0.01                           _02324_ (net)
                  0.16    0.00    4.60 ^ _07707_/A1 (sky130_fd_sc_hd__a211oi_4)
                  0.13    0.15    4.75 v _07707_/Y (sky130_fd_sc_hd__a211oi_4)
     6    0.05                           _02329_ (net)
                  0.13    0.01    4.76 v _08012_/B2 (sky130_fd_sc_hd__o2bb2a_1)
                  0.16    0.45    5.21 v _08012_/X (sky130_fd_sc_hd__o2bb2a_1)
     2    0.03                           _02626_ (net)
                  0.16    0.00    5.21 v _08273_/A2 (sky130_fd_sc_hd__a211o_1)
                  0.15    0.46    5.68 v _08273_/X (sky130_fd_sc_hd__a211o_1)
     2    0.03                           _02879_ (net)
                  0.15    0.00    5.68 v _08432_/A1 (sky130_fd_sc_hd__a2111o_1)
                  0.08    0.45    6.13 v _08432_/X (sky130_fd_sc_hd__a2111o_1)
     2    0.01                           _03034_ (net)
                  0.08    0.00    6.13 v _08469_/A2 (sky130_fd_sc_hd__a21o_1)
                  0.11    0.28    6.41 v _08469_/X (sky130_fd_sc_hd__a21o_1)
     5    0.02                           _03071_ (net)
                  0.11    0.00    6.41 v _08545_/A2 (sky130_fd_sc_hd__a311o_1)
                  0.09    0.39    6.80 v _08545_/X (sky130_fd_sc_hd__a311o_1)
     3    0.01                           _03145_ (net)
                  0.09    0.00    6.80 v _08575_/B (sky130_fd_sc_hd__and3_1)
                  0.04    0.19    6.99 v _08575_/X (sky130_fd_sc_hd__and3_1)
     1    0.00                           _03174_ (net)
                  0.04    0.00    6.99 v _08577_/A3 (sky130_fd_sc_hd__o311a_1)
                  0.05    0.29    7.28 v _08577_/X (sky130_fd_sc_hd__o311a_1)
     1    0.00                           _00126_ (net)
                  0.05    0.00    7.28 v _13580_/D (sky130_fd_sc_hd__dfxtp_4)
                                  7.28   data arrival time

                         10.00   10.00   clock clk (rise edge)
                          0.00   10.00   clock source latency
                  0.24    0.16   10.16 ^ clk (in)
     1    0.05                           clk (net)
                  0.24    0.00   10.16 ^ clkbuf_0_clk/A (sky130_fd_sc_hd__clkbuf_16)
                  0.27    0.34   10.50 ^ clkbuf_0_clk/X (sky130_fd_sc_hd__clkbuf_16)
    16    0.26                           clknet_0_clk (net)
                  0.27    0.01   10.51 ^ clkbuf_4_6_0_clk/A (sky130_fd_sc_hd__clkbuf_8)
                  0.18    0.28   10.79 ^ clkbuf_4_6_0_clk/X (sky130_fd_sc_hd__clkbuf_8)
     8    0.10                           clknet_4_6_0_clk (net)
                  0.18    0.00   10.79 ^ clkbuf_leaf_78_clk/A (sky130_fd_sc_hd__clkbuf_16)
                  0.05    0.17   10.96 ^ clkbuf_leaf_78_clk/X (sky130_fd_sc_hd__clkbuf_16)
     7    0.02                           clknet_leaf_78_clk (net)
                  0.05    0.00   10.96 ^ _13580_/CLK (sky130_fd_sc_hd__dfxtp_4)
                         -0.25   10.71   clock uncertainty
                          0.05   10.76   clock reconvergence pessimism
                         -0.11   10.65   library setup time
                                 10.65   data required time
-----------------------------------------------------------------------------
                                 10.65   data required time
                                 -7.28   data arrival time
-----------------------------------------------------------------------------
                                  3.37   slack (MET)


Startpoint: _13567_ (rising edge-triggered flip-flop clocked by clk)
Endpoint: _13579_ (rising edge-triggered flip-flop clocked by clk)
Path Group: clk
Path Type: max

Fanout     Cap    Slew   Delay    Time   Description
-----------------------------------------------------------------------------
                          0.00    0.00   clock clk (rise edge)
                          0.00    0.00   clock source latency
                  0.24    0.18    0.18 ^ clk (in)
     1    0.05                           clk (net)
                  0.24    0.00    0.18 ^ clkbuf_0_clk/A (sky130_fd_sc_hd__clkbuf_16)
                  0.27    0.37    0.55 ^ clkbuf_0_clk/X (sky130_fd_sc_hd__clkbuf_16)
    16    0.26                           clknet_0_clk (net)
                  0.27    0.01    0.56 ^ clkbuf_4_13_0_clk/A (sky130_fd_sc_hd__clkbuf_8)
                  0.18    0.32    0.88 ^ clkbuf_4_13_0_clk/X (sky130_fd_sc_hd__clkbuf_8)
     7    0.10                           clknet_4_13_0_clk (net)
                  0.18    0.01    0.88 ^ clkbuf_leaf_69_clk/A (sky130_fd_sc_hd__clkbuf_16)
                  0.06    0.20    1.08 ^ clkbuf_leaf_69_clk/X (sky130_fd_sc_hd__clkbuf_16)
    13    0.04                           clknet_leaf_69_clk (net)
                  0.06    0.00    1.08 ^ _13567_/CLK (sky130_fd_sc_hd__dfxtp_1)
                  0.03    0.31    1.39 v _13567_/Q (sky130_fd_sc_hd__dfxtp_1)
     1    0.00                           sha256cu.m_out_digest.a_in[18] (net)
                  0.03    0.00    1.39 v _07573_/A (sky130_fd_sc_hd__clkbuf_4)
                  0.11    0.21    1.60 v _07573_/X (sky130_fd_sc_hd__clkbuf_4)
     7    0.05                           _02198_ (net)
                  0.11    0.01    1.61 v _07574_/A (sky130_fd_sc_hd__xnor2_1)
                  0.07    0.17    1.78 v _07574_/Y (sky130_fd_sc_hd__xnor2_1)
     1    0.00                           _02199_ (net)
                  0.07    0.00    1.78 v _07575_/B (sky130_fd_sc_hd__xnor2_1)
                  0.36    0.34    2.12 ^ _07575_/Y (sky130_fd_sc_hd__xnor2_1)
     2    0.02                           _02200_ (net)
                  0.36    0.00    2.12 ^ _07576_/B (sky130_fd_sc_hd__xnor2_1)
                  0.10    0.16    2.28 v _07576_/Y (sky130_fd_sc_hd__xnor2_1)
     2    0.01                           _02201_ (net)
                  0.10    0.00    2.28 v _07577_/B (sky130_fd_sc_hd__xnor2_1)
                  0.25    0.27    2.55 ^ _07577_/Y (sky130_fd_sc_hd__xnor2_1)
     2    0.01                           _02202_ (net)
                  0.25    0.00    2.55 ^ _07580_/A (sky130_fd_sc_hd__xnor2_1)
                  0.22    0.20    2.76 ^ _07580_/Y (sky130_fd_sc_hd__xnor2_1)
     2    0.01                           _02205_ (net)
                  0.22    0.00    2.76 ^ _07581_/B (sky130_fd_sc_hd__xor2_1)
                  0.26    0.29    3.04 ^ _07581_/X (sky130_fd_sc_hd__xor2_1)
     2    0.01                           _02206_ (net)
                  0.26    0.00    3.04 ^ _07584_/A (sky130_fd_sc_hd__xnor2_1)
                  0.28    0.22    3.27 ^ _07584_/Y (sky130_fd_sc_hd__xnor2_1)
     2    0.01                           _02209_ (net)
                  0.28    0.00    3.27 ^ _07585_/B (sky130_fd_sc_hd__xnor2_1)
                  0.22    0.21    3.47 ^ _07585_/Y (sky130_fd_sc_hd__xnor2_1)
     2    0.01                           _02210_ (net)
                  0.22    0.00    3.48 ^ _07588_/A (sky130_fd_sc_hd__xor2_1)
                  0.27    0.29    3.77 ^ _07588_/X (sky130_fd_sc_hd__xor2_1)
     2    0.01                           _02213_ (net)
                  0.27    0.00    3.77 ^ _07589_/B (sky130_fd_sc_hd__xnor2_1)
                  0.26    0.22    3.99 ^ _07589_/Y (sky130_fd_sc_hd__xnor2_1)
     3    0.01                           _02214_ (net)
                  0.26    0.00    3.99 ^ _07590_/B (sky130_fd_sc_hd__xor2_1)
                  0.25    0.29    4.28 ^ _07590_/X (sky130_fd_sc_hd__xor2_1)
     2    0.01                           _02215_ (net)
                  0.25    0.00    4.28 ^ _07702_/C1 (sky130_fd_sc_hd__o2111a_1)
                  0.16    0.32    4.60 ^ _07702_/X (sky130_fd_sc_hd__o2111a_1)
     1    0.01                           _02324_ (net)
                  0.16    0.00    4.60 ^ _07707_/A1 (sky130_fd_sc_hd__a211oi_4)
                  0.13    0.15    4.75 v _07707_/Y (sky130_fd_sc_hd__a211oi_4)
     6    0.05                           _02329_ (net)
                  0.13    0.01    4.76 v _08012_/B2 (sky130_fd_sc_hd__o2bb2a_1)
                  0.16    0.45    5.21 v _08012_/X (sky130_fd_sc_hd__o2bb2a_1)
     2    0.03                           _02626_ (net)
                  0.16    0.00    5.21 v _08273_/A2 (sky130_fd_sc_hd__a211o_1)
                  0.15    0.46    5.68 v _08273_/X (sky130_fd_sc_hd__a211o_1)
     2    0.03                           _02879_ (net)
                  0.15    0.00    5.68 v _08432_/A1 (sky130_fd_sc_hd__a2111o_1)
                  0.08    0.45    6.13 v _08432_/X (sky130_fd_sc_hd__a2111o_1)
     2    0.01                           _03034_ (net)
                  0.08    0.00    6.13 v _08469_/A2 (sky130_fd_sc_hd__a21o_1)
                  0.11    0.28    6.41 v _08469_/X (sky130_fd_sc_hd__a21o_1)
     5    0.02                           _03071_ (net)
                  0.11    0.00    6.41 v _08545_/A2 (sky130_fd_sc_hd__a311o_1)
                  0.09    0.39    6.80 v _08545_/X (sky130_fd_sc_hd__a311o_1)
     3    0.01                           _03145_ (net)
                  0.09    0.00    6.80 v _08548_/B1 (sky130_fd_sc_hd__a221o_1)
                  0.05    0.31    7.11 v _08548_/X (sky130_fd_sc_hd__a221o_1)
     1    0.00                           _00125_ (net)
                  0.05    0.00    7.11 v _13579_/D (sky130_fd_sc_hd__dfxtp_1)
                                  7.11   data arrival time

                         10.00   10.00   clock clk (rise edge)
                          0.00   10.00   clock source latency
                  0.24    0.16   10.16 ^ clk (in)
     1    0.05                           clk (net)
                  0.24    0.00   10.16 ^ clkbuf_0_clk/A (sky130_fd_sc_hd__clkbuf_16)
                  0.27    0.34   10.50 ^ clkbuf_0_clk/X (sky130_fd_sc_hd__clkbuf_16)
    16    0.26                           clknet_0_clk (net)
                  0.27    0.01   10.51 ^ clkbuf_4_6_0_clk/A (sky130_fd_sc_hd__clkbuf_8)
                  0.18    0.28   10.79 ^ clkbuf_4_6_0_clk/X (sky130_fd_sc_hd__clkbuf_8)
     8    0.10                           clknet_4_6_0_clk (net)
                  0.18    0.00   10.79 ^ clkbuf_leaf_78_clk/A (sky130_fd_sc_hd__clkbuf_16)
                  0.05    0.17   10.96 ^ clkbuf_leaf_78_clk/X (sky130_fd_sc_hd__clkbuf_16)
     7    0.02                           clknet_leaf_78_clk (net)
                  0.05    0.00   10.96 ^ _13579_/CLK (sky130_fd_sc_hd__dfxtp_1)
                         -0.25   10.71   clock uncertainty
                          0.05   10.76   clock reconvergence pessimism
                         -0.11   10.65   library setup time
                                 10.65   data required time
-----------------------------------------------------------------------------
                                 10.65   data required time
                                 -7.11   data arrival time
-----------------------------------------------------------------------------
                                  3.53   slack (MET)


Startpoint: _13680_ (rising edge-triggered flip-flop clocked by clk)
Endpoint: _13707_ (rising edge-triggered flip-flop clocked by clk)
Path Group: clk
Path Type: max

Fanout     Cap    Slew   Delay    Time   Description
-----------------------------------------------------------------------------
                          0.00    0.00   clock clk (rise edge)
                          0.00    0.00   clock source latency
                  0.24    0.18    0.18 ^ clk (in)
     1    0.05                           clk (net)
                  0.24    0.00    0.18 ^ clkbuf_0_clk/A (sky130_fd_sc_hd__clkbuf_16)
                  0.27    0.37    0.55 ^ clkbuf_0_clk/X (sky130_fd_sc_hd__clkbuf_16)
    16    0.26                           clknet_0_clk (net)
                  0.27    0.01    0.56 ^ clkbuf_4_13_0_clk/A (sky130_fd_sc_hd__clkbuf_8)
                  0.18    0.32    0.88 ^ clkbuf_4_13_0_clk/X (sky130_fd_sc_hd__clkbuf_8)
     7    0.10                           clknet_4_13_0_clk (net)
                  0.18    0.00    0.88 ^ clkbuf_leaf_66_clk/A (sky130_fd_sc_hd__clkbuf_16)
                  0.05    0.19    1.07 ^ clkbuf_leaf_66_clk/X (sky130_fd_sc_hd__clkbuf_16)
     8    0.03                           clknet_leaf_66_clk (net)
                  0.05    0.00    1.07 ^ _13680_/CLK (sky130_fd_sc_hd__dfxtp_4)
                  0.14    0.44    1.51 ^ _13680_/Q (sky130_fd_sc_hd__dfxtp_4)
     6    0.05                           sha256cu.m_out_digest.e_in[3] (net)
                  0.14    0.00    1.51 ^ _07493_/S (sky130_fd_sc_hd__mux2_1)
                  0.11    0.42    1.93 v _07493_/X (sky130_fd_sc_hd__mux2_1)
     4    0.01                           _02120_ (net)
                  0.11    0.00    1.93 v _08743_/B (sky130_fd_sc_hd__or2_1)
                  0.06    0.25    2.19 v _08743_/X (sky130_fd_sc_hd__or2_1)
     2    0.01                           _03242_ (net)
                  0.06    0.00    2.19 v _08744_/B (sky130_fd_sc_hd__nand2_1)
                  0.07    0.09    2.27 ^ _08744_/Y (sky130_fd_sc_hd__nand2_1)
     1    0.01                           _03243_ (net)
                  0.07    0.00    2.27 ^ _08745_/B (sky130_fd_sc_hd__xor2_1)
                  0.21    0.23    2.50 ^ _08745_/X (sky130_fd_sc_hd__xor2_1)
     2    0.01                           _03244_ (net)
                  0.21    0.00    2.50 ^ _08752_/A (sky130_fd_sc_hd__xor2_1)
                  0.20    0.24    2.75 ^ _08752_/X (sky130_fd_sc_hd__xor2_1)
     2    0.01                           _03251_ (net)
                  0.20    0.00    2.75 ^ _08755_/A (sky130_fd_sc_hd__xnor2_1)
                  0.28    0.22    2.96 ^ _08755_/Y (sky130_fd_sc_hd__xnor2_1)
     2    0.01                           _03254_ (net)
                  0.28    0.00    2.96 ^ _08756_/B (sky130_fd_sc_hd__xnor2_1)
                  0.22    0.21    3.17 ^ _08756_/Y (sky130_fd_sc_hd__xnor2_1)
     2    0.01                           _03255_ (net)
                  0.22    0.00    3.17 ^ _08759_/A (sky130_fd_sc_hd__xor2_1)
                  0.23    0.27    3.44 ^ _08759_/X (sky130_fd_sc_hd__xor2_1)
     3    0.01                           _03258_ (net)
                  0.23    0.00    3.44 ^ _08765_/A2 (sky130_fd_sc_hd__a21o_1)
                  0.15    0.25    3.69 ^ _08765_/X (sky130_fd_sc_hd__a21o_1)
     3    0.02                           _03263_ (net)
                  0.15    0.00    3.69 ^ _08819_/A1 (sky130_fd_sc_hd__a311oi_4)
                  0.10    0.13    3.82 v _08819_/Y (sky130_fd_sc_hd__a311oi_4)
     3    0.01                           _03315_ (net)
                  0.10    0.00    3.82 v _08897_/A1 (sky130_fd_sc_hd__o31a_2)
                  0.09    0.44    4.25 v _08897_/X (sky130_fd_sc_hd__o31a_2)
     4    0.02                           _03391_ (net)
                  0.09    0.00    4.25 v _09012_/A1 (sky130_fd_sc_hd__o31a_2)
                  0.10    0.44    4.69 v _09012_/X (sky130_fd_sc_hd__o31a_2)
     4    0.02                           _03502_ (net)
                  0.10    0.00    4.69 v _09126_/A1 (sky130_fd_sc_hd__o31a_1)
                  0.11    0.40    5.09 v _09126_/X (sky130_fd_sc_hd__o31a_1)
     3    0.02                           _03612_ (net)
                  0.11    0.00    5.09 v _09243_/A1 (sky130_fd_sc_hd__o31a_2)
                  0.11    0.46    5.56 v _09243_/X (sky130_fd_sc_hd__o31a_2)
     4    0.03                           _03725_ (net)
                  0.11    0.00    5.56 v _09361_/A1 (sky130_fd_sc_hd__o31a_1)
                  0.12    0.41    5.97 v _09361_/X (sky130_fd_sc_hd__o31a_1)
     4    0.02                           _03839_ (net)
                  0.12    0.00    5.97 v _09453_/A1 (sky130_fd_sc_hd__o31a_1)
                  0.06    0.35    6.33 v _09453_/X (sky130_fd_sc_hd__o31a_1)
     2    0.01                           _03927_ (net)
                  0.06    0.00    6.33 v _09480_/A1 (sky130_fd_sc_hd__a21o_1)
                  0.09    0.23    6.56 v _09480_/X (sky130_fd_sc_hd__a21o_1)
     5    0.02                           _03954_ (net)
                  0.09    0.00    6.56 v _09535_/A1 (sky130_fd_sc_hd__a211o_1)
                  0.07    0.31    6.87 v _09535_/X (sky130_fd_sc_hd__a211o_1)
     3    0.01                           _04007_ (net)
                  0.07    0.00    6.87 v _09539_/A1 (sky130_fd_sc_hd__a211o_1)
                  0.04    0.27    7.13 v _09539_/X (sky130_fd_sc_hd__a211o_1)
     1    0.00                           _00253_ (net)
                  0.04    0.00    7.13 v _13707_/D (sky130_fd_sc_hd__dfxtp_4)
                                  7.13   data arrival time

                         10.00   10.00   clock clk (rise edge)
                          0.00   10.00   clock source latency
                  0.24    0.16   10.16 ^ clk (in)
     1    0.05                           clk (net)
                  0.24    0.00   10.16 ^ clkbuf_0_clk/A (sky130_fd_sc_hd__clkbuf_16)
                  0.27    0.34   10.50 ^ clkbuf_0_clk/X (sky130_fd_sc_hd__clkbuf_16)
    16    0.26                           clknet_0_clk (net)
                  0.27    0.01   10.51 ^ clkbuf_4_7_0_clk/A (sky130_fd_sc_hd__clkbuf_8)
                  0.23    0.32   10.82 ^ clkbuf_4_7_0_clk/X (sky130_fd_sc_hd__clkbuf_8)
    10    0.13                           clknet_4_7_0_clk (net)
                  0.23    0.01   10.83 ^ clkbuf_leaf_82_clk/A (sky130_fd_sc_hd__clkbuf_16)
                  0.06    0.19   11.02 ^ clkbuf_leaf_82_clk/X (sky130_fd_sc_hd__clkbuf_16)
    13    0.04                           clknet_leaf_82_clk (net)
                  0.06    0.00   11.02 ^ _13707_/CLK (sky130_fd_sc_hd__dfxtp_4)
                         -0.25   10.77   clock uncertainty
                          0.05   10.83   clock reconvergence pessimism
                         -0.11   10.72   library setup time
                                 10.72   data required time
-----------------------------------------------------------------------------
                                 10.72   data required time
                                 -7.13   data arrival time
-----------------------------------------------------------------------------
                                  3.59   slack (MET)


Startpoint: _13680_ (rising edge-triggered flip-flop clocked by clk)
Endpoint: _13704_ (rising edge-triggered flip-flop clocked by clk)
Path Group: clk
Path Type: max

Fanout     Cap    Slew   Delay    Time   Description
-----------------------------------------------------------------------------
                          0.00    0.00   clock clk (rise edge)
                          0.00    0.00   clock source latency
                  0.24    0.18    0.18 ^ clk (in)
     1    0.05                           clk (net)
                  0.24    0.00    0.18 ^ clkbuf_0_clk/A (sky130_fd_sc_hd__clkbuf_16)
                  0.27    0.37    0.55 ^ clkbuf_0_clk/X (sky130_fd_sc_hd__clkbuf_16)
    16    0.26                           clknet_0_clk (net)
                  0.27    0.01    0.56 ^ clkbuf_4_13_0_clk/A (sky130_fd_sc_hd__clkbuf_8)
                  0.18    0.32    0.88 ^ clkbuf_4_13_0_clk/X (sky130_fd_sc_hd__clkbuf_8)
     7    0.10                           clknet_4_13_0_clk (net)
                  0.18    0.00    0.88 ^ clkbuf_leaf_66_clk/A (sky130_fd_sc_hd__clkbuf_16)
                  0.05    0.19    1.07 ^ clkbuf_leaf_66_clk/X (sky130_fd_sc_hd__clkbuf_16)
     8    0.03                           clknet_leaf_66_clk (net)
                  0.05    0.00    1.07 ^ _13680_/CLK (sky130_fd_sc_hd__dfxtp_4)
                  0.14    0.44    1.51 ^ _13680_/Q (sky130_fd_sc_hd__dfxtp_4)
     6    0.05                           sha256cu.m_out_digest.e_in[3] (net)
                  0.14    0.00    1.51 ^ _07493_/S (sky130_fd_sc_hd__mux2_1)
                  0.11    0.42    1.93 v _07493_/X (sky130_fd_sc_hd__mux2_1)
     4    0.01                           _02120_ (net)
                  0.11    0.00    1.93 v _08743_/B (sky130_fd_sc_hd__or2_1)
                  0.06    0.25    2.19 v _08743_/X (sky130_fd_sc_hd__or2_1)
     2    0.01                           _03242_ (net)
                  0.06    0.00    2.19 v _08744_/B (sky130_fd_sc_hd__nand2_1)
                  0.07    0.09    2.27 ^ _08744_/Y (sky130_fd_sc_hd__nand2_1)
     1    0.01                           _03243_ (net)
                  0.07    0.00    2.27 ^ _08745_/B (sky130_fd_sc_hd__xor2_1)
                  0.21    0.23    2.50 ^ _08745_/X (sky130_fd_sc_hd__xor2_1)
     2    0.01                           _03244_ (net)
                  0.21    0.00    2.50 ^ _08752_/A (sky130_fd_sc_hd__xor2_1)
                  0.20    0.24    2.75 ^ _08752_/X (sky130_fd_sc_hd__xor2_1)
     2    0.01                           _03251_ (net)
                  0.20    0.00    2.75 ^ _08755_/A (sky130_fd_sc_hd__xnor2_1)
                  0.28    0.22    2.96 ^ _08755_/Y (sky130_fd_sc_hd__xnor2_1)
     2    0.01                           _03254_ (net)
                  0.28    0.00    2.96 ^ _08756_/B (sky130_fd_sc_hd__xnor2_1)
                  0.22    0.21    3.17 ^ _08756_/Y (sky130_fd_sc_hd__xnor2_1)
     2    0.01                           _03255_ (net)
                  0.22    0.00    3.17 ^ _08759_/A (sky130_fd_sc_hd__xor2_1)
                  0.23    0.27    3.44 ^ _08759_/X (sky130_fd_sc_hd__xor2_1)
     3    0.01                           _03258_ (net)
                  0.23    0.00    3.44 ^ _08765_/A2 (sky130_fd_sc_hd__a21o_1)
                  0.15    0.25    3.69 ^ _08765_/X (sky130_fd_sc_hd__a21o_1)
     3    0.02                           _03263_ (net)
                  0.15    0.00    3.69 ^ _08819_/A1 (sky130_fd_sc_hd__a311oi_4)
                  0.10    0.13    3.82 v _08819_/Y (sky130_fd_sc_hd__a311oi_4)
     3    0.01                           _03315_ (net)
                  0.10    0.00    3.82 v _08897_/A1 (sky130_fd_sc_hd__o31a_2)
                  0.09    0.44    4.25 v _08897_/X (sky130_fd_sc_hd__o31a_2)
     4    0.02                           _03391_ (net)
                  0.09    0.00    4.25 v _09012_/A1 (sky130_fd_sc_hd__o31a_2)
                  0.10    0.44    4.69 v _09012_/X (sky130_fd_sc_hd__o31a_2)
     4    0.02                           _03502_ (net)
                  0.10    0.00    4.69 v _09126_/A1 (sky130_fd_sc_hd__o31a_1)
                  0.11    0.40    5.09 v _09126_/X (sky130_fd_sc_hd__o31a_1)
     3    0.02                           _03612_ (net)
                  0.11    0.00    5.09 v _09243_/A1 (sky130_fd_sc_hd__o31a_2)
                  0.11    0.46    5.56 v _09243_/X (sky130_fd_sc_hd__o31a_2)
     4    0.03                           _03725_ (net)
                  0.11    0.00    5.56 v _09361_/A1 (sky130_fd_sc_hd__o31a_1)
                  0.12    0.41    5.97 v _09361_/X (sky130_fd_sc_hd__o31a_1)
     4    0.02                           _03839_ (net)
                  0.12    0.00    5.97 v _09362_/B (sky130_fd_sc_hd__or2_1)
                  0.10    0.30    6.28 v _09362_/X (sky130_fd_sc_hd__or2_1)
     4    0.01                           _03840_ (net)
                  0.10    0.00    6.28 v _09418_/A1 (sky130_fd_sc_hd__a211o_1)
                  0.08    0.32    6.60 v _09418_/X (sky130_fd_sc_hd__a211o_1)
     3    0.01                           _03894_ (net)
                  0.08    0.00    6.60 v _09447_/B (sky130_fd_sc_hd__and3_1)
                  0.04    0.19    6.78 v _09447_/X (sky130_fd_sc_hd__and3_1)
     1    0.00                           _03922_ (net)
                  0.04    0.00    6.78 v _09450_/A2 (sky130_fd_sc_hd__o311a_1)
                  0.05    0.33    7.12 v _09450_/X (sky130_fd_sc_hd__o311a_1)
     1    0.00                           _00250_ (net)
                  0.05    0.00    7.12 v _13704_/D (sky130_fd_sc_hd__dfxtp_4)
                                  7.12   data arrival time

                         10.00   10.00   clock clk (rise edge)
                          0.00   10.00   clock source latency
                  0.24    0.16   10.16 ^ clk (in)
     1    0.05                           clk (net)
                  0.24    0.00   10.16 ^ clkbuf_0_clk/A (sky130_fd_sc_hd__clkbuf_16)
                  0.27    0.34   10.50 ^ clkbuf_0_clk/X (sky130_fd_sc_hd__clkbuf_16)
    16    0.26                           clknet_0_clk (net)
                  0.27    0.01   10.51 ^ clkbuf_4_7_0_clk/A (sky130_fd_sc_hd__clkbuf_8)
                  0.23    0.32   10.82 ^ clkbuf_4_7_0_clk/X (sky130_fd_sc_hd__clkbuf_8)
    10    0.13                           clknet_4_7_0_clk (net)
                  0.23    0.01   10.83 ^ clkbuf_leaf_83_clk/A (sky130_fd_sc_hd__clkbuf_16)
                  0.07    0.20   11.03 ^ clkbuf_leaf_83_clk/X (sky130_fd_sc_hd__clkbuf_16)
    16    0.05                           clknet_leaf_83_clk (net)
                  0.07    0.00   11.03 ^ _13704_/CLK (sky130_fd_sc_hd__dfxtp_4)
                         -0.25   10.78   clock uncertainty
                          0.05   10.84   clock reconvergence pessimism
                         -0.11   10.73   library setup time
                                 10.73   data required time
-----------------------------------------------------------------------------
                                 10.73   data required time
                                 -7.12   data arrival time
-----------------------------------------------------------------------------
                                  3.61   slack (MET)


