
===========================================================================
report_checks -unconstrained
============================================================================
Startpoint: _13684_ (rising edge-triggered flip-flop clocked by clk)
Endpoint: _13708_ (rising edge-triggered flip-flop clocked by clk)
Path Group: clk
Path Type: max

Fanout     Cap    Slew   Delay    Time   Description
-----------------------------------------------------------------------------
                  0.15    0.00    0.00   clock clk (rise edge)
                          0.00    0.00   clock network delay (ideal)
                  0.15    0.00    0.00 ^ _13684_/CLK (sky130_fd_sc_hd__dfxtp_2)
                  0.22    0.51    0.51 ^ _13684_/Q (sky130_fd_sc_hd__dfxtp_2)
     6    0.04                           sha256cu.m_out_digest.e_in[7] (net)
                  0.22    0.00    0.51 ^ _07641_/S (sky130_fd_sc_hd__mux2_2)
                  0.08    0.43    0.93 v _07641_/X (sky130_fd_sc_hd__mux2_2)
     4    0.01                           _02264_ (net)
                  0.08    0.00    0.93 v _08851_/B (sky130_fd_sc_hd__or2_2)
                  0.07    0.31    1.25 v _08851_/X (sky130_fd_sc_hd__or2_2)
     2    0.01                           _03346_ (net)
                  0.07    0.00    1.25 v _08852_/B (sky130_fd_sc_hd__nand2_2)
                  0.07    0.09    1.34 ^ _08852_/Y (sky130_fd_sc_hd__nand2_2)
     1    0.01                           _03347_ (net)
                  0.07    0.00    1.34 ^ _08853_/B (sky130_fd_sc_hd__xor2_2)
                  0.20    0.21    1.55 ^ _08853_/X (sky130_fd_sc_hd__xor2_2)
     2    0.01                           _03348_ (net)
                  0.20    0.00    1.55 ^ _08860_/A (sky130_fd_sc_hd__xor2_2)
                  0.07    0.11    1.66 v _08860_/X (sky130_fd_sc_hd__xor2_2)
     2    0.01                           _03355_ (net)
                  0.07    0.00    1.66 v _08862_/C (sky130_fd_sc_hd__or3_2)
                  0.07    0.42    2.08 v _08862_/X (sky130_fd_sc_hd__or3_2)
     1    0.00                           _03357_ (net)
                  0.07    0.00    2.08 v _08863_/B (sky130_fd_sc_hd__and2_2)
                  0.06    0.24    2.32 v _08863_/X (sky130_fd_sc_hd__and2_2)
     2    0.01                           _03358_ (net)
                  0.06    0.00    2.32 v _08864_/B (sky130_fd_sc_hd__xnor2_2)
                  0.05    0.14    2.46 v _08864_/Y (sky130_fd_sc_hd__xnor2_2)
     2    0.01                           _03359_ (net)
                  0.05    0.00    2.46 v _08865_/C (sky130_fd_sc_hd__and3_2)
                  0.04    0.22    2.68 v _08865_/X (sky130_fd_sc_hd__and3_2)
     2    0.00                           _03360_ (net)
                  0.04    0.00    2.68 v _08867_/A (sky130_fd_sc_hd__or2b_2)
                  0.08    0.33    3.01 v _08867_/X (sky130_fd_sc_hd__or2b_2)
     2    0.01                           _03362_ (net)
                  0.08    0.00    3.01 v _08897_/A3 (sky130_fd_sc_hd__o31a_2)
                  0.09    0.37    3.38 v _08897_/X (sky130_fd_sc_hd__o31a_2)
     4    0.02                           _03391_ (net)
                  0.09    0.00    3.38 v _09012_/A1 (sky130_fd_sc_hd__o31a_2)
                  0.09    0.43    3.81 v _09012_/X (sky130_fd_sc_hd__o31a_2)
     4    0.02                           _03502_ (net)
                  0.09    0.00    3.81 v _09126_/A1 (sky130_fd_sc_hd__o31a_2)
                  0.09    0.43    4.24 v _09126_/X (sky130_fd_sc_hd__o31a_2)
     3    0.02                           _03612_ (net)
                  0.09    0.00    4.24 v _09243_/A1 (sky130_fd_sc_hd__o31a_2)
                  0.11    0.45    4.69 v _09243_/X (sky130_fd_sc_hd__o31a_2)
     4    0.03                           _03725_ (net)
                  0.11    0.00    4.69 v _09361_/A1 (sky130_fd_sc_hd__o31a_2)
                  0.08    0.43    5.12 v _09361_/X (sky130_fd_sc_hd__o31a_2)
     4    0.02                           _03839_ (net)
                  0.08    0.00    5.12 v _09453_/A1 (sky130_fd_sc_hd__o31a_2)
                  0.06    0.38    5.50 v _09453_/X (sky130_fd_sc_hd__o31a_2)
     2    0.01                           _03927_ (net)
                  0.06    0.00    5.50 v _09480_/A1 (sky130_fd_sc_hd__a21o_2)
                  0.06    0.24    5.74 v _09480_/X (sky130_fd_sc_hd__a21o_2)
     5    0.02                           _03954_ (net)
                  0.06    0.00    5.74 v _09535_/A1 (sky130_fd_sc_hd__a211o_2)
                  0.07    0.34    6.07 v _09535_/X (sky130_fd_sc_hd__a211o_2)
     3    0.01                           _04007_ (net)
                  0.07    0.00    6.07 v _09552_/B (sky130_fd_sc_hd__and3_2)
                  0.04    0.20    6.28 v _09552_/X (sky130_fd_sc_hd__and3_2)
     1    0.00                           _04023_ (net)
                  0.04    0.00    6.28 v _09555_/A2 (sky130_fd_sc_hd__o311a_2)
                  0.05    0.37    6.65 v _09555_/X (sky130_fd_sc_hd__o311a_2)
     1    0.00                           _00254_ (net)
                  0.05    0.00    6.65 v _13708_/D (sky130_fd_sc_hd__dfxtp_2)
                                  6.65   data arrival time

                  0.15   10.00   10.00   clock clk (rise edge)
                          0.00   10.00   clock network delay (ideal)
                         -0.25    9.75   clock uncertainty
                          0.00    9.75   clock reconvergence pessimism
                                  9.75 ^ _13708_/CLK (sky130_fd_sc_hd__dfxtp_2)
                         -0.09    9.66   library setup time
                                  9.66   data required time
-----------------------------------------------------------------------------
                                  9.66   data required time
                                 -6.65   data arrival time
-----------------------------------------------------------------------------
                                  3.01   slack (MET)



===========================================================================
report_checks --slack_max -0.01
============================================================================
No paths found.
