
===========================================================================
report_checks -path_delay min (Hold)
============================================================================
Startpoint: _13535_ (rising edge-triggered flip-flop clocked by clk)
Endpoint: _13537_ (rising edge-triggered flip-flop clocked by clk)
Path Group: clk
Path Type: min

Fanout     Cap    Slew   Delay    Time   Description
-----------------------------------------------------------------------------
                  0.15    0.00    0.00   clock clk (rise edge)
                          0.00    0.00   clock network delay (ideal)
                  0.15    0.00    0.00 ^ _13535_/CLK (sky130_fd_sc_hd__dfxtp_1)
                  0.04    0.32    0.32 v _13535_/Q (sky130_fd_sc_hd__dfxtp_1)
     2    0.01                           state[0] (net)
                  0.04    0.00    0.32 v _06865_/A (sky130_fd_sc_hd__inv_2)
                  0.02    0.04    0.36 ^ _06865_/Y (sky130_fd_sc_hd__inv_2)
     1    0.00                           _01562_ (net)
                  0.02    0.00    0.36 ^ _06867_/A1 (sky130_fd_sc_hd__a21oi_1)
                  0.03    0.04    0.40 v _06867_/Y (sky130_fd_sc_hd__a21oi_1)
     1    0.00                           _00034_ (net)
                  0.03    0.00    0.40 v _13537_/D (sky130_fd_sc_hd__dfxtp_1)
                                  0.40   data arrival time

                  0.15    0.00    0.00   clock clk (rise edge)
                          0.00    0.00   clock network delay (ideal)
                          0.25    0.25   clock uncertainty
                          0.00    0.25   clock reconvergence pessimism
                                  0.25 ^ _13537_/CLK (sky130_fd_sc_hd__dfxtp_1)
                         -0.03    0.22   library hold time
                                  0.22   data required time
-----------------------------------------------------------------------------
                                  0.22   data required time
                                 -0.40   data arrival time
-----------------------------------------------------------------------------
                                  0.18   slack (MET)


Startpoint: _14438_ (rising edge-triggered flip-flop clocked by clk)
Endpoint: _14438_ (rising edge-triggered flip-flop clocked by clk)
Path Group: clk
Path Type: min

Fanout     Cap    Slew   Delay    Time   Description
-----------------------------------------------------------------------------
                  0.15    0.00    0.00   clock clk (rise edge)
                          0.00    0.00   clock network delay (ideal)
                  0.15    0.00    0.00 ^ _14438_/CLK (sky130_fd_sc_hd__dfxtp_1)
                  0.07    0.34    0.34 ^ _14438_/Q (sky130_fd_sc_hd__dfxtp_1)
     2    0.01                           sha256cu.m_pad_pars.block_512[1][7] (net)
                  0.07    0.00    0.34 ^ _12381_/B1 (sky130_fd_sc_hd__a21o_1)
                  0.03    0.07    0.41 ^ _12381_/X (sky130_fd_sc_hd__a21o_1)
     1    0.00                           _00952_ (net)
                  0.03    0.00    0.41 ^ _14438_/D (sky130_fd_sc_hd__dfxtp_1)
                                  0.41   data arrival time

                  0.15    0.00    0.00   clock clk (rise edge)
                          0.00    0.00   clock network delay (ideal)
                          0.25    0.25   clock uncertainty
                          0.00    0.25   clock reconvergence pessimism
                                  0.25 ^ _14438_/CLK (sky130_fd_sc_hd__dfxtp_1)
                         -0.01    0.24   library hold time
                                  0.24   data required time
-----------------------------------------------------------------------------
                                  0.24   data required time
                                 -0.41   data arrival time
-----------------------------------------------------------------------------
                                  0.18   slack (MET)


Startpoint: _13544_ (rising edge-triggered flip-flop clocked by clk)
Endpoint: _13544_ (rising edge-triggered flip-flop clocked by clk)
Path Group: clk
Path Type: min

Fanout     Cap    Slew   Delay    Time   Description
-----------------------------------------------------------------------------
                  0.15    0.00    0.00   clock clk (rise edge)
                          0.00    0.00   clock network delay (ideal)
                  0.15    0.00    0.00 ^ _13544_/CLK (sky130_fd_sc_hd__dfxtp_1)
                  0.07    0.34    0.34 ^ _13544_/Q (sky130_fd_sc_hd__dfxtp_1)
     2    0.01                           sha256cu.iter_processing.temp_if (net)
                  0.07    0.00    0.34 ^ _07373_/B1 (sky130_fd_sc_hd__a31o_1)
                  0.04    0.08    0.42 ^ _07373_/X (sky130_fd_sc_hd__a31o_1)
     1    0.00                           _00090_ (net)
                  0.04    0.00    0.42 ^ _13544_/D (sky130_fd_sc_hd__dfxtp_1)
                                  0.42   data arrival time

                  0.15    0.00    0.00   clock clk (rise edge)
                          0.00    0.00   clock network delay (ideal)
                          0.25    0.25   clock uncertainty
                          0.00    0.25   clock reconvergence pessimism
                                  0.25 ^ _13544_/CLK (sky130_fd_sc_hd__dfxtp_1)
                         -0.02    0.23   library hold time
                                  0.23   data required time
-----------------------------------------------------------------------------
                                  0.23   data required time
                                 -0.42   data arrival time
-----------------------------------------------------------------------------
                                  0.19   slack (MET)


Startpoint: _14430_ (rising edge-triggered flip-flop clocked by clk)
Endpoint: _14430_ (rising edge-triggered flip-flop clocked by clk)
Path Group: clk
Path Type: min

Fanout     Cap    Slew   Delay    Time   Description
-----------------------------------------------------------------------------
                  0.15    0.00    0.00   clock clk (rise edge)
                          0.00    0.00   clock network delay (ideal)
                  0.15    0.00    0.00 ^ _14430_/CLK (sky130_fd_sc_hd__dfxtp_1)
                  0.07    0.34    0.34 ^ _14430_/Q (sky130_fd_sc_hd__dfxtp_1)
     2    0.01                           sha256cu.m_pad_pars.block_512[0][7] (net)
                  0.07    0.00    0.34 ^ _12365_/B1 (sky130_fd_sc_hd__a31o_1)
                  0.04    0.08    0.42 ^ _12365_/X (sky130_fd_sc_hd__a31o_1)
     1    0.00                           _00944_ (net)
                  0.04    0.00    0.42 ^ _14430_/D (sky130_fd_sc_hd__dfxtp_1)
                                  0.42   data arrival time

                  0.15    0.00    0.00   clock clk (rise edge)
                          0.00    0.00   clock network delay (ideal)
                          0.25    0.25   clock uncertainty
                          0.00    0.25   clock reconvergence pessimism
                                  0.25 ^ _14430_/CLK (sky130_fd_sc_hd__dfxtp_1)
                         -0.02    0.23   library hold time
                                  0.23   data required time
-----------------------------------------------------------------------------
                                  0.23   data required time
                                 -0.42   data arrival time
-----------------------------------------------------------------------------
                                  0.19   slack (MET)


Startpoint: _14446_ (rising edge-triggered flip-flop clocked by clk)
Endpoint: _14446_ (rising edge-triggered flip-flop clocked by clk)
Path Group: clk
Path Type: min

Fanout     Cap    Slew   Delay    Time   Description
-----------------------------------------------------------------------------
                  0.15    0.00    0.00   clock clk (rise edge)
                          0.00    0.00   clock network delay (ideal)
                  0.15    0.00    0.00 ^ _14446_/CLK (sky130_fd_sc_hd__dfxtp_1)
                  0.04    0.32    0.32 v _14446_/Q (sky130_fd_sc_hd__dfxtp_1)
     2    0.00                           sha256cu.m_pad_pars.block_512[2][7] (net)
                  0.04    0.00    0.32 v _12397_/B (sky130_fd_sc_hd__nor2_1)
                  0.08    0.08    0.40 ^ _12397_/Y (sky130_fd_sc_hd__nor2_1)
     1    0.00                           _06168_ (net)
                  0.08    0.00    0.40 ^ _12398_/B1 (sky130_fd_sc_hd__a21oi_1)
                  0.03    0.04    0.44 v _12398_/Y (sky130_fd_sc_hd__a21oi_1)
     1    0.00                           _00960_ (net)
                  0.03    0.00    0.44 v _14446_/D (sky130_fd_sc_hd__dfxtp_1)
                                  0.44   data arrival time

                  0.15    0.00    0.00   clock clk (rise edge)
                          0.00    0.00   clock network delay (ideal)
                          0.25    0.25   clock uncertainty
                          0.00    0.25   clock reconvergence pessimism
                                  0.25 ^ _14446_/CLK (sky130_fd_sc_hd__dfxtp_1)
                         -0.02    0.23   library hold time
                                  0.23   data required time
-----------------------------------------------------------------------------
                                  0.23   data required time
                                 -0.44   data arrival time
-----------------------------------------------------------------------------
                                  0.21   slack (MET)


