
===========================================================================
report_checks -path_delay max (Setup)
============================================================================
Startpoint: _13680_ (rising edge-triggered flip-flop clocked by clk)
Endpoint: _13708_ (rising edge-triggered flip-flop clocked by clk)
Path Group: clk
Path Type: max

Fanout     Cap    Slew   Delay    Time   Description
-----------------------------------------------------------------------------
                  0.15    0.00    0.00   clock clk (rise edge)
                          0.00    0.00   clock network delay (ideal)
                  0.15    0.00    0.00 ^ _13680_/CLK (sky130_fd_sc_hd__dfxtp_2)
                  0.17    0.47    0.47 ^ _13680_/Q (sky130_fd_sc_hd__dfxtp_2)
     6    0.03                           sha256cu.m_out_digest.e_in[3] (net)
                  0.17    0.00    0.47 ^ _07493_/S (sky130_fd_sc_hd__mux2_1)
                  0.09    0.41    0.88 v _07493_/X (sky130_fd_sc_hd__mux2_1)
     4    0.01                           _02120_ (net)
                  0.09    0.00    0.88 v _08743_/B (sky130_fd_sc_hd__or2_1)
                  0.06    0.25    1.13 v _08743_/X (sky130_fd_sc_hd__or2_1)
     2    0.00                           _03242_ (net)
                  0.06    0.00    1.13 v _08744_/B (sky130_fd_sc_hd__nand2_1)
                  0.06    0.09    1.22 ^ _08744_/Y (sky130_fd_sc_hd__nand2_1)
     1    0.01                           _03243_ (net)
                  0.06    0.00    1.22 ^ _08745_/B (sky130_fd_sc_hd__xor2_1)
                  0.20    0.21    1.43 ^ _08745_/X (sky130_fd_sc_hd__xor2_1)
     2    0.01                           _03244_ (net)
                  0.20    0.00    1.43 ^ _08752_/A (sky130_fd_sc_hd__xor2_1)
                  0.19    0.23    1.66 ^ _08752_/X (sky130_fd_sc_hd__xor2_1)
     2    0.01                           _03251_ (net)
                  0.19    0.00    1.66 ^ _08755_/A (sky130_fd_sc_hd__xnor2_1)
                  0.27    0.21    1.87 ^ _08755_/Y (sky130_fd_sc_hd__xnor2_1)
     2    0.01                           _03254_ (net)
                  0.27    0.00    1.87 ^ _08756_/B (sky130_fd_sc_hd__xnor2_1)
                  0.22    0.20    2.07 ^ _08756_/Y (sky130_fd_sc_hd__xnor2_1)
     2    0.01                           _03255_ (net)
                  0.22    0.00    2.07 ^ _08759_/A (sky130_fd_sc_hd__xor2_1)
                  0.22    0.25    2.32 ^ _08759_/X (sky130_fd_sc_hd__xor2_1)
     3    0.01                           _03258_ (net)
                  0.22    0.00    2.32 ^ _08765_/A2 (sky130_fd_sc_hd__a21o_1)
                  0.13    0.23    2.55 ^ _08765_/X (sky130_fd_sc_hd__a21o_1)
     3    0.01                           _03263_ (net)
                  0.13    0.00    2.55 ^ _08819_/A1 (sky130_fd_sc_hd__a311oi_4)
                  0.10    0.12    2.67 v _08819_/Y (sky130_fd_sc_hd__a311oi_4)
     3    0.01                           _03315_ (net)
                  0.10    0.00    2.67 v _08897_/A1 (sky130_fd_sc_hd__o31a_1)
                  0.10    0.39    3.06 v _08897_/X (sky130_fd_sc_hd__o31a_1)
     4    0.02                           _03391_ (net)
                  0.10    0.00    3.06 v _09012_/A1 (sky130_fd_sc_hd__o31a_1)
                  0.10    0.39    3.45 v _09012_/X (sky130_fd_sc_hd__o31a_1)
     4    0.02                           _03502_ (net)
                  0.10    0.00    3.45 v _09126_/A1 (sky130_fd_sc_hd__o31a_1)
                  0.10    0.39    3.84 v _09126_/X (sky130_fd_sc_hd__o31a_1)
     3    0.01                           _03612_ (net)
                  0.10    0.00    3.84 v _09243_/A1 (sky130_fd_sc_hd__o31a_2)
                  0.09    0.44    4.27 v _09243_/X (sky130_fd_sc_hd__o31a_2)
     4    0.02                           _03725_ (net)
                  0.09    0.00    4.28 v _09361_/A1 (sky130_fd_sc_hd__o31a_1)
                  0.09    0.38    4.65 v _09361_/X (sky130_fd_sc_hd__o31a_1)
     4    0.01                           _03839_ (net)
                  0.09    0.00    4.65 v _09453_/A1 (sky130_fd_sc_hd__o31a_1)
                  0.06    0.33    4.99 v _09453_/X (sky130_fd_sc_hd__o31a_1)
     2    0.01                           _03927_ (net)
                  0.06    0.00    4.99 v _09480_/A1 (sky130_fd_sc_hd__a21o_1)
                  0.08    0.21    5.20 v _09480_/X (sky130_fd_sc_hd__a21o_1)
     5    0.01                           _03954_ (net)
                  0.08    0.00    5.20 v _09535_/A1 (sky130_fd_sc_hd__a211o_1)
                  0.07    0.30    5.50 v _09535_/X (sky130_fd_sc_hd__a211o_1)
     3    0.01                           _04007_ (net)
                  0.07    0.00    5.50 v _09552_/B (sky130_fd_sc_hd__and3_1)
                  0.04    0.18    5.68 v _09552_/X (sky130_fd_sc_hd__and3_1)
     1    0.00                           _04023_ (net)
                  0.04    0.00    5.68 v _09555_/A2 (sky130_fd_sc_hd__o311a_1)
                  0.05    0.33    6.00 v _09555_/X (sky130_fd_sc_hd__o311a_1)
     1    0.00                           _00254_ (net)
                  0.05    0.00    6.00 v _13708_/D (sky130_fd_sc_hd__dfxtp_4)
                                  6.00   data arrival time

                  0.15   10.00   10.00   clock clk (rise edge)
                          0.00   10.00   clock network delay (ideal)
                         -0.25    9.75   clock uncertainty
                          0.00    9.75   clock reconvergence pessimism
                                  9.75 ^ _13708_/CLK (sky130_fd_sc_hd__dfxtp_4)
                         -0.09    9.66   library setup time
                                  9.66   data required time
-----------------------------------------------------------------------------
                                  9.66   data required time
                                 -6.00   data arrival time
-----------------------------------------------------------------------------
                                  3.66   slack (MET)


Startpoint: hash[31] (input port clocked by clk)
Endpoint: _13530_ (rising edge-triggered flip-flop clocked by clk)
Path Group: clk
Path Type: max

Fanout     Cap    Slew   Delay    Time   Description
-----------------------------------------------------------------------------
                  0.15    0.00    0.00   clock clk (rise edge)
                          0.00    0.00   clock network delay (ideal)
                          2.00    2.00 v input external delay
                  0.01    0.00    2.00 v hash[31] (in)
     1    0.00                           hash[31] (net)
                  0.01    0.00    2.00 v input181/A (sky130_fd_sc_hd__clkbuf_2)
                  0.10    0.16    2.16 v input181/X (sky130_fd_sc_hd__clkbuf_2)
     1    0.03                           net181 (net)
                  0.10    0.00    2.16 v _06789_/B (sky130_fd_sc_hd__or4_2)
                  0.15    0.78    2.94 v _06789_/X (sky130_fd_sc_hd__or4_2)
     1    0.02                           _01487_ (net)
                  0.15    0.00    2.94 v _06793_/A (sky130_fd_sc_hd__or4_2)
                  0.15    0.81    3.75 v _06793_/X (sky130_fd_sc_hd__or4_2)
     1    0.02                           _01491_ (net)
                  0.15    0.00    3.75 v _06804_/B (sky130_fd_sc_hd__or4_1)
                  0.08    0.55    4.30 v _06804_/X (sky130_fd_sc_hd__or4_1)
     1    0.00                           _01502_ (net)
                  0.08    0.00    4.30 v _06805_/D (sky130_fd_sc_hd__or4_1)
                  0.08    0.42    4.71 v _06805_/X (sky130_fd_sc_hd__or4_1)
     1    0.00                           _01503_ (net)
                  0.08    0.00    4.71 v _06862_/A (sky130_fd_sc_hd__nor4_1)
                  0.43    0.47    5.18 ^ _06862_/Y (sky130_fd_sc_hd__nor4_1)
     2    0.01                           _01560_ (net)
                  0.43    0.00    5.18 ^ _06863_/A_N (sky130_fd_sc_hd__and2b_1)
                  0.04    0.26    5.44 v _06863_/X (sky130_fd_sc_hd__and2b_1)
     2    0.01                           _01561_ (net)
                  0.04    0.00    5.44 v _06866_/B (sky130_fd_sc_hd__nand2_1)
                  0.06    0.08    5.52 ^ _06866_/Y (sky130_fd_sc_hd__nand2_1)
     2    0.01                           _01563_ (net)
                  0.06    0.00    5.52 ^ _07249_/C (sky130_fd_sc_hd__or3_1)
                  0.06    0.12    5.63 ^ _07249_/X (sky130_fd_sc_hd__or3_1)
     2    0.01                           _01906_ (net)
                  0.06    0.00    5.63 ^ _07289_/B_N (sky130_fd_sc_hd__or2b_1)
                  0.04    0.23    5.86 v _07289_/X (sky130_fd_sc_hd__or2b_1)
     1    0.00                           _01934_ (net)
                  0.04    0.00    5.86 v _07290_/A (sky130_fd_sc_hd__clkbuf_1)
                  0.02    0.09    5.95 v _07290_/X (sky130_fd_sc_hd__clkbuf_1)
     1    0.00                           _00080_ (net)
                  0.02    0.00    5.95 v _13530_/D (sky130_fd_sc_hd__dfxtp_2)
                                  5.95   data arrival time

                  0.15   10.00   10.00   clock clk (rise edge)
                          0.00   10.00   clock network delay (ideal)
                         -0.25    9.75   clock uncertainty
                          0.00    9.75   clock reconvergence pessimism
                                  9.75 ^ _13530_/CLK (sky130_fd_sc_hd__dfxtp_2)
                         -0.08    9.67   library setup time
                                  9.67   data required time
-----------------------------------------------------------------------------
                                  9.67   data required time
                                 -5.95   data arrival time
-----------------------------------------------------------------------------
                                  3.73   slack (MET)


Startpoint: hash[31] (input port clocked by clk)
Endpoint: _13518_ (rising edge-triggered flip-flop clocked by clk)
Path Group: clk
Path Type: max

Fanout     Cap    Slew   Delay    Time   Description
-----------------------------------------------------------------------------
                  0.15    0.00    0.00   clock clk (rise edge)
                          0.00    0.00   clock network delay (ideal)
                          2.00    2.00 v input external delay
                  0.01    0.00    2.00 v hash[31] (in)
     1    0.00                           hash[31] (net)
                  0.01    0.00    2.00 v input181/A (sky130_fd_sc_hd__clkbuf_2)
                  0.10    0.16    2.16 v input181/X (sky130_fd_sc_hd__clkbuf_2)
     1    0.03                           net181 (net)
                  0.10    0.00    2.16 v _06789_/B (sky130_fd_sc_hd__or4_2)
                  0.15    0.78    2.94 v _06789_/X (sky130_fd_sc_hd__or4_2)
     1    0.02                           _01487_ (net)
                  0.15    0.00    2.94 v _06793_/A (sky130_fd_sc_hd__or4_2)
                  0.15    0.81    3.75 v _06793_/X (sky130_fd_sc_hd__or4_2)
     1    0.02                           _01491_ (net)
                  0.15    0.00    3.75 v _06804_/B (sky130_fd_sc_hd__or4_1)
                  0.08    0.55    4.30 v _06804_/X (sky130_fd_sc_hd__or4_1)
     1    0.00                           _01502_ (net)
                  0.08    0.00    4.30 v _06805_/D (sky130_fd_sc_hd__or4_1)
                  0.08    0.42    4.71 v _06805_/X (sky130_fd_sc_hd__or4_1)
     1    0.00                           _01503_ (net)
                  0.08    0.00    4.71 v _06862_/A (sky130_fd_sc_hd__nor4_1)
                  0.43    0.47    5.18 ^ _06862_/Y (sky130_fd_sc_hd__nor4_1)
     2    0.01                           _01560_ (net)
                  0.43    0.00    5.18 ^ _06863_/A_N (sky130_fd_sc_hd__and2b_1)
                  0.04    0.26    5.44 v _06863_/X (sky130_fd_sc_hd__and2b_1)
     2    0.01                           _01561_ (net)
                  0.04    0.00    5.44 v _06866_/B (sky130_fd_sc_hd__nand2_1)
                  0.06    0.08    5.52 ^ _06866_/Y (sky130_fd_sc_hd__nand2_1)
     2    0.01                           _01563_ (net)
                  0.06    0.00    5.52 ^ _07249_/C (sky130_fd_sc_hd__or3_1)
                  0.06    0.12    5.63 ^ _07249_/X (sky130_fd_sc_hd__or3_1)
     2    0.01                           _01906_ (net)
                  0.06    0.00    5.63 ^ _07250_/B (sky130_fd_sc_hd__and2_1)
                  0.05    0.12    5.75 ^ _07250_/X (sky130_fd_sc_hd__and2_1)
     1    0.00                           _01907_ (net)
                  0.05    0.00    5.75 ^ _07251_/A (sky130_fd_sc_hd__clkbuf_1)
                  0.04    0.08    5.84 ^ _07251_/X (sky130_fd_sc_hd__clkbuf_1)
     1    0.00                           _00068_ (net)
                  0.04    0.00    5.84 ^ _13518_/D (sky130_fd_sc_hd__dfxtp_1)
                                  5.84   data arrival time

                  0.15   10.00   10.00   clock clk (rise edge)
                          0.00   10.00   clock network delay (ideal)
                         -0.25    9.75   clock uncertainty
                          0.00    9.75   clock reconvergence pessimism
                                  9.75 ^ _13518_/CLK (sky130_fd_sc_hd__dfxtp_1)
                         -0.04    9.71   library setup time
                                  9.71   data required time
-----------------------------------------------------------------------------
                                  9.71   data required time
                                 -5.84   data arrival time
-----------------------------------------------------------------------------
                                  3.88   slack (MET)


Startpoint: _13680_ (rising edge-triggered flip-flop clocked by clk)
Endpoint: _13707_ (rising edge-triggered flip-flop clocked by clk)
Path Group: clk
Path Type: max

Fanout     Cap    Slew   Delay    Time   Description
-----------------------------------------------------------------------------
                  0.15    0.00    0.00   clock clk (rise edge)
                          0.00    0.00   clock network delay (ideal)
                  0.15    0.00    0.00 ^ _13680_/CLK (sky130_fd_sc_hd__dfxtp_2)
                  0.17    0.47    0.47 ^ _13680_/Q (sky130_fd_sc_hd__dfxtp_2)
     6    0.03                           sha256cu.m_out_digest.e_in[3] (net)
                  0.17    0.00    0.47 ^ _07493_/S (sky130_fd_sc_hd__mux2_1)
                  0.09    0.41    0.88 v _07493_/X (sky130_fd_sc_hd__mux2_1)
     4    0.01                           _02120_ (net)
                  0.09    0.00    0.88 v _08743_/B (sky130_fd_sc_hd__or2_1)
                  0.06    0.25    1.13 v _08743_/X (sky130_fd_sc_hd__or2_1)
     2    0.00                           _03242_ (net)
                  0.06    0.00    1.13 v _08744_/B (sky130_fd_sc_hd__nand2_1)
                  0.06    0.09    1.22 ^ _08744_/Y (sky130_fd_sc_hd__nand2_1)
     1    0.01                           _03243_ (net)
                  0.06    0.00    1.22 ^ _08745_/B (sky130_fd_sc_hd__xor2_1)
                  0.20    0.21    1.43 ^ _08745_/X (sky130_fd_sc_hd__xor2_1)
     2    0.01                           _03244_ (net)
                  0.20    0.00    1.43 ^ _08752_/A (sky130_fd_sc_hd__xor2_1)
                  0.19    0.23    1.66 ^ _08752_/X (sky130_fd_sc_hd__xor2_1)
     2    0.01                           _03251_ (net)
                  0.19    0.00    1.66 ^ _08755_/A (sky130_fd_sc_hd__xnor2_1)
                  0.27    0.21    1.87 ^ _08755_/Y (sky130_fd_sc_hd__xnor2_1)
     2    0.01                           _03254_ (net)
                  0.27    0.00    1.87 ^ _08756_/B (sky130_fd_sc_hd__xnor2_1)
                  0.22    0.20    2.07 ^ _08756_/Y (sky130_fd_sc_hd__xnor2_1)
     2    0.01                           _03255_ (net)
                  0.22    0.00    2.07 ^ _08759_/A (sky130_fd_sc_hd__xor2_1)
                  0.22    0.25    2.32 ^ _08759_/X (sky130_fd_sc_hd__xor2_1)
     3    0.01                           _03258_ (net)
                  0.22    0.00    2.32 ^ _08765_/A2 (sky130_fd_sc_hd__a21o_1)
                  0.13    0.23    2.55 ^ _08765_/X (sky130_fd_sc_hd__a21o_1)
     3    0.01                           _03263_ (net)
                  0.13    0.00    2.55 ^ _08819_/A1 (sky130_fd_sc_hd__a311oi_4)
                  0.10    0.12    2.67 v _08819_/Y (sky130_fd_sc_hd__a311oi_4)
     3    0.01                           _03315_ (net)
                  0.10    0.00    2.67 v _08897_/A1 (sky130_fd_sc_hd__o31a_1)
                  0.10    0.39    3.06 v _08897_/X (sky130_fd_sc_hd__o31a_1)
     4    0.02                           _03391_ (net)
                  0.10    0.00    3.06 v _09012_/A1 (sky130_fd_sc_hd__o31a_1)
                  0.10    0.39    3.45 v _09012_/X (sky130_fd_sc_hd__o31a_1)
     4    0.02                           _03502_ (net)
                  0.10    0.00    3.45 v _09126_/A1 (sky130_fd_sc_hd__o31a_1)
                  0.10    0.39    3.84 v _09126_/X (sky130_fd_sc_hd__o31a_1)
     3    0.01                           _03612_ (net)
                  0.10    0.00    3.84 v _09243_/A1 (sky130_fd_sc_hd__o31a_2)
                  0.09    0.44    4.27 v _09243_/X (sky130_fd_sc_hd__o31a_2)
     4    0.02                           _03725_ (net)
                  0.09    0.00    4.28 v _09361_/A1 (sky130_fd_sc_hd__o31a_1)
                  0.09    0.38    4.65 v _09361_/X (sky130_fd_sc_hd__o31a_1)
     4    0.01                           _03839_ (net)
                  0.09    0.00    4.65 v _09453_/A1 (sky130_fd_sc_hd__o31a_1)
                  0.06    0.33    4.99 v _09453_/X (sky130_fd_sc_hd__o31a_1)
     2    0.01                           _03927_ (net)
                  0.06    0.00    4.99 v _09480_/A1 (sky130_fd_sc_hd__a21o_1)
                  0.08    0.21    5.20 v _09480_/X (sky130_fd_sc_hd__a21o_1)
     5    0.01                           _03954_ (net)
                  0.08    0.00    5.20 v _09535_/A1 (sky130_fd_sc_hd__a211o_1)
                  0.07    0.30    5.50 v _09535_/X (sky130_fd_sc_hd__a211o_1)
     3    0.01                           _04007_ (net)
                  0.07    0.00    5.50 v _09539_/A1 (sky130_fd_sc_hd__a211o_1)
                  0.04    0.26    5.76 v _09539_/X (sky130_fd_sc_hd__a211o_1)
     1    0.00                           _00253_ (net)
                  0.04    0.00    5.76 v _13707_/D (sky130_fd_sc_hd__dfxtp_4)
                                  5.76   data arrival time

                  0.15   10.00   10.00   clock clk (rise edge)
                          0.00   10.00   clock network delay (ideal)
                         -0.25    9.75   clock uncertainty
                          0.00    9.75   clock reconvergence pessimism
                                  9.75 ^ _13707_/CLK (sky130_fd_sc_hd__dfxtp_4)
                         -0.09    9.66   library setup time
                                  9.66   data required time
-----------------------------------------------------------------------------
                                  9.66   data required time
                                 -5.76   data arrival time
-----------------------------------------------------------------------------
                                  3.90   slack (MET)


Startpoint: _13680_ (rising edge-triggered flip-flop clocked by clk)
Endpoint: _13704_ (rising edge-triggered flip-flop clocked by clk)
Path Group: clk
Path Type: max

Fanout     Cap    Slew   Delay    Time   Description
-----------------------------------------------------------------------------
                  0.15    0.00    0.00   clock clk (rise edge)
                          0.00    0.00   clock network delay (ideal)
                  0.15    0.00    0.00 ^ _13680_/CLK (sky130_fd_sc_hd__dfxtp_2)
                  0.17    0.47    0.47 ^ _13680_/Q (sky130_fd_sc_hd__dfxtp_2)
     6    0.03                           sha256cu.m_out_digest.e_in[3] (net)
                  0.17    0.00    0.47 ^ _07493_/S (sky130_fd_sc_hd__mux2_1)
                  0.09    0.41    0.88 v _07493_/X (sky130_fd_sc_hd__mux2_1)
     4    0.01                           _02120_ (net)
                  0.09    0.00    0.88 v _08743_/B (sky130_fd_sc_hd__or2_1)
                  0.06    0.25    1.13 v _08743_/X (sky130_fd_sc_hd__or2_1)
     2    0.00                           _03242_ (net)
                  0.06    0.00    1.13 v _08744_/B (sky130_fd_sc_hd__nand2_1)
                  0.06    0.09    1.22 ^ _08744_/Y (sky130_fd_sc_hd__nand2_1)
     1    0.01                           _03243_ (net)
                  0.06    0.00    1.22 ^ _08745_/B (sky130_fd_sc_hd__xor2_1)
                  0.20    0.21    1.43 ^ _08745_/X (sky130_fd_sc_hd__xor2_1)
     2    0.01                           _03244_ (net)
                  0.20    0.00    1.43 ^ _08752_/A (sky130_fd_sc_hd__xor2_1)
                  0.19    0.23    1.66 ^ _08752_/X (sky130_fd_sc_hd__xor2_1)
     2    0.01                           _03251_ (net)
                  0.19    0.00    1.66 ^ _08755_/A (sky130_fd_sc_hd__xnor2_1)
                  0.27    0.21    1.87 ^ _08755_/Y (sky130_fd_sc_hd__xnor2_1)
     2    0.01                           _03254_ (net)
                  0.27    0.00    1.87 ^ _08756_/B (sky130_fd_sc_hd__xnor2_1)
                  0.22    0.20    2.07 ^ _08756_/Y (sky130_fd_sc_hd__xnor2_1)
     2    0.01                           _03255_ (net)
                  0.22    0.00    2.07 ^ _08759_/A (sky130_fd_sc_hd__xor2_1)
                  0.22    0.25    2.32 ^ _08759_/X (sky130_fd_sc_hd__xor2_1)
     3    0.01                           _03258_ (net)
                  0.22    0.00    2.32 ^ _08765_/A2 (sky130_fd_sc_hd__a21o_1)
                  0.13    0.23    2.55 ^ _08765_/X (sky130_fd_sc_hd__a21o_1)
     3    0.01                           _03263_ (net)
                  0.13    0.00    2.55 ^ _08819_/A1 (sky130_fd_sc_hd__a311oi_4)
                  0.10    0.12    2.67 v _08819_/Y (sky130_fd_sc_hd__a311oi_4)
     3    0.01                           _03315_ (net)
                  0.10    0.00    2.67 v _08897_/A1 (sky130_fd_sc_hd__o31a_1)
                  0.10    0.39    3.06 v _08897_/X (sky130_fd_sc_hd__o31a_1)
     4    0.02                           _03391_ (net)
                  0.10    0.00    3.06 v _09012_/A1 (sky130_fd_sc_hd__o31a_1)
                  0.10    0.39    3.45 v _09012_/X (sky130_fd_sc_hd__o31a_1)
     4    0.02                           _03502_ (net)
                  0.10    0.00    3.45 v _09126_/A1 (sky130_fd_sc_hd__o31a_1)
                  0.10    0.39    3.84 v _09126_/X (sky130_fd_sc_hd__o31a_1)
     3    0.01                           _03612_ (net)
                  0.10    0.00    3.84 v _09243_/A1 (sky130_fd_sc_hd__o31a_2)
                  0.09    0.44    4.27 v _09243_/X (sky130_fd_sc_hd__o31a_2)
     4    0.02                           _03725_ (net)
                  0.09    0.00    4.28 v _09361_/A1 (sky130_fd_sc_hd__o31a_1)
                  0.09    0.38    4.65 v _09361_/X (sky130_fd_sc_hd__o31a_1)
     4    0.01                           _03839_ (net)
                  0.09    0.00    4.65 v _09362_/B (sky130_fd_sc_hd__or2_1)
                  0.08    0.27    4.93 v _09362_/X (sky130_fd_sc_hd__or2_1)
     4    0.01                           _03840_ (net)
                  0.08    0.00    4.93 v _09418_/A1 (sky130_fd_sc_hd__a211o_1)
                  0.07    0.31    5.23 v _09418_/X (sky130_fd_sc_hd__a211o_1)
     3    0.01                           _03894_ (net)
                  0.07    0.00    5.23 v _09447_/B (sky130_fd_sc_hd__and3_1)
                  0.04    0.18    5.41 v _09447_/X (sky130_fd_sc_hd__and3_1)
     1    0.00                           _03922_ (net)
                  0.04    0.00    5.41 v _09450_/A2 (sky130_fd_sc_hd__o311a_1)
                  0.05    0.33    5.74 v _09450_/X (sky130_fd_sc_hd__o311a_1)
     1    0.00                           _00250_ (net)
                  0.05    0.00    5.74 v _13704_/D (sky130_fd_sc_hd__dfxtp_4)
                                  5.74   data arrival time

                  0.15   10.00   10.00   clock clk (rise edge)
                          0.00   10.00   clock network delay (ideal)
                         -0.25    9.75   clock uncertainty
                          0.00    9.75   clock reconvergence pessimism
                                  9.75 ^ _13704_/CLK (sky130_fd_sc_hd__dfxtp_4)
                         -0.09    9.66   library setup time
                                  9.66   data required time
-----------------------------------------------------------------------------
                                  9.66   data required time
                                 -5.74   data arrival time
-----------------------------------------------------------------------------
                                  3.93   slack (MET)


