
===========================================================================
report_checks -unconstrained
============================================================================
Startpoint: _13680_ (rising edge-triggered flip-flop clocked by clk)
Endpoint: _13708_ (rising edge-triggered flip-flop clocked by clk)
Path Group: clk
Path Type: max

Fanout     Cap    Slew   Delay    Time   Description
-----------------------------------------------------------------------------
                  0.15    0.00    0.00   clock clk (rise edge)
                          0.00    0.00   clock network delay (ideal)
                  0.15    0.00    0.00 ^ _13680_/CLK (sky130_fd_sc_hd__dfxtp_2)
                  0.17    0.47    0.47 ^ _13680_/Q (sky130_fd_sc_hd__dfxtp_2)
     6    0.03                           sha256cu.m_out_digest.e_in[3] (net)
                  0.17    0.00    0.47 ^ _07493_/S (sky130_fd_sc_hd__mux2_1)
                  0.09    0.41    0.88 v _07493_/X (sky130_fd_sc_hd__mux2_1)
     4    0.01                           _02120_ (net)
                  0.09    0.00    0.88 v _08743_/B (sky130_fd_sc_hd__or2_1)
                  0.06    0.25    1.13 v _08743_/X (sky130_fd_sc_hd__or2_1)
     2    0.00                           _03242_ (net)
                  0.06    0.00    1.13 v _08744_/B (sky130_fd_sc_hd__nand2_1)
                  0.06    0.09    1.22 ^ _08744_/Y (sky130_fd_sc_hd__nand2_1)
     1    0.01                           _03243_ (net)
                  0.06    0.00    1.22 ^ _08745_/B (sky130_fd_sc_hd__xor2_1)
                  0.20    0.21    1.43 ^ _08745_/X (sky130_fd_sc_hd__xor2_1)
     2    0.01                           _03244_ (net)
                  0.20    0.00    1.43 ^ _08752_/A (sky130_fd_sc_hd__xor2_1)
                  0.19    0.23    1.66 ^ _08752_/X (sky130_fd_sc_hd__xor2_1)
     2    0.01                           _03251_ (net)
                  0.19    0.00    1.66 ^ _08755_/A (sky130_fd_sc_hd__xnor2_1)
                  0.27    0.21    1.87 ^ _08755_/Y (sky130_fd_sc_hd__xnor2_1)
     2    0.01                           _03254_ (net)
                  0.27    0.00    1.87 ^ _08756_/B (sky130_fd_sc_hd__xnor2_1)
                  0.22    0.20    2.07 ^ _08756_/Y (sky130_fd_sc_hd__xnor2_1)
     2    0.01                           _03255_ (net)
                  0.22    0.00    2.07 ^ _08759_/A (sky130_fd_sc_hd__xor2_1)
                  0.22    0.25    2.32 ^ _08759_/X (sky130_fd_sc_hd__xor2_1)
     3    0.01                           _03258_ (net)
                  0.22    0.00    2.32 ^ _08765_/A2 (sky130_fd_sc_hd__a21o_1)
                  0.13    0.23    2.55 ^ _08765_/X (sky130_fd_sc_hd__a21o_1)
     3    0.01                           _03263_ (net)
                  0.13    0.00    2.55 ^ _08819_/A1 (sky130_fd_sc_hd__a311oi_4)
                  0.10    0.12    2.67 v _08819_/Y (sky130_fd_sc_hd__a311oi_4)
     3    0.01                           _03315_ (net)
                  0.10    0.00    2.67 v _08897_/A1 (sky130_fd_sc_hd__o31a_1)
                  0.10    0.39    3.06 v _08897_/X (sky130_fd_sc_hd__o31a_1)
     4    0.02                           _03391_ (net)
                  0.10    0.00    3.06 v _09012_/A1 (sky130_fd_sc_hd__o31a_1)
                  0.10    0.39    3.45 v _09012_/X (sky130_fd_sc_hd__o31a_1)
     4    0.02                           _03502_ (net)
                  0.10    0.00    3.45 v _09126_/A1 (sky130_fd_sc_hd__o31a_1)
                  0.10    0.39    3.84 v _09126_/X (sky130_fd_sc_hd__o31a_1)
     3    0.01                           _03612_ (net)
                  0.10    0.00    3.84 v _09243_/A1 (sky130_fd_sc_hd__o31a_2)
                  0.09    0.44    4.27 v _09243_/X (sky130_fd_sc_hd__o31a_2)
     4    0.02                           _03725_ (net)
                  0.09    0.00    4.28 v _09361_/A1 (sky130_fd_sc_hd__o31a_1)
                  0.09    0.38    4.65 v _09361_/X (sky130_fd_sc_hd__o31a_1)
     4    0.01                           _03839_ (net)
                  0.09    0.00    4.65 v _09453_/A1 (sky130_fd_sc_hd__o31a_1)
                  0.06    0.33    4.99 v _09453_/X (sky130_fd_sc_hd__o31a_1)
     2    0.01                           _03927_ (net)
                  0.06    0.00    4.99 v _09480_/A1 (sky130_fd_sc_hd__a21o_1)
                  0.08    0.21    5.20 v _09480_/X (sky130_fd_sc_hd__a21o_1)
     5    0.01                           _03954_ (net)
                  0.08    0.00    5.20 v _09535_/A1 (sky130_fd_sc_hd__a211o_1)
                  0.07    0.30    5.50 v _09535_/X (sky130_fd_sc_hd__a211o_1)
     3    0.01                           _04007_ (net)
                  0.07    0.00    5.50 v _09552_/B (sky130_fd_sc_hd__and3_1)
                  0.04    0.18    5.68 v _09552_/X (sky130_fd_sc_hd__and3_1)
     1    0.00                           _04023_ (net)
                  0.04    0.00    5.68 v _09555_/A2 (sky130_fd_sc_hd__o311a_1)
                  0.05    0.33    6.00 v _09555_/X (sky130_fd_sc_hd__o311a_1)
     1    0.00                           _00254_ (net)
                  0.05    0.00    6.00 v _13708_/D (sky130_fd_sc_hd__dfxtp_4)
                                  6.00   data arrival time

                  0.15   10.00   10.00   clock clk (rise edge)
                          0.00   10.00   clock network delay (ideal)
                         -0.25    9.75   clock uncertainty
                          0.00    9.75   clock reconvergence pessimism
                                  9.75 ^ _13708_/CLK (sky130_fd_sc_hd__dfxtp_4)
                         -0.09    9.66   library setup time
                                  9.66   data required time
-----------------------------------------------------------------------------
                                  9.66   data required time
                                 -6.00   data arrival time
-----------------------------------------------------------------------------
                                  3.66   slack (MET)



===========================================================================
report_checks --slack_max -0.01
============================================================================
No paths found.
