
===========================================================================
report_checks -path_delay max (Setup)
============================================================================
Startpoint: _13680_ (rising edge-triggered flip-flop clocked by clk)
Endpoint: _13708_ (rising edge-triggered flip-flop clocked by clk)
Path Group: clk
Path Type: max

Fanout     Cap    Slew   Delay    Time   Description
-----------------------------------------------------------------------------
                          0.00    0.00   clock clk (rise edge)
                          0.00    0.00   clock source latency
                  0.15    0.11    0.11 ^ clk (in)
     1    0.03                           clk (net)
                  0.15    0.00    0.11 ^ clkbuf_0_clk/A (sky130_fd_sc_hd__clkbuf_16)
                  0.18    0.27    0.38 ^ clkbuf_0_clk/X (sky130_fd_sc_hd__clkbuf_16)
    16    0.16                           clknet_0_clk (net)
                  0.18    0.01    0.39 ^ clkbuf_4_13_0_clk/A (sky130_fd_sc_hd__clkbuf_8)
                  0.14    0.26    0.65 ^ clkbuf_4_13_0_clk/X (sky130_fd_sc_hd__clkbuf_8)
     7    0.08                           clknet_4_13_0_clk (net)
                  0.14    0.00    0.65 ^ clkbuf_leaf_66_clk/A (sky130_fd_sc_hd__clkbuf_16)
                  0.05    0.17    0.82 ^ clkbuf_leaf_66_clk/X (sky130_fd_sc_hd__clkbuf_16)
     8    0.02                           clknet_leaf_66_clk (net)
                  0.05    0.00    0.82 ^ _13680_/CLK (sky130_fd_sc_hd__dfxtp_4)
                  0.13    0.43    1.25 ^ _13680_/Q (sky130_fd_sc_hd__dfxtp_4)
     6    0.04                           sha256cu.m_out_digest.e_in[3] (net)
                  0.13    0.00    1.25 ^ _07493_/S (sky130_fd_sc_hd__mux2_1)
                  0.10    0.42    1.67 v _07493_/X (sky130_fd_sc_hd__mux2_1)
     4    0.01                           _02120_ (net)
                  0.10    0.00    1.67 v _08743_/B (sky130_fd_sc_hd__or2_1)
                  0.06    0.26    1.92 v _08743_/X (sky130_fd_sc_hd__or2_1)
     2    0.01                           _03242_ (net)
                  0.06    0.00    1.92 v _08744_/B (sky130_fd_sc_hd__nand2_1)
                  0.07    0.09    2.02 ^ _08744_/Y (sky130_fd_sc_hd__nand2_1)
     1    0.01                           _03243_ (net)
                  0.07    0.00    2.02 ^ _08745_/B (sky130_fd_sc_hd__xor2_1)
                  0.22    0.23    2.25 ^ _08745_/X (sky130_fd_sc_hd__xor2_1)
     2    0.01                           _03244_ (net)
                  0.22    0.00    2.25 ^ _08752_/A (sky130_fd_sc_hd__xor2_1)
                  0.19    0.24    2.49 ^ _08752_/X (sky130_fd_sc_hd__xor2_1)
     2    0.01                           _03251_ (net)
                  0.19    0.00    2.49 ^ _08755_/A (sky130_fd_sc_hd__xnor2_1)
                  0.29    0.22    2.71 ^ _08755_/Y (sky130_fd_sc_hd__xnor2_1)
     2    0.01                           _03254_ (net)
                  0.29    0.00    2.71 ^ _08756_/B (sky130_fd_sc_hd__xnor2_1)
                  0.25    0.22    2.92 ^ _08756_/Y (sky130_fd_sc_hd__xnor2_1)
     2    0.01                           _03255_ (net)
                  0.25    0.00    2.92 ^ _08759_/A (sky130_fd_sc_hd__xor2_1)
                  0.23    0.27    3.19 ^ _08759_/X (sky130_fd_sc_hd__xor2_1)
     3    0.01                           _03258_ (net)
                  0.23    0.00    3.20 ^ _08765_/A2 (sky130_fd_sc_hd__a21o_1)
                  0.15    0.24    3.44 ^ _08765_/X (sky130_fd_sc_hd__a21o_1)
     3    0.02                           _03263_ (net)
                  0.15    0.00    3.44 ^ _08819_/A1 (sky130_fd_sc_hd__a311oi_4)
                  0.10    0.13    3.56 v _08819_/Y (sky130_fd_sc_hd__a311oi_4)
     3    0.01                           _03315_ (net)
                  0.10    0.00    3.56 v _08897_/A1 (sky130_fd_sc_hd__o31a_2)
                  0.08    0.43    3.99 v _08897_/X (sky130_fd_sc_hd__o31a_2)
     4    0.02                           _03391_ (net)
                  0.08    0.00    3.99 v _09012_/A1 (sky130_fd_sc_hd__o31a_2)
                  0.08    0.42    4.41 v _09012_/X (sky130_fd_sc_hd__o31a_2)
     4    0.02                           _03502_ (net)
                  0.08    0.00    4.41 v _09126_/A1 (sky130_fd_sc_hd__o31a_1)
                  0.10    0.38    4.79 v _09126_/X (sky130_fd_sc_hd__o31a_1)
     3    0.02                           _03612_ (net)
                  0.10    0.00    4.79 v _09243_/A1 (sky130_fd_sc_hd__o31a_2)
                  0.10    0.44    5.24 v _09243_/X (sky130_fd_sc_hd__o31a_2)
     4    0.02                           _03725_ (net)
                  0.10    0.00    5.24 v _09361_/A1 (sky130_fd_sc_hd__o31a_1)
                  0.09    0.38    5.62 v _09361_/X (sky130_fd_sc_hd__o31a_1)
     4    0.01                           _03839_ (net)
                  0.09    0.00    5.62 v _09453_/A1 (sky130_fd_sc_hd__o31a_1)
                  0.06    0.34    5.96 v _09453_/X (sky130_fd_sc_hd__o31a_1)
     2    0.01                           _03927_ (net)
                  0.06    0.00    5.96 v _09480_/A1 (sky130_fd_sc_hd__a21o_1)
                  0.08    0.22    6.18 v _09480_/X (sky130_fd_sc_hd__a21o_1)
     5    0.02                           _03954_ (net)
                  0.08    0.00    6.18 v _09535_/A1 (sky130_fd_sc_hd__a211o_1)
                  0.08    0.31    6.49 v _09535_/X (sky130_fd_sc_hd__a211o_1)
     3    0.01                           _04007_ (net)
                  0.08    0.00    6.50 v _09552_/B (sky130_fd_sc_hd__and3_1)
                  0.04    0.18    6.68 v _09552_/X (sky130_fd_sc_hd__and3_1)
     1    0.00                           _04023_ (net)
                  0.04    0.00    6.68 v _09555_/A2 (sky130_fd_sc_hd__o311a_1)
                  0.05    0.33    7.01 v _09555_/X (sky130_fd_sc_hd__o311a_1)
     1    0.00                           _00254_ (net)
                  0.05    0.00    7.01 v _13708_/D (sky130_fd_sc_hd__dfxtp_4)
                                  7.01   data arrival time

                         10.00   10.00   clock clk (rise edge)
                          0.00   10.00   clock source latency
                  0.15    0.10   10.10 ^ clk (in)
     1    0.03                           clk (net)
                  0.15    0.00   10.10 ^ clkbuf_0_clk/A (sky130_fd_sc_hd__clkbuf_16)
                  0.18    0.25   10.35 ^ clkbuf_0_clk/X (sky130_fd_sc_hd__clkbuf_16)
    16    0.16                           clknet_0_clk (net)
                  0.18    0.01   10.35 ^ clkbuf_4_7_0_clk/A (sky130_fd_sc_hd__clkbuf_8)
                  0.19    0.27   10.62 ^ clkbuf_4_7_0_clk/X (sky130_fd_sc_hd__clkbuf_8)
    10    0.11                           clknet_4_7_0_clk (net)
                  0.19    0.00   10.62 ^ clkbuf_leaf_82_clk/A (sky130_fd_sc_hd__clkbuf_16)
                  0.06    0.18   10.80 ^ clkbuf_leaf_82_clk/X (sky130_fd_sc_hd__clkbuf_16)
    13    0.04                           clknet_leaf_82_clk (net)
                  0.06    0.00   10.80 ^ _13708_/CLK (sky130_fd_sc_hd__dfxtp_4)
                         -0.25   10.55   clock uncertainty
                          0.04   10.59   clock reconvergence pessimism
                         -0.11   10.48   library setup time
                                 10.48   data required time
-----------------------------------------------------------------------------
                                 10.48   data required time
                                 -7.01   data arrival time
-----------------------------------------------------------------------------
                                  3.47   slack (MET)


Startpoint: _13680_ (rising edge-triggered flip-flop clocked by clk)
Endpoint: _13707_ (rising edge-triggered flip-flop clocked by clk)
Path Group: clk
Path Type: max

Fanout     Cap    Slew   Delay    Time   Description
-----------------------------------------------------------------------------
                          0.00    0.00   clock clk (rise edge)
                          0.00    0.00   clock source latency
                  0.15    0.11    0.11 ^ clk (in)
     1    0.03                           clk (net)
                  0.15    0.00    0.11 ^ clkbuf_0_clk/A (sky130_fd_sc_hd__clkbuf_16)
                  0.18    0.27    0.38 ^ clkbuf_0_clk/X (sky130_fd_sc_hd__clkbuf_16)
    16    0.16                           clknet_0_clk (net)
                  0.18    0.01    0.39 ^ clkbuf_4_13_0_clk/A (sky130_fd_sc_hd__clkbuf_8)
                  0.14    0.26    0.65 ^ clkbuf_4_13_0_clk/X (sky130_fd_sc_hd__clkbuf_8)
     7    0.08                           clknet_4_13_0_clk (net)
                  0.14    0.00    0.65 ^ clkbuf_leaf_66_clk/A (sky130_fd_sc_hd__clkbuf_16)
                  0.05    0.17    0.82 ^ clkbuf_leaf_66_clk/X (sky130_fd_sc_hd__clkbuf_16)
     8    0.02                           clknet_leaf_66_clk (net)
                  0.05    0.00    0.82 ^ _13680_/CLK (sky130_fd_sc_hd__dfxtp_4)
                  0.13    0.43    1.25 ^ _13680_/Q (sky130_fd_sc_hd__dfxtp_4)
     6    0.04                           sha256cu.m_out_digest.e_in[3] (net)
                  0.13    0.00    1.25 ^ _07493_/S (sky130_fd_sc_hd__mux2_1)
                  0.10    0.42    1.67 v _07493_/X (sky130_fd_sc_hd__mux2_1)
     4    0.01                           _02120_ (net)
                  0.10    0.00    1.67 v _08743_/B (sky130_fd_sc_hd__or2_1)
                  0.06    0.26    1.92 v _08743_/X (sky130_fd_sc_hd__or2_1)
     2    0.01                           _03242_ (net)
                  0.06    0.00    1.92 v _08744_/B (sky130_fd_sc_hd__nand2_1)
                  0.07    0.09    2.02 ^ _08744_/Y (sky130_fd_sc_hd__nand2_1)
     1    0.01                           _03243_ (net)
                  0.07    0.00    2.02 ^ _08745_/B (sky130_fd_sc_hd__xor2_1)
                  0.22    0.23    2.25 ^ _08745_/X (sky130_fd_sc_hd__xor2_1)
     2    0.01                           _03244_ (net)
                  0.22    0.00    2.25 ^ _08752_/A (sky130_fd_sc_hd__xor2_1)
                  0.19    0.24    2.49 ^ _08752_/X (sky130_fd_sc_hd__xor2_1)
     2    0.01                           _03251_ (net)
                  0.19    0.00    2.49 ^ _08755_/A (sky130_fd_sc_hd__xnor2_1)
                  0.29    0.22    2.71 ^ _08755_/Y (sky130_fd_sc_hd__xnor2_1)
     2    0.01                           _03254_ (net)
                  0.29    0.00    2.71 ^ _08756_/B (sky130_fd_sc_hd__xnor2_1)
                  0.25    0.22    2.92 ^ _08756_/Y (sky130_fd_sc_hd__xnor2_1)
     2    0.01                           _03255_ (net)
                  0.25    0.00    2.92 ^ _08759_/A (sky130_fd_sc_hd__xor2_1)
                  0.23    0.27    3.19 ^ _08759_/X (sky130_fd_sc_hd__xor2_1)
     3    0.01                           _03258_ (net)
                  0.23    0.00    3.20 ^ _08765_/A2 (sky130_fd_sc_hd__a21o_1)
                  0.15    0.24    3.44 ^ _08765_/X (sky130_fd_sc_hd__a21o_1)
     3    0.02                           _03263_ (net)
                  0.15    0.00    3.44 ^ _08819_/A1 (sky130_fd_sc_hd__a311oi_4)
                  0.10    0.13    3.56 v _08819_/Y (sky130_fd_sc_hd__a311oi_4)
     3    0.01                           _03315_ (net)
                  0.10    0.00    3.56 v _08897_/A1 (sky130_fd_sc_hd__o31a_2)
                  0.08    0.43    3.99 v _08897_/X (sky130_fd_sc_hd__o31a_2)
     4    0.02                           _03391_ (net)
                  0.08    0.00    3.99 v _09012_/A1 (sky130_fd_sc_hd__o31a_2)
                  0.08    0.42    4.41 v _09012_/X (sky130_fd_sc_hd__o31a_2)
     4    0.02                           _03502_ (net)
                  0.08    0.00    4.41 v _09126_/A1 (sky130_fd_sc_hd__o31a_1)
                  0.10    0.38    4.79 v _09126_/X (sky130_fd_sc_hd__o31a_1)
     3    0.02                           _03612_ (net)
                  0.10    0.00    4.79 v _09243_/A1 (sky130_fd_sc_hd__o31a_2)
                  0.10    0.44    5.24 v _09243_/X (sky130_fd_sc_hd__o31a_2)
     4    0.02                           _03725_ (net)
                  0.10    0.00    5.24 v _09361_/A1 (sky130_fd_sc_hd__o31a_1)
                  0.09    0.38    5.62 v _09361_/X (sky130_fd_sc_hd__o31a_1)
     4    0.01                           _03839_ (net)
                  0.09    0.00    5.62 v _09453_/A1 (sky130_fd_sc_hd__o31a_1)
                  0.06    0.34    5.96 v _09453_/X (sky130_fd_sc_hd__o31a_1)
     2    0.01                           _03927_ (net)
                  0.06    0.00    5.96 v _09480_/A1 (sky130_fd_sc_hd__a21o_1)
                  0.08    0.22    6.18 v _09480_/X (sky130_fd_sc_hd__a21o_1)
     5    0.02                           _03954_ (net)
                  0.08    0.00    6.18 v _09535_/A1 (sky130_fd_sc_hd__a211o_1)
                  0.08    0.31    6.49 v _09535_/X (sky130_fd_sc_hd__a211o_1)
     3    0.01                           _04007_ (net)
                  0.08    0.00    6.50 v _09539_/A1 (sky130_fd_sc_hd__a211o_1)
                  0.05    0.28    6.77 v _09539_/X (sky130_fd_sc_hd__a211o_1)
     1    0.00                           _00253_ (net)
                  0.05    0.00    6.77 v _13707_/D (sky130_fd_sc_hd__dfxtp_4)
                                  6.77   data arrival time

                         10.00   10.00   clock clk (rise edge)
                          0.00   10.00   clock source latency
                  0.15    0.10   10.10 ^ clk (in)
     1    0.03                           clk (net)
                  0.15    0.00   10.10 ^ clkbuf_0_clk/A (sky130_fd_sc_hd__clkbuf_16)
                  0.18    0.25   10.35 ^ clkbuf_0_clk/X (sky130_fd_sc_hd__clkbuf_16)
    16    0.16                           clknet_0_clk (net)
                  0.18    0.01   10.35 ^ clkbuf_4_7_0_clk/A (sky130_fd_sc_hd__clkbuf_8)
                  0.19    0.27   10.62 ^ clkbuf_4_7_0_clk/X (sky130_fd_sc_hd__clkbuf_8)
    10    0.11                           clknet_4_7_0_clk (net)
                  0.19    0.00   10.62 ^ clkbuf_leaf_82_clk/A (sky130_fd_sc_hd__clkbuf_16)
                  0.06    0.18   10.80 ^ clkbuf_leaf_82_clk/X (sky130_fd_sc_hd__clkbuf_16)
    13    0.04                           clknet_leaf_82_clk (net)
                  0.06    0.00   10.80 ^ _13707_/CLK (sky130_fd_sc_hd__dfxtp_4)
                         -0.25   10.55   clock uncertainty
                          0.04   10.59   clock reconvergence pessimism
                         -0.11   10.48   library setup time
                                 10.48   data required time
-----------------------------------------------------------------------------
                                 10.48   data required time
                                 -6.77   data arrival time
-----------------------------------------------------------------------------
                                  3.71   slack (MET)


Startpoint: _13680_ (rising edge-triggered flip-flop clocked by clk)
Endpoint: _13704_ (rising edge-triggered flip-flop clocked by clk)
Path Group: clk
Path Type: max

Fanout     Cap    Slew   Delay    Time   Description
-----------------------------------------------------------------------------
                          0.00    0.00   clock clk (rise edge)
                          0.00    0.00   clock source latency
                  0.15    0.11    0.11 ^ clk (in)
     1    0.03                           clk (net)
                  0.15    0.00    0.11 ^ clkbuf_0_clk/A (sky130_fd_sc_hd__clkbuf_16)
                  0.18    0.27    0.38 ^ clkbuf_0_clk/X (sky130_fd_sc_hd__clkbuf_16)
    16    0.16                           clknet_0_clk (net)
                  0.18    0.01    0.39 ^ clkbuf_4_13_0_clk/A (sky130_fd_sc_hd__clkbuf_8)
                  0.14    0.26    0.65 ^ clkbuf_4_13_0_clk/X (sky130_fd_sc_hd__clkbuf_8)
     7    0.08                           clknet_4_13_0_clk (net)
                  0.14    0.00    0.65 ^ clkbuf_leaf_66_clk/A (sky130_fd_sc_hd__clkbuf_16)
                  0.05    0.17    0.82 ^ clkbuf_leaf_66_clk/X (sky130_fd_sc_hd__clkbuf_16)
     8    0.02                           clknet_leaf_66_clk (net)
                  0.05    0.00    0.82 ^ _13680_/CLK (sky130_fd_sc_hd__dfxtp_4)
                  0.13    0.43    1.25 ^ _13680_/Q (sky130_fd_sc_hd__dfxtp_4)
     6    0.04                           sha256cu.m_out_digest.e_in[3] (net)
                  0.13    0.00    1.25 ^ _07493_/S (sky130_fd_sc_hd__mux2_1)
                  0.10    0.42    1.67 v _07493_/X (sky130_fd_sc_hd__mux2_1)
     4    0.01                           _02120_ (net)
                  0.10    0.00    1.67 v _08743_/B (sky130_fd_sc_hd__or2_1)
                  0.06    0.26    1.92 v _08743_/X (sky130_fd_sc_hd__or2_1)
     2    0.01                           _03242_ (net)
                  0.06    0.00    1.92 v _08744_/B (sky130_fd_sc_hd__nand2_1)
                  0.07    0.09    2.02 ^ _08744_/Y (sky130_fd_sc_hd__nand2_1)
     1    0.01                           _03243_ (net)
                  0.07    0.00    2.02 ^ _08745_/B (sky130_fd_sc_hd__xor2_1)
                  0.22    0.23    2.25 ^ _08745_/X (sky130_fd_sc_hd__xor2_1)
     2    0.01                           _03244_ (net)
                  0.22    0.00    2.25 ^ _08752_/A (sky130_fd_sc_hd__xor2_1)
                  0.19    0.24    2.49 ^ _08752_/X (sky130_fd_sc_hd__xor2_1)
     2    0.01                           _03251_ (net)
                  0.19    0.00    2.49 ^ _08755_/A (sky130_fd_sc_hd__xnor2_1)
                  0.29    0.22    2.71 ^ _08755_/Y (sky130_fd_sc_hd__xnor2_1)
     2    0.01                           _03254_ (net)
                  0.29    0.00    2.71 ^ _08756_/B (sky130_fd_sc_hd__xnor2_1)
                  0.25    0.22    2.92 ^ _08756_/Y (sky130_fd_sc_hd__xnor2_1)
     2    0.01                           _03255_ (net)
                  0.25    0.00    2.92 ^ _08759_/A (sky130_fd_sc_hd__xor2_1)
                  0.23    0.27    3.19 ^ _08759_/X (sky130_fd_sc_hd__xor2_1)
     3    0.01                           _03258_ (net)
                  0.23    0.00    3.20 ^ _08765_/A2 (sky130_fd_sc_hd__a21o_1)
                  0.15    0.24    3.44 ^ _08765_/X (sky130_fd_sc_hd__a21o_1)
     3    0.02                           _03263_ (net)
                  0.15    0.00    3.44 ^ _08819_/A1 (sky130_fd_sc_hd__a311oi_4)
                  0.10    0.13    3.56 v _08819_/Y (sky130_fd_sc_hd__a311oi_4)
     3    0.01                           _03315_ (net)
                  0.10    0.00    3.56 v _08897_/A1 (sky130_fd_sc_hd__o31a_2)
                  0.08    0.43    3.99 v _08897_/X (sky130_fd_sc_hd__o31a_2)
     4    0.02                           _03391_ (net)
                  0.08    0.00    3.99 v _09012_/A1 (sky130_fd_sc_hd__o31a_2)
                  0.08    0.42    4.41 v _09012_/X (sky130_fd_sc_hd__o31a_2)
     4    0.02                           _03502_ (net)
                  0.08    0.00    4.41 v _09126_/A1 (sky130_fd_sc_hd__o31a_1)
                  0.10    0.38    4.79 v _09126_/X (sky130_fd_sc_hd__o31a_1)
     3    0.02                           _03612_ (net)
                  0.10    0.00    4.79 v _09243_/A1 (sky130_fd_sc_hd__o31a_2)
                  0.10    0.44    5.24 v _09243_/X (sky130_fd_sc_hd__o31a_2)
     4    0.02                           _03725_ (net)
                  0.10    0.00    5.24 v _09361_/A1 (sky130_fd_sc_hd__o31a_1)
                  0.09    0.38    5.62 v _09361_/X (sky130_fd_sc_hd__o31a_1)
     4    0.01                           _03839_ (net)
                  0.09    0.00    5.62 v _09362_/B (sky130_fd_sc_hd__or2_1)
                  0.09    0.28    5.90 v _09362_/X (sky130_fd_sc_hd__or2_1)
     4    0.01                           _03840_ (net)
                  0.09    0.00    5.90 v _09418_/A1 (sky130_fd_sc_hd__a211o_1)
                  0.08    0.32    6.22 v _09418_/X (sky130_fd_sc_hd__a211o_1)
     3    0.01                           _03894_ (net)
                  0.08    0.00    6.22 v _09447_/B (sky130_fd_sc_hd__and3_1)
                  0.04    0.18    6.40 v _09447_/X (sky130_fd_sc_hd__and3_1)
     1    0.00                           _03922_ (net)
                  0.04    0.00    6.40 v _09450_/A2 (sky130_fd_sc_hd__o311a_1)
                  0.05    0.33    6.72 v _09450_/X (sky130_fd_sc_hd__o311a_1)
     1    0.00                           _00250_ (net)
                  0.05    0.00    6.72 v _13704_/D (sky130_fd_sc_hd__dfxtp_4)
                                  6.72   data arrival time

                         10.00   10.00   clock clk (rise edge)
                          0.00   10.00   clock source latency
                  0.15    0.10   10.10 ^ clk (in)
     1    0.03                           clk (net)
                  0.15    0.00   10.10 ^ clkbuf_0_clk/A (sky130_fd_sc_hd__clkbuf_16)
                  0.18    0.25   10.35 ^ clkbuf_0_clk/X (sky130_fd_sc_hd__clkbuf_16)
    16    0.16                           clknet_0_clk (net)
                  0.18    0.01   10.35 ^ clkbuf_4_7_0_clk/A (sky130_fd_sc_hd__clkbuf_8)
                  0.19    0.27   10.62 ^ clkbuf_4_7_0_clk/X (sky130_fd_sc_hd__clkbuf_8)
    10    0.11                           clknet_4_7_0_clk (net)
                  0.19    0.00   10.62 ^ clkbuf_leaf_83_clk/A (sky130_fd_sc_hd__clkbuf_16)
                  0.07    0.18   10.81 ^ clkbuf_leaf_83_clk/X (sky130_fd_sc_hd__clkbuf_16)
    16    0.05                           clknet_leaf_83_clk (net)
                  0.07    0.00   10.81 ^ _13704_/CLK (sky130_fd_sc_hd__dfxtp_4)
                         -0.25   10.56   clock uncertainty
                          0.04   10.60   clock reconvergence pessimism
                         -0.11   10.49   library setup time
                                 10.49   data required time
-----------------------------------------------------------------------------
                                 10.49   data required time
                                 -6.72   data arrival time
-----------------------------------------------------------------------------
                                  3.76   slack (MET)


Startpoint: _13564_ (rising edge-triggered flip-flop clocked by clk)
Endpoint: _13580_ (rising edge-triggered flip-flop clocked by clk)
Path Group: clk
Path Type: max

Fanout     Cap    Slew   Delay    Time   Description
-----------------------------------------------------------------------------
                          0.00    0.00   clock clk (rise edge)
                          0.00    0.00   clock source latency
                  0.15    0.11    0.11 ^ clk (in)
     1    0.03                           clk (net)
                  0.15    0.00    0.11 ^ clkbuf_0_clk/A (sky130_fd_sc_hd__clkbuf_16)
                  0.18    0.27    0.38 ^ clkbuf_0_clk/X (sky130_fd_sc_hd__clkbuf_16)
    16    0.16                           clknet_0_clk (net)
                  0.18    0.01    0.39 ^ clkbuf_4_15_0_clk/A (sky130_fd_sc_hd__clkbuf_8)
                  0.13    0.25    0.64 ^ clkbuf_4_15_0_clk/X (sky130_fd_sc_hd__clkbuf_8)
     7    0.07                           clknet_4_15_0_clk (net)
                  0.13    0.00    0.64 ^ clkbuf_leaf_64_clk/A (sky130_fd_sc_hd__clkbuf_16)
                  0.05    0.17    0.82 ^ clkbuf_leaf_64_clk/X (sky130_fd_sc_hd__clkbuf_16)
    12    0.03                           clknet_leaf_64_clk (net)
                  0.05    0.00    0.82 ^ _13564_/CLK (sky130_fd_sc_hd__dfxtp_1)
                  0.03    0.31    1.13 v _13564_/Q (sky130_fd_sc_hd__dfxtp_1)
     1    0.00                           sha256cu.m_out_digest.a_in[15] (net)
                  0.03    0.00    1.13 v _07456_/A (sky130_fd_sc_hd__clkbuf_4)
                  0.10    0.20    1.32 v _07456_/X (sky130_fd_sc_hd__clkbuf_4)
     7    0.04                           _02084_ (net)
                  0.10    0.00    1.33 v _07877_/A (sky130_fd_sc_hd__xnor2_1)
                  0.26    0.29    1.62 ^ _07877_/Y (sky130_fd_sc_hd__xnor2_1)
     1    0.01                           _02494_ (net)
                  0.26    0.00    1.62 ^ _07878_/B (sky130_fd_sc_hd__xnor2_2)
                  0.21    0.19    1.81 ^ _07878_/Y (sky130_fd_sc_hd__xnor2_2)
     2    0.01                           _02495_ (net)
                  0.21    0.00    1.81 ^ _07879_/B (sky130_fd_sc_hd__xnor2_1)
                  0.09    0.14    1.95 v _07879_/Y (sky130_fd_sc_hd__xnor2_1)
     2    0.01                           _02496_ (net)
                  0.09    0.00    1.95 v _07916_/A2 (sky130_fd_sc_hd__o21a_1)
                  0.06    0.22    2.17 v _07916_/X (sky130_fd_sc_hd__o21a_1)
     2    0.01                           _02532_ (net)
                  0.06    0.00    2.17 v _07917_/B (sky130_fd_sc_hd__xnor2_1)
                  0.28    0.27    2.44 ^ _07917_/Y (sky130_fd_sc_hd__xnor2_1)
     2    0.01                           _02533_ (net)
                  0.28    0.00    2.44 ^ _07918_/B (sky130_fd_sc_hd__xor2_1)
                  0.22    0.27    2.71 ^ _07918_/X (sky130_fd_sc_hd__xor2_1)
     2    0.01                           _02534_ (net)
                  0.22    0.00    2.71 ^ _07921_/A (sky130_fd_sc_hd__xnor2_1)
                  0.29    0.22    2.94 ^ _07921_/Y (sky130_fd_sc_hd__xnor2_1)
     2    0.01                           _02537_ (net)
                  0.29    0.00    2.94 ^ _07922_/B (sky130_fd_sc_hd__xnor2_1)
                  0.10    0.16    3.10 v _07922_/Y (sky130_fd_sc_hd__xnor2_1)
     2    0.01                           _02538_ (net)
                  0.10    0.00    3.10 v _07925_/A (sky130_fd_sc_hd__xnor2_1)
                  0.33    0.34    3.44 ^ _07925_/Y (sky130_fd_sc_hd__xnor2_1)
     2    0.01                           _02541_ (net)
                  0.33    0.00    3.44 ^ _07926_/B (sky130_fd_sc_hd__xnor2_2)
                  0.09    0.14    3.58 v _07926_/Y (sky130_fd_sc_hd__xnor2_2)
     2    0.01                           _02542_ (net)
                  0.09    0.00    3.58 v _07929_/A (sky130_fd_sc_hd__xor2_2)
                  0.09    0.22    3.80 v _07929_/X (sky130_fd_sc_hd__xor2_2)
     3    0.01                           _02545_ (net)
                  0.09    0.00    3.80 v _08008_/B (sky130_fd_sc_hd__nor3b_2)
                  0.33    0.34    4.14 ^ _08008_/Y (sky130_fd_sc_hd__nor3b_2)
     3    0.02                           _02622_ (net)
                  0.33    0.00    4.15 ^ _08011_/D (sky130_fd_sc_hd__nand4_1)
                  0.10    0.14    4.29 v _08011_/Y (sky130_fd_sc_hd__nand4_1)
     1    0.00                           _02625_ (net)
                  0.10    0.00    4.29 v _08012_/B1 (sky130_fd_sc_hd__o2bb2a_1)
                  0.11    0.40    4.68 v _08012_/X (sky130_fd_sc_hd__o2bb2a_1)
     2    0.02                           _02626_ (net)
                  0.11    0.00    4.69 v _08273_/A2 (sky130_fd_sc_hd__a211o_1)
                  0.11    0.40    5.08 v _08273_/X (sky130_fd_sc_hd__a211o_1)
     2    0.02                           _02879_ (net)
                  0.11    0.00    5.09 v _08432_/A1 (sky130_fd_sc_hd__a2111o_1)
                  0.08    0.42    5.51 v _08432_/X (sky130_fd_sc_hd__a2111o_1)
     2    0.01                           _03034_ (net)
                  0.08    0.00    5.51 v _08469_/A2 (sky130_fd_sc_hd__a21o_1)
                  0.10    0.26    5.77 v _08469_/X (sky130_fd_sc_hd__a21o_1)
     5    0.02                           _03071_ (net)
                  0.10    0.00    5.77 v _08545_/A2 (sky130_fd_sc_hd__a311o_1)
                  0.08    0.38    6.15 v _08545_/X (sky130_fd_sc_hd__a311o_1)
     3    0.01                           _03145_ (net)
                  0.08    0.00    6.15 v _08575_/B (sky130_fd_sc_hd__and3_1)
                  0.04    0.19    6.33 v _08575_/X (sky130_fd_sc_hd__and3_1)
     1    0.00                           _03174_ (net)
                  0.04    0.00    6.33 v _08577_/A3 (sky130_fd_sc_hd__o311a_1)
                  0.05    0.29    6.63 v _08577_/X (sky130_fd_sc_hd__o311a_1)
     1    0.00                           _00126_ (net)
                  0.05    0.00    6.63 v _13580_/D (sky130_fd_sc_hd__dfxtp_4)
                                  6.63   data arrival time

                         10.00   10.00   clock clk (rise edge)
                          0.00   10.00   clock source latency
                  0.15    0.10   10.10 ^ clk (in)
     1    0.03                           clk (net)
                  0.15    0.00   10.10 ^ clkbuf_0_clk/A (sky130_fd_sc_hd__clkbuf_16)
                  0.18    0.25   10.35 ^ clkbuf_0_clk/X (sky130_fd_sc_hd__clkbuf_16)
    16    0.16                           clknet_0_clk (net)
                  0.18    0.01   10.35 ^ clkbuf_4_6_0_clk/A (sky130_fd_sc_hd__clkbuf_8)
                  0.15    0.24   10.59 ^ clkbuf_4_6_0_clk/X (sky130_fd_sc_hd__clkbuf_8)
     8    0.08                           clknet_4_6_0_clk (net)
                  0.15    0.00   10.59 ^ clkbuf_leaf_78_clk/A (sky130_fd_sc_hd__clkbuf_16)
                  0.04    0.16   10.75 ^ clkbuf_leaf_78_clk/X (sky130_fd_sc_hd__clkbuf_16)
     7    0.02                           clknet_leaf_78_clk (net)
                  0.04    0.00   10.75 ^ _13580_/CLK (sky130_fd_sc_hd__dfxtp_4)
                         -0.25   10.50   clock uncertainty
                          0.04   10.54   clock reconvergence pessimism
                         -0.11   10.42   library setup time
                                 10.42   data required time
-----------------------------------------------------------------------------
                                 10.42   data required time
                                 -6.63   data arrival time
-----------------------------------------------------------------------------
                                  3.80   slack (MET)


Startpoint: _13680_ (rising edge-triggered flip-flop clocked by clk)
Endpoint: _13706_ (rising edge-triggered flip-flop clocked by clk)
Path Group: clk
Path Type: max

Fanout     Cap    Slew   Delay    Time   Description
-----------------------------------------------------------------------------
                          0.00    0.00   clock clk (rise edge)
                          0.00    0.00   clock source latency
                  0.15    0.11    0.11 ^ clk (in)
     1    0.03                           clk (net)
                  0.15    0.00    0.11 ^ clkbuf_0_clk/A (sky130_fd_sc_hd__clkbuf_16)
                  0.18    0.27    0.38 ^ clkbuf_0_clk/X (sky130_fd_sc_hd__clkbuf_16)
    16    0.16                           clknet_0_clk (net)
                  0.18    0.01    0.39 ^ clkbuf_4_13_0_clk/A (sky130_fd_sc_hd__clkbuf_8)
                  0.14    0.26    0.65 ^ clkbuf_4_13_0_clk/X (sky130_fd_sc_hd__clkbuf_8)
     7    0.08                           clknet_4_13_0_clk (net)
                  0.14    0.00    0.65 ^ clkbuf_leaf_66_clk/A (sky130_fd_sc_hd__clkbuf_16)
                  0.05    0.17    0.82 ^ clkbuf_leaf_66_clk/X (sky130_fd_sc_hd__clkbuf_16)
     8    0.02                           clknet_leaf_66_clk (net)
                  0.05    0.00    0.82 ^ _13680_/CLK (sky130_fd_sc_hd__dfxtp_4)
                  0.13    0.43    1.25 ^ _13680_/Q (sky130_fd_sc_hd__dfxtp_4)
     6    0.04                           sha256cu.m_out_digest.e_in[3] (net)
                  0.13    0.00    1.25 ^ _07493_/S (sky130_fd_sc_hd__mux2_1)
                  0.10    0.42    1.67 v _07493_/X (sky130_fd_sc_hd__mux2_1)
     4    0.01                           _02120_ (net)
                  0.10    0.00    1.67 v _08743_/B (sky130_fd_sc_hd__or2_1)
                  0.06    0.26    1.92 v _08743_/X (sky130_fd_sc_hd__or2_1)
     2    0.01                           _03242_ (net)
                  0.06    0.00    1.92 v _08744_/B (sky130_fd_sc_hd__nand2_1)
                  0.07    0.09    2.02 ^ _08744_/Y (sky130_fd_sc_hd__nand2_1)
     1    0.01                           _03243_ (net)
                  0.07    0.00    2.02 ^ _08745_/B (sky130_fd_sc_hd__xor2_1)
                  0.22    0.23    2.25 ^ _08745_/X (sky130_fd_sc_hd__xor2_1)
     2    0.01                           _03244_ (net)
                  0.22    0.00    2.25 ^ _08752_/A (sky130_fd_sc_hd__xor2_1)
                  0.19    0.24    2.49 ^ _08752_/X (sky130_fd_sc_hd__xor2_1)
     2    0.01                           _03251_ (net)
                  0.19    0.00    2.49 ^ _08755_/A (sky130_fd_sc_hd__xnor2_1)
                  0.29    0.22    2.71 ^ _08755_/Y (sky130_fd_sc_hd__xnor2_1)
     2    0.01                           _03254_ (net)
                  0.29    0.00    2.71 ^ _08756_/B (sky130_fd_sc_hd__xnor2_1)
                  0.25    0.22    2.92 ^ _08756_/Y (sky130_fd_sc_hd__xnor2_1)
     2    0.01                           _03255_ (net)
                  0.25    0.00    2.92 ^ _08759_/A (sky130_fd_sc_hd__xor2_1)
                  0.23    0.27    3.19 ^ _08759_/X (sky130_fd_sc_hd__xor2_1)
     3    0.01                           _03258_ (net)
                  0.23    0.00    3.20 ^ _08765_/A2 (sky130_fd_sc_hd__a21o_1)
                  0.15    0.24    3.44 ^ _08765_/X (sky130_fd_sc_hd__a21o_1)
     3    0.02                           _03263_ (net)
                  0.15    0.00    3.44 ^ _08819_/A1 (sky130_fd_sc_hd__a311oi_4)
                  0.10    0.13    3.56 v _08819_/Y (sky130_fd_sc_hd__a311oi_4)
     3    0.01                           _03315_ (net)
                  0.10    0.00    3.56 v _08897_/A1 (sky130_fd_sc_hd__o31a_2)
                  0.08    0.43    3.99 v _08897_/X (sky130_fd_sc_hd__o31a_2)
     4    0.02                           _03391_ (net)
                  0.08    0.00    3.99 v _09012_/A1 (sky130_fd_sc_hd__o31a_2)
                  0.08    0.42    4.41 v _09012_/X (sky130_fd_sc_hd__o31a_2)
     4    0.02                           _03502_ (net)
                  0.08    0.00    4.41 v _09126_/A1 (sky130_fd_sc_hd__o31a_1)
                  0.10    0.38    4.79 v _09126_/X (sky130_fd_sc_hd__o31a_1)
     3    0.02                           _03612_ (net)
                  0.10    0.00    4.79 v _09243_/A1 (sky130_fd_sc_hd__o31a_2)
                  0.10    0.44    5.24 v _09243_/X (sky130_fd_sc_hd__o31a_2)
     4    0.02                           _03725_ (net)
                  0.10    0.00    5.24 v _09361_/A1 (sky130_fd_sc_hd__o31a_1)
                  0.09    0.38    5.62 v _09361_/X (sky130_fd_sc_hd__o31a_1)
     4    0.01                           _03839_ (net)
                  0.09    0.00    5.62 v _09453_/A1 (sky130_fd_sc_hd__o31a_1)
                  0.06    0.34    5.96 v _09453_/X (sky130_fd_sc_hd__o31a_1)
     2    0.01                           _03927_ (net)
                  0.06    0.00    5.96 v _09480_/A1 (sky130_fd_sc_hd__a21o_1)
                  0.08    0.22    6.18 v _09480_/X (sky130_fd_sc_hd__a21o_1)
     5    0.02                           _03954_ (net)
                  0.08    0.00    6.18 v _09510_/A2 (sky130_fd_sc_hd__a31o_1)
                  0.04    0.23    6.41 v _09510_/X (sky130_fd_sc_hd__a31o_1)
     1    0.00                           _03983_ (net)
                  0.04    0.00    6.41 v _09511_/B2 (sky130_fd_sc_hd__o221a_1)
                  0.04    0.20    6.62 v _09511_/X (sky130_fd_sc_hd__o221a_1)
     1    0.00                           _00252_ (net)
                  0.04    0.00    6.62 v _13706_/D (sky130_fd_sc_hd__dfxtp_4)
                                  6.62   data arrival time

                         10.00   10.00   clock clk (rise edge)
                          0.00   10.00   clock source latency
                  0.15    0.10   10.10 ^ clk (in)
     1    0.03                           clk (net)
                  0.15    0.00   10.10 ^ clkbuf_0_clk/A (sky130_fd_sc_hd__clkbuf_16)
                  0.18    0.25   10.35 ^ clkbuf_0_clk/X (sky130_fd_sc_hd__clkbuf_16)
    16    0.16                           clknet_0_clk (net)
                  0.18    0.01   10.35 ^ clkbuf_4_7_0_clk/A (sky130_fd_sc_hd__clkbuf_8)
                  0.19    0.27   10.62 ^ clkbuf_4_7_0_clk/X (sky130_fd_sc_hd__clkbuf_8)
    10    0.11                           clknet_4_7_0_clk (net)
                  0.19    0.00   10.62 ^ clkbuf_leaf_82_clk/A (sky130_fd_sc_hd__clkbuf_16)
                  0.06    0.18   10.80 ^ clkbuf_leaf_82_clk/X (sky130_fd_sc_hd__clkbuf_16)
    13    0.04                           clknet_leaf_82_clk (net)
                  0.06    0.00   10.80 ^ _13706_/CLK (sky130_fd_sc_hd__dfxtp_4)
                         -0.25   10.55   clock uncertainty
                          0.04   10.59   clock reconvergence pessimism
                         -0.11   10.48   library setup time
                                 10.48   data required time
-----------------------------------------------------------------------------
                                 10.48   data required time
                                 -6.62   data arrival time
-----------------------------------------------------------------------------
                                  3.86   slack (MET)


