
29. Printing statistics.

=== password_cracker ===

   Number of wires:               8190
   Number of wire bits:           8476
   Number of public wires:        1415
   Number of public wire bits:    1701
   Number of memories:               0
   Number of memory bits:            0
   Number of processes:              0
   Number of cells:               8217
     sky130_fd_sc_hd__a2111o_2       6
     sky130_fd_sc_hd__a211o_2       75
     sky130_fd_sc_hd__a211oi_2       5
     sky130_fd_sc_hd__a21bo_2       34
     sky130_fd_sc_hd__a21boi_2      62
     sky130_fd_sc_hd__a21o_2       179
     sky130_fd_sc_hd__a21oi_2      168
     sky130_fd_sc_hd__a221o_2      125
     sky130_fd_sc_hd__a221oi_2       3
     sky130_fd_sc_hd__a22o_2       261
     sky130_fd_sc_hd__a2bb2o_2       7
     sky130_fd_sc_hd__a311o_2       18
     sky130_fd_sc_hd__a311oi_2       4
     sky130_fd_sc_hd__a31o_2        77
     sky130_fd_sc_hd__a31oi_2        5
     sky130_fd_sc_hd__a32o_2        19
     sky130_fd_sc_hd__a41o_2         2
     sky130_fd_sc_hd__and2_2       629
     sky130_fd_sc_hd__and2b_2       94
     sky130_fd_sc_hd__and3_2       114
     sky130_fd_sc_hd__and3b_2       12
     sky130_fd_sc_hd__and4_2         5
     sky130_fd_sc_hd__and4b_2        3
     sky130_fd_sc_hd__and4bb_2       3
     sky130_fd_sc_hd__buf_1        904
     sky130_fd_sc_hd__conb_1        32
     sky130_fd_sc_hd__dfxtp_2     1442
     sky130_fd_sc_hd__inv_2         95
     sky130_fd_sc_hd__mux2_2       106
     sky130_fd_sc_hd__nand2_2      421
     sky130_fd_sc_hd__nand2b_2       2
     sky130_fd_sc_hd__nand3_2       16
     sky130_fd_sc_hd__nand3b_2       1
     sky130_fd_sc_hd__nand4_2        2
     sky130_fd_sc_hd__nor2_2       373
     sky130_fd_sc_hd__nor2b_2        6
     sky130_fd_sc_hd__nor3_2         8
     sky130_fd_sc_hd__nor3b_2        3
     sky130_fd_sc_hd__nor4_2         5
     sky130_fd_sc_hd__o2111a_2       1
     sky130_fd_sc_hd__o211a_2      568
     sky130_fd_sc_hd__o211ai_2       2
     sky130_fd_sc_hd__o21a_2        98
     sky130_fd_sc_hd__o21ai_2       91
     sky130_fd_sc_hd__o21ba_2       51
     sky130_fd_sc_hd__o21bai_2      13
     sky130_fd_sc_hd__o221a_2       36
     sky130_fd_sc_hd__o221ai_2       1
     sky130_fd_sc_hd__o22a_2       152
     sky130_fd_sc_hd__o2bb2a_2       4
     sky130_fd_sc_hd__o311a_2       15
     sky130_fd_sc_hd__o311ai_2       1
     sky130_fd_sc_hd__o31a_2        18
     sky130_fd_sc_hd__o31ai_2        4
     sky130_fd_sc_hd__o32a_2        11
     sky130_fd_sc_hd__or2_2        802
     sky130_fd_sc_hd__or2b_2        59
     sky130_fd_sc_hd__or3_2         72
     sky130_fd_sc_hd__or3b_2        20
     sky130_fd_sc_hd__or4_2         97
     sky130_fd_sc_hd__or4b_2         3
     sky130_fd_sc_hd__xnor2_2      592
     sky130_fd_sc_hd__xor2_2       180

   Chip area for module '\password_cracker': 88386.019200

