
28. Executing CHECK pass (checking for obvious problems).
Checking module password_cracker...
Warning: Wire password_cracker.\password_count [31] is used but has no driver.
Warning: Wire password_cracker.\password_count [30] is used but has no driver.
Warning: Wire password_cracker.\password_count [29] is used but has no driver.
Warning: Wire password_cracker.\password_count [28] is used but has no driver.
Warning: Wire password_cracker.\password_count [27] is used but has no driver.
Warning: Wire password_cracker.\password_count [26] is used but has no driver.
Warning: Wire password_cracker.\password_count [25] is used but has no driver.
Warning: Wire password_cracker.\password_count [24] is used but has no driver.
Warning: Wire password_cracker.\password_count [23] is used but has no driver.
Warning: Wire password_cracker.\password_count [22] is used but has no driver.
Warning: Wire password_cracker.\password_count [21] is used but has no driver.
Warning: Wire password_cracker.\password_count [20] is used but has no driver.
Warning: Wire password_cracker.\password_count [19] is used but has no driver.
Warning: Wire password_cracker.\password_count [18] is used but has no driver.
Warning: Wire password_cracker.\password_count [17] is used but has no driver.
Warning: Wire password_cracker.\password_count [16] is used but has no driver.
Warning: Wire password_cracker.\password_count [15] is used but has no driver.
Warning: Wire password_cracker.\password_count [14] is used but has no driver.
Warning: Wire password_cracker.\password_count [13] is used but has no driver.
Warning: Wire password_cracker.\password_count [12] is used but has no driver.
Warning: Wire password_cracker.\password_count [11] is used but has no driver.
Warning: Wire password_cracker.\password_count [10] is used but has no driver.
Warning: Wire password_cracker.\password_count [9] is used but has no driver.
Warning: Wire password_cracker.\password_count [8] is used but has no driver.
Warning: Wire password_cracker.\password_count [7] is used but has no driver.
Warning: Wire password_cracker.\password_count [6] is used but has no driver.
Warning: Wire password_cracker.\password_count [5] is used but has no driver.
Warning: Wire password_cracker.\password_count [4] is used but has no driver.
Warning: Wire password_cracker.\password_count [3] is used but has no driver.
Warning: Wire password_cracker.\password_count [2] is used but has no driver.
Warning: Wire password_cracker.\password_count [1] is used but has no driver.
Warning: Wire password_cracker.\password_count [0] is used but has no driver.
Warning: Wire password_cracker.\done is used but has no driver.
Warning: Wire password_cracker.\cracked is used but has no driver.
Found and reported 34 problems.
