
===========================================================================
report_checks -path_delay max (Setup)
============================================================================
Startpoint: _13680_ (rising edge-triggered flip-flop clocked by clk)
Endpoint: _13708_ (rising edge-triggered flip-flop clocked by clk)
Path Group: clk
Path Type: max

Fanout     Cap    Slew   Delay    Time   Description
-----------------------------------------------------------------------------
                          0.00    0.00   clock clk (rise edge)
                          0.00    0.00   clock source latency
                  0.14    0.10    0.10 ^ clk (in)
     1    0.03                           clk (net)
                  0.14    0.00    0.10 ^ clkbuf_0_clk/A (sky130_fd_sc_hd__clkbuf_16)
                  0.17    0.27    0.38 ^ clkbuf_0_clk/X (sky130_fd_sc_hd__clkbuf_16)
    16    0.16                           clknet_0_clk (net)
                  0.17    0.01    0.38 ^ clkbuf_4_13_0_clk/A (sky130_fd_sc_hd__clkbuf_8)
                  0.14    0.26    0.64 ^ clkbuf_4_13_0_clk/X (sky130_fd_sc_hd__clkbuf_8)
     7    0.08                           clknet_4_13_0_clk (net)
                  0.14    0.00    0.64 ^ clkbuf_leaf_66_clk/A (sky130_fd_sc_hd__clkbuf_16)
                  0.04    0.17    0.81 ^ clkbuf_leaf_66_clk/X (sky130_fd_sc_hd__clkbuf_16)
     8    0.02                           clknet_leaf_66_clk (net)
                  0.04    0.00    0.81 ^ _13680_/CLK (sky130_fd_sc_hd__dfxtp_2)
                  0.17    0.43    1.24 ^ _13680_/Q (sky130_fd_sc_hd__dfxtp_2)
     6    0.03                           sha256cu.m_out_digest.e_in[3] (net)
                  0.17    0.00    1.24 ^ _07493_/S (sky130_fd_sc_hd__mux2_1)
                  0.09    0.41    1.65 v _07493_/X (sky130_fd_sc_hd__mux2_1)
     4    0.01                           _02120_ (net)
                  0.09    0.00    1.65 v _08743_/B (sky130_fd_sc_hd__or2_1)
                  0.06    0.25    1.90 v _08743_/X (sky130_fd_sc_hd__or2_1)
     2    0.00                           _03242_ (net)
                  0.06    0.00    1.90 v _08744_/B (sky130_fd_sc_hd__nand2_1)
                  0.06    0.09    1.99 ^ _08744_/Y (sky130_fd_sc_hd__nand2_1)
     1    0.01                           _03243_ (net)
                  0.06    0.00    1.99 ^ _08745_/B (sky130_fd_sc_hd__xor2_1)
                  0.20    0.21    2.20 ^ _08745_/X (sky130_fd_sc_hd__xor2_1)
     2    0.01                           _03244_ (net)
                  0.20    0.00    2.20 ^ _08752_/A (sky130_fd_sc_hd__xor2_1)
                  0.19    0.23    2.43 ^ _08752_/X (sky130_fd_sc_hd__xor2_1)
     2    0.01                           _03251_ (net)
                  0.19    0.00    2.43 ^ _08755_/A (sky130_fd_sc_hd__xnor2_1)
                  0.27    0.21    2.64 ^ _08755_/Y (sky130_fd_sc_hd__xnor2_1)
     2    0.01                           _03254_ (net)
                  0.27    0.00    2.64 ^ _08756_/B (sky130_fd_sc_hd__xnor2_1)
                  0.21    0.20    2.84 ^ _08756_/Y (sky130_fd_sc_hd__xnor2_1)
     2    0.01                           _03255_ (net)
                  0.21    0.00    2.84 ^ _08759_/A (sky130_fd_sc_hd__xor2_1)
                  0.22    0.25    3.09 ^ _08759_/X (sky130_fd_sc_hd__xor2_1)
     3    0.01                           _03258_ (net)
                  0.22    0.00    3.09 ^ _08765_/A2 (sky130_fd_sc_hd__a21o_1)
                  0.13    0.23    3.32 ^ _08765_/X (sky130_fd_sc_hd__a21o_1)
     3    0.01                           _03263_ (net)
                  0.13    0.00    3.32 ^ _08819_/A1 (sky130_fd_sc_hd__a311oi_4)
                  0.10    0.12    3.44 v _08819_/Y (sky130_fd_sc_hd__a311oi_4)
     3    0.01                           _03315_ (net)
                  0.10    0.00    3.44 v _08897_/A1 (sky130_fd_sc_hd__o31a_1)
                  0.10    0.39    3.83 v _08897_/X (sky130_fd_sc_hd__o31a_1)
     4    0.02                           _03391_ (net)
                  0.10    0.00    3.83 v _09012_/A1 (sky130_fd_sc_hd__o31a_1)
                  0.10    0.39    4.22 v _09012_/X (sky130_fd_sc_hd__o31a_1)
     4    0.02                           _03502_ (net)
                  0.10    0.00    4.22 v _09126_/A1 (sky130_fd_sc_hd__o31a_1)
                  0.10    0.39    4.61 v _09126_/X (sky130_fd_sc_hd__o31a_1)
     3    0.01                           _03612_ (net)
                  0.10    0.00    4.61 v _09243_/A1 (sky130_fd_sc_hd__o31a_2)
                  0.09    0.44    5.05 v _09243_/X (sky130_fd_sc_hd__o31a_2)
     4    0.02                           _03725_ (net)
                  0.09    0.00    5.05 v _09361_/A1 (sky130_fd_sc_hd__o31a_1)
                  0.09    0.38    5.42 v _09361_/X (sky130_fd_sc_hd__o31a_1)
     4    0.01                           _03839_ (net)
                  0.09    0.00    5.42 v _09453_/A1 (sky130_fd_sc_hd__o31a_1)
                  0.06    0.33    5.76 v _09453_/X (sky130_fd_sc_hd__o31a_1)
     2    0.01                           _03927_ (net)
                  0.06    0.00    5.76 v _09480_/A1 (sky130_fd_sc_hd__a21o_1)
                  0.08    0.21    5.97 v _09480_/X (sky130_fd_sc_hd__a21o_1)
     5    0.01                           _03954_ (net)
                  0.08    0.00    5.97 v _09535_/A1 (sky130_fd_sc_hd__a211o_1)
                  0.07    0.30    6.27 v _09535_/X (sky130_fd_sc_hd__a211o_1)
     3    0.01                           _04007_ (net)
                  0.07    0.00    6.27 v _09552_/B (sky130_fd_sc_hd__and3_1)
                  0.04    0.18    6.45 v _09552_/X (sky130_fd_sc_hd__and3_1)
     1    0.00                           _04023_ (net)
                  0.04    0.00    6.45 v _09555_/A2 (sky130_fd_sc_hd__o311a_1)
                  0.05    0.33    6.78 v _09555_/X (sky130_fd_sc_hd__o311a_1)
     1    0.00                           _00254_ (net)
                  0.05    0.00    6.78 v _13708_/D (sky130_fd_sc_hd__dfxtp_4)
                                  6.78   data arrival time

                         10.00   10.00   clock clk (rise edge)
                          0.00   10.00   clock source latency
                  0.14    0.09   10.09 ^ clk (in)
     1    0.03                           clk (net)
                  0.14    0.00   10.09 ^ clkbuf_0_clk/A (sky130_fd_sc_hd__clkbuf_16)
                  0.17    0.25   10.34 ^ clkbuf_0_clk/X (sky130_fd_sc_hd__clkbuf_16)
    16    0.16                           clknet_0_clk (net)
                  0.17    0.01   10.35 ^ clkbuf_4_7_0_clk/A (sky130_fd_sc_hd__clkbuf_8)
                  0.18    0.26   10.61 ^ clkbuf_4_7_0_clk/X (sky130_fd_sc_hd__clkbuf_8)
    10    0.10                           clknet_4_7_0_clk (net)
                  0.18    0.00   10.61 ^ clkbuf_leaf_82_clk/A (sky130_fd_sc_hd__clkbuf_16)
                  0.05    0.17   10.78 ^ clkbuf_leaf_82_clk/X (sky130_fd_sc_hd__clkbuf_16)
    13    0.03                           clknet_leaf_82_clk (net)
                  0.05    0.00   10.78 ^ _13708_/CLK (sky130_fd_sc_hd__dfxtp_4)
                         -0.25   10.53   clock uncertainty
                          0.04   10.57   clock reconvergence pessimism
                         -0.11   10.46   library setup time
                                 10.46   data required time
-----------------------------------------------------------------------------
                                 10.46   data required time
                                 -6.78   data arrival time
-----------------------------------------------------------------------------
                                  3.68   slack (MET)


Startpoint: _13680_ (rising edge-triggered flip-flop clocked by clk)
Endpoint: _13707_ (rising edge-triggered flip-flop clocked by clk)
Path Group: clk
Path Type: max

Fanout     Cap    Slew   Delay    Time   Description
-----------------------------------------------------------------------------
                          0.00    0.00   clock clk (rise edge)
                          0.00    0.00   clock source latency
                  0.14    0.10    0.10 ^ clk (in)
     1    0.03                           clk (net)
                  0.14    0.00    0.10 ^ clkbuf_0_clk/A (sky130_fd_sc_hd__clkbuf_16)
                  0.17    0.27    0.38 ^ clkbuf_0_clk/X (sky130_fd_sc_hd__clkbuf_16)
    16    0.16                           clknet_0_clk (net)
                  0.17    0.01    0.38 ^ clkbuf_4_13_0_clk/A (sky130_fd_sc_hd__clkbuf_8)
                  0.14    0.26    0.64 ^ clkbuf_4_13_0_clk/X (sky130_fd_sc_hd__clkbuf_8)
     7    0.08                           clknet_4_13_0_clk (net)
                  0.14    0.00    0.64 ^ clkbuf_leaf_66_clk/A (sky130_fd_sc_hd__clkbuf_16)
                  0.04    0.17    0.81 ^ clkbuf_leaf_66_clk/X (sky130_fd_sc_hd__clkbuf_16)
     8    0.02                           clknet_leaf_66_clk (net)
                  0.04    0.00    0.81 ^ _13680_/CLK (sky130_fd_sc_hd__dfxtp_2)
                  0.17    0.43    1.24 ^ _13680_/Q (sky130_fd_sc_hd__dfxtp_2)
     6    0.03                           sha256cu.m_out_digest.e_in[3] (net)
                  0.17    0.00    1.24 ^ _07493_/S (sky130_fd_sc_hd__mux2_1)
                  0.09    0.41    1.65 v _07493_/X (sky130_fd_sc_hd__mux2_1)
     4    0.01                           _02120_ (net)
                  0.09    0.00    1.65 v _08743_/B (sky130_fd_sc_hd__or2_1)
                  0.06    0.25    1.90 v _08743_/X (sky130_fd_sc_hd__or2_1)
     2    0.00                           _03242_ (net)
                  0.06    0.00    1.90 v _08744_/B (sky130_fd_sc_hd__nand2_1)
                  0.06    0.09    1.99 ^ _08744_/Y (sky130_fd_sc_hd__nand2_1)
     1    0.01                           _03243_ (net)
                  0.06    0.00    1.99 ^ _08745_/B (sky130_fd_sc_hd__xor2_1)
                  0.20    0.21    2.20 ^ _08745_/X (sky130_fd_sc_hd__xor2_1)
     2    0.01                           _03244_ (net)
                  0.20    0.00    2.20 ^ _08752_/A (sky130_fd_sc_hd__xor2_1)
                  0.19    0.23    2.43 ^ _08752_/X (sky130_fd_sc_hd__xor2_1)
     2    0.01                           _03251_ (net)
                  0.19    0.00    2.43 ^ _08755_/A (sky130_fd_sc_hd__xnor2_1)
                  0.27    0.21    2.64 ^ _08755_/Y (sky130_fd_sc_hd__xnor2_1)
     2    0.01                           _03254_ (net)
                  0.27    0.00    2.64 ^ _08756_/B (sky130_fd_sc_hd__xnor2_1)
                  0.21    0.20    2.84 ^ _08756_/Y (sky130_fd_sc_hd__xnor2_1)
     2    0.01                           _03255_ (net)
                  0.21    0.00    2.84 ^ _08759_/A (sky130_fd_sc_hd__xor2_1)
                  0.22    0.25    3.09 ^ _08759_/X (sky130_fd_sc_hd__xor2_1)
     3    0.01                           _03258_ (net)
                  0.22    0.00    3.09 ^ _08765_/A2 (sky130_fd_sc_hd__a21o_1)
                  0.13    0.23    3.32 ^ _08765_/X (sky130_fd_sc_hd__a21o_1)
     3    0.01                           _03263_ (net)
                  0.13    0.00    3.32 ^ _08819_/A1 (sky130_fd_sc_hd__a311oi_4)
                  0.10    0.12    3.44 v _08819_/Y (sky130_fd_sc_hd__a311oi_4)
     3    0.01                           _03315_ (net)
                  0.10    0.00    3.44 v _08897_/A1 (sky130_fd_sc_hd__o31a_1)
                  0.10    0.39    3.83 v _08897_/X (sky130_fd_sc_hd__o31a_1)
     4    0.02                           _03391_ (net)
                  0.10    0.00    3.83 v _09012_/A1 (sky130_fd_sc_hd__o31a_1)
                  0.10    0.39    4.22 v _09012_/X (sky130_fd_sc_hd__o31a_1)
     4    0.02                           _03502_ (net)
                  0.10    0.00    4.22 v _09126_/A1 (sky130_fd_sc_hd__o31a_1)
                  0.10    0.39    4.61 v _09126_/X (sky130_fd_sc_hd__o31a_1)
     3    0.01                           _03612_ (net)
                  0.10    0.00    4.61 v _09243_/A1 (sky130_fd_sc_hd__o31a_2)
                  0.09    0.44    5.05 v _09243_/X (sky130_fd_sc_hd__o31a_2)
     4    0.02                           _03725_ (net)
                  0.09    0.00    5.05 v _09361_/A1 (sky130_fd_sc_hd__o31a_1)
                  0.09    0.38    5.42 v _09361_/X (sky130_fd_sc_hd__o31a_1)
     4    0.01                           _03839_ (net)
                  0.09    0.00    5.42 v _09453_/A1 (sky130_fd_sc_hd__o31a_1)
                  0.06    0.33    5.76 v _09453_/X (sky130_fd_sc_hd__o31a_1)
     2    0.01                           _03927_ (net)
                  0.06    0.00    5.76 v _09480_/A1 (sky130_fd_sc_hd__a21o_1)
                  0.08    0.21    5.97 v _09480_/X (sky130_fd_sc_hd__a21o_1)
     5    0.01                           _03954_ (net)
                  0.08    0.00    5.97 v _09535_/A1 (sky130_fd_sc_hd__a211o_1)
                  0.07    0.30    6.27 v _09535_/X (sky130_fd_sc_hd__a211o_1)
     3    0.01                           _04007_ (net)
                  0.07    0.00    6.27 v _09539_/A1 (sky130_fd_sc_hd__a211o_1)
                  0.04    0.26    6.53 v _09539_/X (sky130_fd_sc_hd__a211o_1)
     1    0.00                           _00253_ (net)
                  0.04    0.00    6.53 v _13707_/D (sky130_fd_sc_hd__dfxtp_4)
                                  6.53   data arrival time

                         10.00   10.00   clock clk (rise edge)
                          0.00   10.00   clock source latency
                  0.14    0.09   10.09 ^ clk (in)
     1    0.03                           clk (net)
                  0.14    0.00   10.09 ^ clkbuf_0_clk/A (sky130_fd_sc_hd__clkbuf_16)
                  0.17    0.25   10.34 ^ clkbuf_0_clk/X (sky130_fd_sc_hd__clkbuf_16)
    16    0.16                           clknet_0_clk (net)
                  0.17    0.01   10.35 ^ clkbuf_4_7_0_clk/A (sky130_fd_sc_hd__clkbuf_8)
                  0.18    0.26   10.61 ^ clkbuf_4_7_0_clk/X (sky130_fd_sc_hd__clkbuf_8)
    10    0.10                           clknet_4_7_0_clk (net)
                  0.18    0.00   10.61 ^ clkbuf_leaf_82_clk/A (sky130_fd_sc_hd__clkbuf_16)
                  0.05    0.17   10.78 ^ clkbuf_leaf_82_clk/X (sky130_fd_sc_hd__clkbuf_16)
    13    0.03                           clknet_leaf_82_clk (net)
                  0.05    0.00   10.78 ^ _13707_/CLK (sky130_fd_sc_hd__dfxtp_4)
                         -0.25   10.53   clock uncertainty
                          0.04   10.57   clock reconvergence pessimism
                         -0.11   10.46   library setup time
                                 10.46   data required time
-----------------------------------------------------------------------------
                                 10.46   data required time
                                 -6.53   data arrival time
-----------------------------------------------------------------------------
                                  3.93   slack (MET)


Startpoint: _13567_ (rising edge-triggered flip-flop clocked by clk)
Endpoint: _13580_ (rising edge-triggered flip-flop clocked by clk)
Path Group: clk
Path Type: max

Fanout     Cap    Slew   Delay    Time   Description
-----------------------------------------------------------------------------
                          0.00    0.00   clock clk (rise edge)
                          0.00    0.00   clock source latency
                  0.14    0.10    0.10 ^ clk (in)
     1    0.03                           clk (net)
                  0.14    0.00    0.10 ^ clkbuf_0_clk/A (sky130_fd_sc_hd__clkbuf_16)
                  0.17    0.27    0.38 ^ clkbuf_0_clk/X (sky130_fd_sc_hd__clkbuf_16)
    16    0.16                           clknet_0_clk (net)
                  0.17    0.01    0.38 ^ clkbuf_4_13_0_clk/A (sky130_fd_sc_hd__clkbuf_8)
                  0.14    0.26    0.64 ^ clkbuf_4_13_0_clk/X (sky130_fd_sc_hd__clkbuf_8)
     7    0.08                           clknet_4_13_0_clk (net)
                  0.14    0.00    0.64 ^ clkbuf_leaf_69_clk/A (sky130_fd_sc_hd__clkbuf_16)
                  0.05    0.18    0.82 ^ clkbuf_leaf_69_clk/X (sky130_fd_sc_hd__clkbuf_16)
    13    0.03                           clknet_leaf_69_clk (net)
                  0.05    0.00    0.82 ^ _13567_/CLK (sky130_fd_sc_hd__dfxtp_1)
                  0.02    0.31    1.13 v _13567_/Q (sky130_fd_sc_hd__dfxtp_1)
     1    0.00                           sha256cu.m_out_digest.a_in[18] (net)
                  0.02    0.00    1.13 v _07573_/A (sky130_fd_sc_hd__clkbuf_4)
                  0.09    0.19    1.31 v _07573_/X (sky130_fd_sc_hd__clkbuf_4)
     7    0.04                           _02198_ (net)
                  0.09    0.00    1.32 v _07574_/A (sky130_fd_sc_hd__xnor2_1)
                  0.06    0.16    1.47 v _07574_/Y (sky130_fd_sc_hd__xnor2_1)
     1    0.00                           _02199_ (net)
                  0.06    0.00    1.47 v _07575_/B (sky130_fd_sc_hd__xnor2_1)
                  0.28    0.28    1.75 ^ _07575_/Y (sky130_fd_sc_hd__xnor2_1)
     2    0.01                           _02200_ (net)
                  0.28    0.00    1.75 ^ _07576_/B (sky130_fd_sc_hd__xnor2_1)
                  0.22    0.20    1.95 ^ _07576_/Y (sky130_fd_sc_hd__xnor2_1)
     2    0.01                           _02201_ (net)
                  0.22    0.00    1.95 ^ _07577_/B (sky130_fd_sc_hd__xnor2_1)
                  0.23    0.20    2.15 ^ _07577_/Y (sky130_fd_sc_hd__xnor2_1)
     2    0.01                           _02202_ (net)
                  0.23    0.00    2.15 ^ _07580_/A (sky130_fd_sc_hd__xnor2_1)
                  0.21    0.19    2.34 ^ _07580_/Y (sky130_fd_sc_hd__xnor2_1)
     2    0.01                           _02205_ (net)
                  0.21    0.00    2.34 ^ _07581_/B (sky130_fd_sc_hd__xor2_1)
                  0.21    0.25    2.59 ^ _07581_/X (sky130_fd_sc_hd__xor2_1)
     2    0.01                           _02206_ (net)
                  0.21    0.00    2.59 ^ _07584_/A (sky130_fd_sc_hd__xnor2_1)
                  0.27    0.21    2.80 ^ _07584_/Y (sky130_fd_sc_hd__xnor2_1)
     2    0.01                           _02209_ (net)
                  0.27    0.00    2.80 ^ _07585_/B (sky130_fd_sc_hd__xnor2_1)
                  0.21    0.20    3.00 ^ _07585_/Y (sky130_fd_sc_hd__xnor2_1)
     2    0.01                           _02210_ (net)
                  0.21    0.00    3.00 ^ _07588_/A (sky130_fd_sc_hd__xor2_1)
                  0.26    0.28    3.28 ^ _07588_/X (sky130_fd_sc_hd__xor2_1)
     2    0.01                           _02213_ (net)
                  0.26    0.00    3.28 ^ _07589_/B (sky130_fd_sc_hd__xnor2_1)
                  0.26    0.22    3.50 ^ _07589_/Y (sky130_fd_sc_hd__xnor2_1)
     3    0.01                           _02214_ (net)
                  0.26    0.00    3.50 ^ _07590_/B (sky130_fd_sc_hd__xor2_1)
                  0.22    0.26    3.76 ^ _07590_/X (sky130_fd_sc_hd__xor2_1)
     2    0.01                           _02215_ (net)
                  0.22    0.00    3.76 ^ _07702_/C1 (sky130_fd_sc_hd__o2111a_1)
                  0.13    0.30    4.06 ^ _07702_/X (sky130_fd_sc_hd__o2111a_1)
     1    0.01                           _02324_ (net)
                  0.13    0.00    4.06 ^ _07707_/A1 (sky130_fd_sc_hd__a211oi_4)
                  0.11    0.12    4.18 v _07707_/Y (sky130_fd_sc_hd__a211oi_4)
     6    0.03                           _02329_ (net)
                  0.11    0.00    4.18 v _08012_/B2 (sky130_fd_sc_hd__o2bb2a_1)
                  0.11    0.38    4.56 v _08012_/X (sky130_fd_sc_hd__o2bb2a_1)
     2    0.02                           _02626_ (net)
                  0.11    0.00    4.57 v _08273_/A2 (sky130_fd_sc_hd__a211o_1)
                  0.10    0.39    4.96 v _08273_/X (sky130_fd_sc_hd__a211o_1)
     2    0.02                           _02879_ (net)
                  0.10    0.00    4.96 v _08432_/A1 (sky130_fd_sc_hd__a2111o_1)
                  0.08    0.42    5.38 v _08432_/X (sky130_fd_sc_hd__a2111o_1)
     2    0.01                           _03034_ (net)
                  0.08    0.00    5.38 v _08469_/A2 (sky130_fd_sc_hd__a21o_1)
                  0.09    0.25    5.63 v _08469_/X (sky130_fd_sc_hd__a21o_1)
     5    0.02                           _03071_ (net)
                  0.09    0.00    5.63 v _08545_/A2 (sky130_fd_sc_hd__a311o_1)
                  0.08    0.37    6.00 v _08545_/X (sky130_fd_sc_hd__a311o_1)
     3    0.01                           _03145_ (net)
                  0.08    0.00    6.00 v _08575_/B (sky130_fd_sc_hd__and3_1)
                  0.04    0.18    6.18 v _08575_/X (sky130_fd_sc_hd__and3_1)
     1    0.00                           _03174_ (net)
                  0.04    0.00    6.18 v _08577_/A3 (sky130_fd_sc_hd__o311a_1)
                  0.05    0.28    6.46 v _08577_/X (sky130_fd_sc_hd__o311a_1)
     1    0.00                           _00126_ (net)
                  0.05    0.00    6.46 v _13580_/D (sky130_fd_sc_hd__dfxtp_4)
                                  6.46   data arrival time

                         10.00   10.00   clock clk (rise edge)
                          0.00   10.00   clock source latency
                  0.14    0.09   10.09 ^ clk (in)
     1    0.03                           clk (net)
                  0.14    0.00   10.09 ^ clkbuf_0_clk/A (sky130_fd_sc_hd__clkbuf_16)
                  0.17    0.25   10.34 ^ clkbuf_0_clk/X (sky130_fd_sc_hd__clkbuf_16)
    16    0.16                           clknet_0_clk (net)
                  0.17    0.01   10.35 ^ clkbuf_4_6_0_clk/A (sky130_fd_sc_hd__clkbuf_8)
                  0.15    0.24   10.59 ^ clkbuf_4_6_0_clk/X (sky130_fd_sc_hd__clkbuf_8)
     8    0.08                           clknet_4_6_0_clk (net)
                  0.15    0.00   10.59 ^ clkbuf_leaf_78_clk/A (sky130_fd_sc_hd__clkbuf_16)
                  0.04    0.15   10.74 ^ clkbuf_leaf_78_clk/X (sky130_fd_sc_hd__clkbuf_16)
     7    0.02                           clknet_leaf_78_clk (net)
                  0.04    0.00   10.74 ^ _13580_/CLK (sky130_fd_sc_hd__dfxtp_4)
                         -0.25   10.49   clock uncertainty
                          0.04   10.53   clock reconvergence pessimism
                         -0.11   10.41   library setup time
                                 10.41   data required time
-----------------------------------------------------------------------------
                                 10.41   data required time
                                 -6.46   data arrival time
-----------------------------------------------------------------------------
                                  3.95   slack (MET)


Startpoint: _13680_ (rising edge-triggered flip-flop clocked by clk)
Endpoint: _13704_ (rising edge-triggered flip-flop clocked by clk)
Path Group: clk
Path Type: max

Fanout     Cap    Slew   Delay    Time   Description
-----------------------------------------------------------------------------
                          0.00    0.00   clock clk (rise edge)
                          0.00    0.00   clock source latency
                  0.14    0.10    0.10 ^ clk (in)
     1    0.03                           clk (net)
                  0.14    0.00    0.10 ^ clkbuf_0_clk/A (sky130_fd_sc_hd__clkbuf_16)
                  0.17    0.27    0.38 ^ clkbuf_0_clk/X (sky130_fd_sc_hd__clkbuf_16)
    16    0.16                           clknet_0_clk (net)
                  0.17    0.01    0.38 ^ clkbuf_4_13_0_clk/A (sky130_fd_sc_hd__clkbuf_8)
                  0.14    0.26    0.64 ^ clkbuf_4_13_0_clk/X (sky130_fd_sc_hd__clkbuf_8)
     7    0.08                           clknet_4_13_0_clk (net)
                  0.14    0.00    0.64 ^ clkbuf_leaf_66_clk/A (sky130_fd_sc_hd__clkbuf_16)
                  0.04    0.17    0.81 ^ clkbuf_leaf_66_clk/X (sky130_fd_sc_hd__clkbuf_16)
     8    0.02                           clknet_leaf_66_clk (net)
                  0.04    0.00    0.81 ^ _13680_/CLK (sky130_fd_sc_hd__dfxtp_2)
                  0.17    0.43    1.24 ^ _13680_/Q (sky130_fd_sc_hd__dfxtp_2)
     6    0.03                           sha256cu.m_out_digest.e_in[3] (net)
                  0.17    0.00    1.24 ^ _07493_/S (sky130_fd_sc_hd__mux2_1)
                  0.09    0.41    1.65 v _07493_/X (sky130_fd_sc_hd__mux2_1)
     4    0.01                           _02120_ (net)
                  0.09    0.00    1.65 v _08743_/B (sky130_fd_sc_hd__or2_1)
                  0.06    0.25    1.90 v _08743_/X (sky130_fd_sc_hd__or2_1)
     2    0.00                           _03242_ (net)
                  0.06    0.00    1.90 v _08744_/B (sky130_fd_sc_hd__nand2_1)
                  0.06    0.09    1.99 ^ _08744_/Y (sky130_fd_sc_hd__nand2_1)
     1    0.01                           _03243_ (net)
                  0.06    0.00    1.99 ^ _08745_/B (sky130_fd_sc_hd__xor2_1)
                  0.20    0.21    2.20 ^ _08745_/X (sky130_fd_sc_hd__xor2_1)
     2    0.01                           _03244_ (net)
                  0.20    0.00    2.20 ^ _08752_/A (sky130_fd_sc_hd__xor2_1)
                  0.19    0.23    2.43 ^ _08752_/X (sky130_fd_sc_hd__xor2_1)
     2    0.01                           _03251_ (net)
                  0.19    0.00    2.43 ^ _08755_/A (sky130_fd_sc_hd__xnor2_1)
                  0.27    0.21    2.64 ^ _08755_/Y (sky130_fd_sc_hd__xnor2_1)
     2    0.01                           _03254_ (net)
                  0.27    0.00    2.64 ^ _08756_/B (sky130_fd_sc_hd__xnor2_1)
                  0.21    0.20    2.84 ^ _08756_/Y (sky130_fd_sc_hd__xnor2_1)
     2    0.01                           _03255_ (net)
                  0.21    0.00    2.84 ^ _08759_/A (sky130_fd_sc_hd__xor2_1)
                  0.22    0.25    3.09 ^ _08759_/X (sky130_fd_sc_hd__xor2_1)
     3    0.01                           _03258_ (net)
                  0.22    0.00    3.09 ^ _08765_/A2 (sky130_fd_sc_hd__a21o_1)
                  0.13    0.23    3.32 ^ _08765_/X (sky130_fd_sc_hd__a21o_1)
     3    0.01                           _03263_ (net)
                  0.13    0.00    3.32 ^ _08819_/A1 (sky130_fd_sc_hd__a311oi_4)
                  0.10    0.12    3.44 v _08819_/Y (sky130_fd_sc_hd__a311oi_4)
     3    0.01                           _03315_ (net)
                  0.10    0.00    3.44 v _08897_/A1 (sky130_fd_sc_hd__o31a_1)
                  0.10    0.39    3.83 v _08897_/X (sky130_fd_sc_hd__o31a_1)
     4    0.02                           _03391_ (net)
                  0.10    0.00    3.83 v _09012_/A1 (sky130_fd_sc_hd__o31a_1)
                  0.10    0.39    4.22 v _09012_/X (sky130_fd_sc_hd__o31a_1)
     4    0.02                           _03502_ (net)
                  0.10    0.00    4.22 v _09126_/A1 (sky130_fd_sc_hd__o31a_1)
                  0.10    0.39    4.61 v _09126_/X (sky130_fd_sc_hd__o31a_1)
     3    0.01                           _03612_ (net)
                  0.10    0.00    4.61 v _09243_/A1 (sky130_fd_sc_hd__o31a_2)
                  0.09    0.44    5.05 v _09243_/X (sky130_fd_sc_hd__o31a_2)
     4    0.02                           _03725_ (net)
                  0.09    0.00    5.05 v _09361_/A1 (sky130_fd_sc_hd__o31a_1)
                  0.09    0.38    5.42 v _09361_/X (sky130_fd_sc_hd__o31a_1)
     4    0.01                           _03839_ (net)
                  0.09    0.00    5.42 v _09362_/B (sky130_fd_sc_hd__or2_1)
                  0.08    0.27    5.70 v _09362_/X (sky130_fd_sc_hd__or2_1)
     4    0.01                           _03840_ (net)
                  0.08    0.00    5.70 v _09418_/A1 (sky130_fd_sc_hd__a211o_1)
                  0.07    0.31    6.00 v _09418_/X (sky130_fd_sc_hd__a211o_1)
     3    0.01                           _03894_ (net)
                  0.07    0.00    6.00 v _09447_/B (sky130_fd_sc_hd__and3_1)
                  0.04    0.18    6.18 v _09447_/X (sky130_fd_sc_hd__and3_1)
     1    0.00                           _03922_ (net)
                  0.04    0.00    6.18 v _09450_/A2 (sky130_fd_sc_hd__o311a_1)
                  0.05    0.33    6.51 v _09450_/X (sky130_fd_sc_hd__o311a_1)
     1    0.00                           _00250_ (net)
                  0.05    0.00    6.51 v _13704_/D (sky130_fd_sc_hd__dfxtp_4)
                                  6.51   data arrival time

                         10.00   10.00   clock clk (rise edge)
                          0.00   10.00   clock source latency
                  0.14    0.09   10.09 ^ clk (in)
     1    0.03                           clk (net)
                  0.14    0.00   10.09 ^ clkbuf_0_clk/A (sky130_fd_sc_hd__clkbuf_16)
                  0.17    0.25   10.34 ^ clkbuf_0_clk/X (sky130_fd_sc_hd__clkbuf_16)
    16    0.16                           clknet_0_clk (net)
                  0.17    0.01   10.35 ^ clkbuf_4_7_0_clk/A (sky130_fd_sc_hd__clkbuf_8)
                  0.18    0.26   10.61 ^ clkbuf_4_7_0_clk/X (sky130_fd_sc_hd__clkbuf_8)
    10    0.10                           clknet_4_7_0_clk (net)
                  0.18    0.00   10.61 ^ clkbuf_leaf_83_clk/A (sky130_fd_sc_hd__clkbuf_16)
                  0.06    0.18   10.79 ^ clkbuf_leaf_83_clk/X (sky130_fd_sc_hd__clkbuf_16)
    16    0.04                           clknet_leaf_83_clk (net)
                  0.06    0.00   10.79 ^ _13704_/CLK (sky130_fd_sc_hd__dfxtp_4)
                         -0.25   10.54   clock uncertainty
                          0.04   10.58   clock reconvergence pessimism
                         -0.11   10.47   library setup time
                                 10.47   data required time
-----------------------------------------------------------------------------
                                 10.47   data required time
                                 -6.51   data arrival time
-----------------------------------------------------------------------------
                                  3.96   slack (MET)


Startpoint: _13680_ (rising edge-triggered flip-flop clocked by clk)
Endpoint: _13706_ (rising edge-triggered flip-flop clocked by clk)
Path Group: clk
Path Type: max

Fanout     Cap    Slew   Delay    Time   Description
-----------------------------------------------------------------------------
                          0.00    0.00   clock clk (rise edge)
                          0.00    0.00   clock source latency
                  0.14    0.10    0.10 ^ clk (in)
     1    0.03                           clk (net)
                  0.14    0.00    0.10 ^ clkbuf_0_clk/A (sky130_fd_sc_hd__clkbuf_16)
                  0.17    0.27    0.38 ^ clkbuf_0_clk/X (sky130_fd_sc_hd__clkbuf_16)
    16    0.16                           clknet_0_clk (net)
                  0.17    0.01    0.38 ^ clkbuf_4_13_0_clk/A (sky130_fd_sc_hd__clkbuf_8)
                  0.14    0.26    0.64 ^ clkbuf_4_13_0_clk/X (sky130_fd_sc_hd__clkbuf_8)
     7    0.08                           clknet_4_13_0_clk (net)
                  0.14    0.00    0.64 ^ clkbuf_leaf_66_clk/A (sky130_fd_sc_hd__clkbuf_16)
                  0.04    0.17    0.81 ^ clkbuf_leaf_66_clk/X (sky130_fd_sc_hd__clkbuf_16)
     8    0.02                           clknet_leaf_66_clk (net)
                  0.04    0.00    0.81 ^ _13680_/CLK (sky130_fd_sc_hd__dfxtp_2)
                  0.17    0.43    1.24 ^ _13680_/Q (sky130_fd_sc_hd__dfxtp_2)
     6    0.03                           sha256cu.m_out_digest.e_in[3] (net)
                  0.17    0.00    1.24 ^ _07493_/S (sky130_fd_sc_hd__mux2_1)
                  0.09    0.41    1.65 v _07493_/X (sky130_fd_sc_hd__mux2_1)
     4    0.01                           _02120_ (net)
                  0.09    0.00    1.65 v _08743_/B (sky130_fd_sc_hd__or2_1)
                  0.06    0.25    1.90 v _08743_/X (sky130_fd_sc_hd__or2_1)
     2    0.00                           _03242_ (net)
                  0.06    0.00    1.90 v _08744_/B (sky130_fd_sc_hd__nand2_1)
                  0.06    0.09    1.99 ^ _08744_/Y (sky130_fd_sc_hd__nand2_1)
     1    0.01                           _03243_ (net)
                  0.06    0.00    1.99 ^ _08745_/B (sky130_fd_sc_hd__xor2_1)
                  0.20    0.21    2.20 ^ _08745_/X (sky130_fd_sc_hd__xor2_1)
     2    0.01                           _03244_ (net)
                  0.20    0.00    2.20 ^ _08752_/A (sky130_fd_sc_hd__xor2_1)
                  0.19    0.23    2.43 ^ _08752_/X (sky130_fd_sc_hd__xor2_1)
     2    0.01                           _03251_ (net)
                  0.19    0.00    2.43 ^ _08755_/A (sky130_fd_sc_hd__xnor2_1)
                  0.27    0.21    2.64 ^ _08755_/Y (sky130_fd_sc_hd__xnor2_1)
     2    0.01                           _03254_ (net)
                  0.27    0.00    2.64 ^ _08756_/B (sky130_fd_sc_hd__xnor2_1)
                  0.21    0.20    2.84 ^ _08756_/Y (sky130_fd_sc_hd__xnor2_1)
     2    0.01                           _03255_ (net)
                  0.21    0.00    2.84 ^ _08759_/A (sky130_fd_sc_hd__xor2_1)
                  0.22    0.25    3.09 ^ _08759_/X (sky130_fd_sc_hd__xor2_1)
     3    0.01                           _03258_ (net)
                  0.22    0.00    3.09 ^ _08765_/A2 (sky130_fd_sc_hd__a21o_1)
                  0.13    0.23    3.32 ^ _08765_/X (sky130_fd_sc_hd__a21o_1)
     3    0.01                           _03263_ (net)
                  0.13    0.00    3.32 ^ _08819_/A1 (sky130_fd_sc_hd__a311oi_4)
                  0.10    0.12    3.44 v _08819_/Y (sky130_fd_sc_hd__a311oi_4)
     3    0.01                           _03315_ (net)
                  0.10    0.00    3.44 v _08897_/A1 (sky130_fd_sc_hd__o31a_1)
                  0.10    0.39    3.83 v _08897_/X (sky130_fd_sc_hd__o31a_1)
     4    0.02                           _03391_ (net)
                  0.10    0.00    3.83 v _09012_/A1 (sky130_fd_sc_hd__o31a_1)
                  0.10    0.39    4.22 v _09012_/X (sky130_fd_sc_hd__o31a_1)
     4    0.02                           _03502_ (net)
                  0.10    0.00    4.22 v _09126_/A1 (sky130_fd_sc_hd__o31a_1)
                  0.10    0.39    4.61 v _09126_/X (sky130_fd_sc_hd__o31a_1)
     3    0.01                           _03612_ (net)
                  0.10    0.00    4.61 v _09243_/A1 (sky130_fd_sc_hd__o31a_2)
                  0.09    0.44    5.05 v _09243_/X (sky130_fd_sc_hd__o31a_2)
     4    0.02                           _03725_ (net)
                  0.09    0.00    5.05 v _09361_/A1 (sky130_fd_sc_hd__o31a_1)
                  0.09    0.38    5.42 v _09361_/X (sky130_fd_sc_hd__o31a_1)
     4    0.01                           _03839_ (net)
                  0.09    0.00    5.42 v _09453_/A1 (sky130_fd_sc_hd__o31a_1)
                  0.06    0.33    5.76 v _09453_/X (sky130_fd_sc_hd__o31a_1)
     2    0.01                           _03927_ (net)
                  0.06    0.00    5.76 v _09480_/A1 (sky130_fd_sc_hd__a21o_1)
                  0.08    0.21    5.97 v _09480_/X (sky130_fd_sc_hd__a21o_1)
     5    0.01                           _03954_ (net)
                  0.08    0.00    5.97 v _09510_/A2 (sky130_fd_sc_hd__a31o_1)
                  0.04    0.22    6.19 v _09510_/X (sky130_fd_sc_hd__a31o_1)
     1    0.00                           _03983_ (net)
                  0.04    0.00    6.19 v _09511_/B2 (sky130_fd_sc_hd__o221a_1)
                  0.04    0.20    6.39 v _09511_/X (sky130_fd_sc_hd__o221a_1)
     1    0.00                           _00252_ (net)
                  0.04    0.00    6.39 v _13706_/D (sky130_fd_sc_hd__dfxtp_4)
                                  6.39   data arrival time

                         10.00   10.00   clock clk (rise edge)
                          0.00   10.00   clock source latency
                  0.14    0.09   10.09 ^ clk (in)
     1    0.03                           clk (net)
                  0.14    0.00   10.09 ^ clkbuf_0_clk/A (sky130_fd_sc_hd__clkbuf_16)
                  0.17    0.25   10.34 ^ clkbuf_0_clk/X (sky130_fd_sc_hd__clkbuf_16)
    16    0.16                           clknet_0_clk (net)
                  0.17    0.01   10.35 ^ clkbuf_4_7_0_clk/A (sky130_fd_sc_hd__clkbuf_8)
                  0.18    0.26   10.61 ^ clkbuf_4_7_0_clk/X (sky130_fd_sc_hd__clkbuf_8)
    10    0.10                           clknet_4_7_0_clk (net)
                  0.18    0.00   10.61 ^ clkbuf_leaf_82_clk/A (sky130_fd_sc_hd__clkbuf_16)
                  0.05    0.17   10.78 ^ clkbuf_leaf_82_clk/X (sky130_fd_sc_hd__clkbuf_16)
    13    0.03                           clknet_leaf_82_clk (net)
                  0.05    0.00   10.78 ^ _13706_/CLK (sky130_fd_sc_hd__dfxtp_4)
                         -0.25   10.53   clock uncertainty
                          0.04   10.57   clock reconvergence pessimism
                         -0.11   10.46   library setup time
                                 10.46   data required time
-----------------------------------------------------------------------------
                                 10.46   data required time
                                 -6.39   data arrival time
-----------------------------------------------------------------------------
                                  4.08   slack (MET)


