
===========================================================================
report_checks -path_delay min (Hold)
============================================================================
Startpoint: _13737_ (rising edge-triggered flip-flop clocked by clk)
Endpoint: _13769_ (rising edge-triggered flip-flop clocked by clk)
Path Group: clk
Path Type: min

Fanout     Cap    Slew   Delay    Time   Description
-----------------------------------------------------------------------------
                          0.00    0.00   clock clk (rise edge)
                          0.00    0.00   clock source latency
                  0.14    0.09    0.09 ^ clk (in)
     1    0.03                           clk (net)
                  0.14    0.00    0.09 ^ clkbuf_0_clk/A (sky130_fd_sc_hd__clkbuf_16)
                  0.17    0.25    0.34 ^ clkbuf_0_clk/X (sky130_fd_sc_hd__clkbuf_16)
    16    0.16                           clknet_0_clk (net)
                  0.17    0.01    0.35 ^ clkbuf_4_13_0_clk/A (sky130_fd_sc_hd__clkbuf_8)
                  0.14    0.23    0.58 ^ clkbuf_4_13_0_clk/X (sky130_fd_sc_hd__clkbuf_8)
     7    0.08                           clknet_4_13_0_clk (net)
                  0.14    0.00    0.58 ^ clkbuf_leaf_70_clk/A (sky130_fd_sc_hd__clkbuf_16)
                  0.05    0.16    0.74 ^ clkbuf_leaf_70_clk/X (sky130_fd_sc_hd__clkbuf_16)
    11    0.03                           clknet_leaf_70_clk (net)
                  0.05    0.00    0.74 ^ _13737_/CLK (sky130_fd_sc_hd__dfxtp_1)
                  0.09    0.33    1.07 ^ _13737_/Q (sky130_fd_sc_hd__dfxtp_1)
     3    0.01                           sha256cu.m_out_digest.f_in[28] (net)
                  0.09    0.00    1.07 ^ _09628_/B2 (sky130_fd_sc_hd__o22a_1)
                  0.04    0.11    1.18 ^ _09628_/X (sky130_fd_sc_hd__o22a_1)
     1    0.00                           _00315_ (net)
                  0.04    0.00    1.18 ^ _13769_/D (sky130_fd_sc_hd__dfxtp_1)
                                  1.18   data arrival time

                          0.00    0.00   clock clk (rise edge)
                          0.00    0.00   clock source latency
                  0.14    0.10    0.10 ^ clk (in)
     1    0.03                           clk (net)
                  0.14    0.00    0.10 ^ clkbuf_0_clk/A (sky130_fd_sc_hd__clkbuf_16)
                  0.17    0.27    0.38 ^ clkbuf_0_clk/X (sky130_fd_sc_hd__clkbuf_16)
    16    0.16                           clknet_0_clk (net)
                  0.17    0.01    0.38 ^ clkbuf_4_7_0_clk/A (sky130_fd_sc_hd__clkbuf_8)
                  0.18    0.29    0.67 ^ clkbuf_4_7_0_clk/X (sky130_fd_sc_hd__clkbuf_8)
    10    0.10                           clknet_4_7_0_clk (net)
                  0.18    0.00    0.67 ^ clkbuf_leaf_82_clk/A (sky130_fd_sc_hd__clkbuf_16)
                  0.05    0.19    0.87 ^ clkbuf_leaf_82_clk/X (sky130_fd_sc_hd__clkbuf_16)
    13    0.03                           clknet_leaf_82_clk (net)
                  0.05    0.00    0.87 ^ _13769_/CLK (sky130_fd_sc_hd__dfxtp_1)
                          0.25    1.12   clock uncertainty
                         -0.04    1.08   clock reconvergence pessimism
                         -0.03    1.05   library hold time
                                  1.05   data required time
-----------------------------------------------------------------------------
                                  1.05   data required time
                                 -1.18   data arrival time
-----------------------------------------------------------------------------
                                  0.13   slack (MET)


Startpoint: _13613_ (rising edge-triggered flip-flop clocked by clk)
Endpoint: _13645_ (rising edge-triggered flip-flop clocked by clk)
Path Group: clk
Path Type: min

Fanout     Cap    Slew   Delay    Time   Description
-----------------------------------------------------------------------------
                          0.00    0.00   clock clk (rise edge)
                          0.00    0.00   clock source latency
                  0.14    0.09    0.09 ^ clk (in)
     1    0.03                           clk (net)
                  0.14    0.00    0.09 ^ clkbuf_0_clk/A (sky130_fd_sc_hd__clkbuf_16)
                  0.17    0.25    0.34 ^ clkbuf_0_clk/X (sky130_fd_sc_hd__clkbuf_16)
    16    0.16                           clknet_0_clk (net)
                  0.17    0.01    0.35 ^ clkbuf_4_12_0_clk/A (sky130_fd_sc_hd__clkbuf_8)
                  0.11    0.21    0.56 ^ clkbuf_4_12_0_clk/X (sky130_fd_sc_hd__clkbuf_8)
     5    0.06                           clknet_4_12_0_clk (net)
                  0.11    0.00    0.56 ^ clkbuf_leaf_74_clk/A (sky130_fd_sc_hd__clkbuf_16)
                  0.04    0.14    0.69 ^ clkbuf_leaf_74_clk/X (sky130_fd_sc_hd__clkbuf_16)
     6    0.02                           clknet_leaf_74_clk (net)
                  0.04    0.00    0.69 ^ _13613_/CLK (sky130_fd_sc_hd__dfxtp_1)
                  0.10    0.32    1.02 ^ _13613_/Q (sky130_fd_sc_hd__dfxtp_1)
     3    0.01                           sha256cu.m_out_digest.c_in[0] (net)
                  0.10    0.00    1.02 ^ _08652_/B2 (sky130_fd_sc_hd__a22o_1)
                  0.04    0.12    1.13 ^ _08652_/X (sky130_fd_sc_hd__a22o_1)
     1    0.00                           _00191_ (net)
                  0.04    0.00    1.13 ^ _13645_/D (sky130_fd_sc_hd__dfxtp_1)
                                  1.13   data arrival time

                          0.00    0.00   clock clk (rise edge)
                          0.00    0.00   clock source latency
                  0.14    0.10    0.10 ^ clk (in)
     1    0.03                           clk (net)
                  0.14    0.00    0.10 ^ clkbuf_0_clk/A (sky130_fd_sc_hd__clkbuf_16)
                  0.17    0.27    0.38 ^ clkbuf_0_clk/X (sky130_fd_sc_hd__clkbuf_16)
    16    0.16                           clknet_0_clk (net)
                  0.17    0.01    0.38 ^ clkbuf_4_13_0_clk/A (sky130_fd_sc_hd__clkbuf_8)
                  0.14    0.26    0.64 ^ clkbuf_4_13_0_clk/X (sky130_fd_sc_hd__clkbuf_8)
     7    0.08                           clknet_4_13_0_clk (net)
                  0.14    0.00    0.64 ^ clkbuf_leaf_71_clk/A (sky130_fd_sc_hd__clkbuf_16)
                  0.05    0.17    0.82 ^ clkbuf_leaf_71_clk/X (sky130_fd_sc_hd__clkbuf_16)
    10    0.03                           clknet_leaf_71_clk (net)
                  0.05    0.00    0.82 ^ _13645_/CLK (sky130_fd_sc_hd__dfxtp_1)
                          0.25    1.07   clock uncertainty
                         -0.04    1.03   clock reconvergence pessimism
                         -0.03    1.00   library hold time
                                  1.00   data required time
-----------------------------------------------------------------------------
                                  1.00   data required time
                                 -1.13   data arrival time
-----------------------------------------------------------------------------
                                  0.13   slack (MET)


Startpoint: _13643_ (rising edge-triggered flip-flop clocked by clk)
Endpoint: _13675_ (rising edge-triggered flip-flop clocked by clk)
Path Group: clk
Path Type: min

Fanout     Cap    Slew   Delay    Time   Description
-----------------------------------------------------------------------------
                          0.00    0.00   clock clk (rise edge)
                          0.00    0.00   clock source latency
                  0.14    0.09    0.09 ^ clk (in)
     1    0.03                           clk (net)
                  0.14    0.00    0.09 ^ clkbuf_0_clk/A (sky130_fd_sc_hd__clkbuf_16)
                  0.17    0.25    0.34 ^ clkbuf_0_clk/X (sky130_fd_sc_hd__clkbuf_16)
    16    0.16                           clknet_0_clk (net)
                  0.17    0.01    0.35 ^ clkbuf_4_12_0_clk/A (sky130_fd_sc_hd__clkbuf_8)
                  0.11    0.21    0.56 ^ clkbuf_4_12_0_clk/X (sky130_fd_sc_hd__clkbuf_8)
     5    0.06                           clknet_4_12_0_clk (net)
                  0.11    0.00    0.56 ^ clkbuf_leaf_74_clk/A (sky130_fd_sc_hd__clkbuf_16)
                  0.04    0.14    0.69 ^ clkbuf_leaf_74_clk/X (sky130_fd_sc_hd__clkbuf_16)
     6    0.02                           clknet_leaf_74_clk (net)
                  0.04    0.00    0.69 ^ _13643_/CLK (sky130_fd_sc_hd__dfxtp_1)
                  0.10    0.32    1.02 ^ _13643_/Q (sky130_fd_sc_hd__dfxtp_1)
     3    0.01                           sha256cu.m_out_digest.c_in[30] (net)
                  0.10    0.00    1.02 ^ _08689_/B2 (sky130_fd_sc_hd__a22o_1)
                  0.04    0.12    1.13 ^ _08689_/X (sky130_fd_sc_hd__a22o_1)
     1    0.00                           _00221_ (net)
                  0.04    0.00    1.13 ^ _13675_/D (sky130_fd_sc_hd__dfxtp_1)
                                  1.13   data arrival time

                          0.00    0.00   clock clk (rise edge)
                          0.00    0.00   clock source latency
                  0.14    0.10    0.10 ^ clk (in)
     1    0.03                           clk (net)
                  0.14    0.00    0.10 ^ clkbuf_0_clk/A (sky130_fd_sc_hd__clkbuf_16)
                  0.17    0.27    0.38 ^ clkbuf_0_clk/X (sky130_fd_sc_hd__clkbuf_16)
    16    0.16                           clknet_0_clk (net)
                  0.17    0.01    0.38 ^ clkbuf_4_13_0_clk/A (sky130_fd_sc_hd__clkbuf_8)
                  0.14    0.26    0.64 ^ clkbuf_4_13_0_clk/X (sky130_fd_sc_hd__clkbuf_8)
     7    0.08                           clknet_4_13_0_clk (net)
                  0.14    0.00    0.64 ^ clkbuf_leaf_71_clk/A (sky130_fd_sc_hd__clkbuf_16)
                  0.05    0.17    0.82 ^ clkbuf_leaf_71_clk/X (sky130_fd_sc_hd__clkbuf_16)
    10    0.03                           clknet_leaf_71_clk (net)
                  0.05    0.00    0.82 ^ _13675_/CLK (sky130_fd_sc_hd__dfxtp_1)
                          0.25    1.07   clock uncertainty
                         -0.04    1.03   clock reconvergence pessimism
                         -0.03    1.00   library hold time
                                  1.00   data required time
-----------------------------------------------------------------------------
                                  1.00   data required time
                                 -1.13   data arrival time
-----------------------------------------------------------------------------
                                  0.13   slack (MET)


Startpoint: _13609_ (rising edge-triggered flip-flop clocked by clk)
Endpoint: _13641_ (rising edge-triggered flip-flop clocked by clk)
Path Group: clk
Path Type: min

Fanout     Cap    Slew   Delay    Time   Description
-----------------------------------------------------------------------------
                          0.00    0.00   clock clk (rise edge)
                          0.00    0.00   clock source latency
                  0.14    0.09    0.09 ^ clk (in)
     1    0.03                           clk (net)
                  0.14    0.00    0.09 ^ clkbuf_0_clk/A (sky130_fd_sc_hd__clkbuf_16)
                  0.17    0.25    0.34 ^ clkbuf_0_clk/X (sky130_fd_sc_hd__clkbuf_16)
    16    0.16                           clknet_0_clk (net)
                  0.17    0.01    0.35 ^ clkbuf_4_6_0_clk/A (sky130_fd_sc_hd__clkbuf_8)
                  0.15    0.24    0.59 ^ clkbuf_4_6_0_clk/X (sky130_fd_sc_hd__clkbuf_8)
     8    0.08                           clknet_4_6_0_clk (net)
                  0.15    0.00    0.59 ^ clkbuf_leaf_78_clk/A (sky130_fd_sc_hd__clkbuf_16)
                  0.04    0.15    0.74 ^ clkbuf_leaf_78_clk/X (sky130_fd_sc_hd__clkbuf_16)
     7    0.02                           clknet_leaf_78_clk (net)
                  0.04    0.00    0.74 ^ _13609_/CLK (sky130_fd_sc_hd__dfxtp_1)
                  0.11    0.33    1.07 ^ _13609_/Q (sky130_fd_sc_hd__dfxtp_1)
     4    0.01                           sha256cu.m_out_digest.b_in[28] (net)
                  0.11    0.00    1.07 ^ _08648_/B2 (sky130_fd_sc_hd__o22a_1)
                  0.04    0.12    1.19 ^ _08648_/X (sky130_fd_sc_hd__o22a_1)
     1    0.00                           _00187_ (net)
                  0.04    0.00    1.19 ^ _13641_/D (sky130_fd_sc_hd__dfxtp_1)
                                  1.19   data arrival time

                          0.00    0.00   clock clk (rise edge)
                          0.00    0.00   clock source latency
                  0.14    0.10    0.10 ^ clk (in)
     1    0.03                           clk (net)
                  0.14    0.00    0.10 ^ clkbuf_0_clk/A (sky130_fd_sc_hd__clkbuf_16)
                  0.17    0.27    0.38 ^ clkbuf_0_clk/X (sky130_fd_sc_hd__clkbuf_16)
    16    0.16                           clknet_0_clk (net)
                  0.17    0.01    0.38 ^ clkbuf_4_7_0_clk/A (sky130_fd_sc_hd__clkbuf_8)
                  0.18    0.29    0.67 ^ clkbuf_4_7_0_clk/X (sky130_fd_sc_hd__clkbuf_8)
    10    0.10                           clknet_4_7_0_clk (net)
                  0.18    0.00    0.67 ^ clkbuf_leaf_82_clk/A (sky130_fd_sc_hd__clkbuf_16)
                  0.05    0.19    0.87 ^ clkbuf_leaf_82_clk/X (sky130_fd_sc_hd__clkbuf_16)
    13    0.03                           clknet_leaf_82_clk (net)
                  0.05    0.00    0.87 ^ _13641_/CLK (sky130_fd_sc_hd__dfxtp_1)
                          0.25    1.12   clock uncertainty
                         -0.04    1.08   clock reconvergence pessimism
                         -0.03    1.05   library hold time
                                  1.05   data required time
-----------------------------------------------------------------------------
                                  1.05   data required time
                                 -1.19   data arrival time
-----------------------------------------------------------------------------
                                  0.14   slack (MET)


Startpoint: _13599_ (rising edge-triggered flip-flop clocked by clk)
Endpoint: _13631_ (rising edge-triggered flip-flop clocked by clk)
Path Group: clk
Path Type: min

Fanout     Cap    Slew   Delay    Time   Description
-----------------------------------------------------------------------------
                          0.00    0.00   clock clk (rise edge)
                          0.00    0.00   clock source latency
                  0.14    0.09    0.09 ^ clk (in)
     1    0.03                           clk (net)
                  0.14    0.00    0.09 ^ clkbuf_0_clk/A (sky130_fd_sc_hd__clkbuf_16)
                  0.17    0.25    0.34 ^ clkbuf_0_clk/X (sky130_fd_sc_hd__clkbuf_16)
    16    0.16                           clknet_0_clk (net)
                  0.17    0.01    0.35 ^ clkbuf_4_13_0_clk/A (sky130_fd_sc_hd__clkbuf_8)
                  0.14    0.23    0.58 ^ clkbuf_4_13_0_clk/X (sky130_fd_sc_hd__clkbuf_8)
     7    0.08                           clknet_4_13_0_clk (net)
                  0.14    0.00    0.58 ^ clkbuf_leaf_69_clk/A (sky130_fd_sc_hd__clkbuf_16)
                  0.05    0.16    0.74 ^ clkbuf_leaf_69_clk/X (sky130_fd_sc_hd__clkbuf_16)
    13    0.03                           clknet_leaf_69_clk (net)
                  0.05    0.00    0.74 ^ _13599_/CLK (sky130_fd_sc_hd__dfxtp_1)
                  0.11    0.34    1.08 ^ _13599_/Q (sky130_fd_sc_hd__dfxtp_1)
     4    0.01                           sha256cu.m_out_digest.b_in[18] (net)
                  0.11    0.00    1.08 ^ _08638_/B2 (sky130_fd_sc_hd__o22a_1)
                  0.04    0.12    1.20 ^ _08638_/X (sky130_fd_sc_hd__o22a_1)
     1    0.00                           _00177_ (net)
                  0.04    0.00    1.20 ^ _13631_/D (sky130_fd_sc_hd__dfxtp_1)
                                  1.20   data arrival time

                          0.00    0.00   clock clk (rise edge)
                          0.00    0.00   clock source latency
                  0.14    0.10    0.10 ^ clk (in)
     1    0.03                           clk (net)
                  0.14    0.00    0.10 ^ clkbuf_0_clk/A (sky130_fd_sc_hd__clkbuf_16)
                  0.17    0.27    0.38 ^ clkbuf_0_clk/X (sky130_fd_sc_hd__clkbuf_16)
    16    0.16                           clknet_0_clk (net)
                  0.17    0.01    0.38 ^ clkbuf_4_7_0_clk/A (sky130_fd_sc_hd__clkbuf_8)
                  0.18    0.29    0.67 ^ clkbuf_4_7_0_clk/X (sky130_fd_sc_hd__clkbuf_8)
    10    0.10                           clknet_4_7_0_clk (net)
                  0.18    0.00    0.68 ^ clkbuf_leaf_84_clk/A (sky130_fd_sc_hd__clkbuf_16)
                  0.05    0.19    0.87 ^ clkbuf_leaf_84_clk/X (sky130_fd_sc_hd__clkbuf_16)
    13    0.03                           clknet_leaf_84_clk (net)
                  0.05    0.00    0.87 ^ _13631_/CLK (sky130_fd_sc_hd__dfxtp_1)
                          0.25    1.12   clock uncertainty
                         -0.04    1.08   clock reconvergence pessimism
                         -0.03    1.05   library hold time
                                  1.05   data required time
-----------------------------------------------------------------------------
                                  1.05   data required time
                                 -1.20   data arrival time
-----------------------------------------------------------------------------
                                  0.15   slack (MET)


