
===========================================================================
report_checks -unconstrained
============================================================================
Startpoint: _13680_ (rising edge-triggered flip-flop clocked by clk)
Endpoint: _13708_ (rising edge-triggered flip-flop clocked by clk)
Path Group: clk
Path Type: max

Fanout     Cap    Slew   Delay    Time   Description
-----------------------------------------------------------------------------
                          0.00    0.00   clock clk (rise edge)
                          0.00    0.00   clock source latency
                  0.14    0.10    0.10 ^ clk (in)
     1    0.03                           clk (net)
                  0.14    0.00    0.10 ^ clkbuf_0_clk/A (sky130_fd_sc_hd__clkbuf_16)
                  0.17    0.27    0.38 ^ clkbuf_0_clk/X (sky130_fd_sc_hd__clkbuf_16)
    16    0.16                           clknet_0_clk (net)
                  0.17    0.01    0.38 ^ clkbuf_4_13_0_clk/A (sky130_fd_sc_hd__clkbuf_8)
                  0.14    0.26    0.64 ^ clkbuf_4_13_0_clk/X (sky130_fd_sc_hd__clkbuf_8)
     7    0.08                           clknet_4_13_0_clk (net)
                  0.14    0.00    0.64 ^ clkbuf_leaf_66_clk/A (sky130_fd_sc_hd__clkbuf_16)
                  0.04    0.17    0.81 ^ clkbuf_leaf_66_clk/X (sky130_fd_sc_hd__clkbuf_16)
     8    0.02                           clknet_leaf_66_clk (net)
                  0.04    0.00    0.81 ^ _13680_/CLK (sky130_fd_sc_hd__dfxtp_2)
                  0.17    0.43    1.24 ^ _13680_/Q (sky130_fd_sc_hd__dfxtp_2)
     6    0.03                           sha256cu.m_out_digest.e_in[3] (net)
                  0.17    0.00    1.24 ^ _07493_/S (sky130_fd_sc_hd__mux2_1)
                  0.09    0.41    1.65 v _07493_/X (sky130_fd_sc_hd__mux2_1)
     4    0.01                           _02120_ (net)
                  0.09    0.00    1.65 v _08743_/B (sky130_fd_sc_hd__or2_1)
                  0.06    0.25    1.90 v _08743_/X (sky130_fd_sc_hd__or2_1)
     2    0.00                           _03242_ (net)
                  0.06    0.00    1.90 v _08744_/B (sky130_fd_sc_hd__nand2_1)
                  0.06    0.09    1.99 ^ _08744_/Y (sky130_fd_sc_hd__nand2_1)
     1    0.01                           _03243_ (net)
                  0.06    0.00    1.99 ^ _08745_/B (sky130_fd_sc_hd__xor2_1)
                  0.20    0.21    2.20 ^ _08745_/X (sky130_fd_sc_hd__xor2_1)
     2    0.01                           _03244_ (net)
                  0.20    0.00    2.20 ^ _08752_/A (sky130_fd_sc_hd__xor2_1)
                  0.19    0.23    2.43 ^ _08752_/X (sky130_fd_sc_hd__xor2_1)
     2    0.01                           _03251_ (net)
                  0.19    0.00    2.43 ^ _08755_/A (sky130_fd_sc_hd__xnor2_1)
                  0.27    0.21    2.64 ^ _08755_/Y (sky130_fd_sc_hd__xnor2_1)
     2    0.01                           _03254_ (net)
                  0.27    0.00    2.64 ^ _08756_/B (sky130_fd_sc_hd__xnor2_1)
                  0.21    0.20    2.84 ^ _08756_/Y (sky130_fd_sc_hd__xnor2_1)
     2    0.01                           _03255_ (net)
                  0.21    0.00    2.84 ^ _08759_/A (sky130_fd_sc_hd__xor2_1)
                  0.22    0.25    3.09 ^ _08759_/X (sky130_fd_sc_hd__xor2_1)
     3    0.01                           _03258_ (net)
                  0.22    0.00    3.09 ^ _08765_/A2 (sky130_fd_sc_hd__a21o_1)
                  0.13    0.23    3.32 ^ _08765_/X (sky130_fd_sc_hd__a21o_1)
     3    0.01                           _03263_ (net)
                  0.13    0.00    3.32 ^ _08819_/A1 (sky130_fd_sc_hd__a311oi_4)
                  0.10    0.12    3.44 v _08819_/Y (sky130_fd_sc_hd__a311oi_4)
     3    0.01                           _03315_ (net)
                  0.10    0.00    3.44 v _08897_/A1 (sky130_fd_sc_hd__o31a_1)
                  0.10    0.39    3.83 v _08897_/X (sky130_fd_sc_hd__o31a_1)
     4    0.02                           _03391_ (net)
                  0.10    0.00    3.83 v _09012_/A1 (sky130_fd_sc_hd__o31a_1)
                  0.10    0.39    4.22 v _09012_/X (sky130_fd_sc_hd__o31a_1)
     4    0.02                           _03502_ (net)
                  0.10    0.00    4.22 v _09126_/A1 (sky130_fd_sc_hd__o31a_1)
                  0.10    0.39    4.61 v _09126_/X (sky130_fd_sc_hd__o31a_1)
     3    0.01                           _03612_ (net)
                  0.10    0.00    4.61 v _09243_/A1 (sky130_fd_sc_hd__o31a_2)
                  0.09    0.44    5.05 v _09243_/X (sky130_fd_sc_hd__o31a_2)
     4    0.02                           _03725_ (net)
                  0.09    0.00    5.05 v _09361_/A1 (sky130_fd_sc_hd__o31a_1)
                  0.09    0.38    5.42 v _09361_/X (sky130_fd_sc_hd__o31a_1)
     4    0.01                           _03839_ (net)
                  0.09    0.00    5.42 v _09453_/A1 (sky130_fd_sc_hd__o31a_1)
                  0.06    0.33    5.76 v _09453_/X (sky130_fd_sc_hd__o31a_1)
     2    0.01                           _03927_ (net)
                  0.06    0.00    5.76 v _09480_/A1 (sky130_fd_sc_hd__a21o_1)
                  0.08    0.21    5.97 v _09480_/X (sky130_fd_sc_hd__a21o_1)
     5    0.01                           _03954_ (net)
                  0.08    0.00    5.97 v _09535_/A1 (sky130_fd_sc_hd__a211o_1)
                  0.07    0.30    6.27 v _09535_/X (sky130_fd_sc_hd__a211o_1)
     3    0.01                           _04007_ (net)
                  0.07    0.00    6.27 v _09552_/B (sky130_fd_sc_hd__and3_1)
                  0.04    0.18    6.45 v _09552_/X (sky130_fd_sc_hd__and3_1)
     1    0.00                           _04023_ (net)
                  0.04    0.00    6.45 v _09555_/A2 (sky130_fd_sc_hd__o311a_1)
                  0.05    0.33    6.78 v _09555_/X (sky130_fd_sc_hd__o311a_1)
     1    0.00                           _00254_ (net)
                  0.05    0.00    6.78 v _13708_/D (sky130_fd_sc_hd__dfxtp_4)
                                  6.78   data arrival time

                         10.00   10.00   clock clk (rise edge)
                          0.00   10.00   clock source latency
                  0.14    0.09   10.09 ^ clk (in)
     1    0.03                           clk (net)
                  0.14    0.00   10.09 ^ clkbuf_0_clk/A (sky130_fd_sc_hd__clkbuf_16)
                  0.17    0.25   10.34 ^ clkbuf_0_clk/X (sky130_fd_sc_hd__clkbuf_16)
    16    0.16                           clknet_0_clk (net)
                  0.17    0.01   10.35 ^ clkbuf_4_7_0_clk/A (sky130_fd_sc_hd__clkbuf_8)
                  0.18    0.26   10.61 ^ clkbuf_4_7_0_clk/X (sky130_fd_sc_hd__clkbuf_8)
    10    0.10                           clknet_4_7_0_clk (net)
                  0.18    0.00   10.61 ^ clkbuf_leaf_82_clk/A (sky130_fd_sc_hd__clkbuf_16)
                  0.05    0.17   10.78 ^ clkbuf_leaf_82_clk/X (sky130_fd_sc_hd__clkbuf_16)
    13    0.03                           clknet_leaf_82_clk (net)
                  0.05    0.00   10.78 ^ _13708_/CLK (sky130_fd_sc_hd__dfxtp_4)
                         -0.25   10.53   clock uncertainty
                          0.04   10.57   clock reconvergence pessimism
                         -0.11   10.46   library setup time
                                 10.46   data required time
-----------------------------------------------------------------------------
                                 10.46   data required time
                                 -6.78   data arrival time
-----------------------------------------------------------------------------
                                  3.68   slack (MET)



===========================================================================
report_checks --slack_max -0.01
============================================================================
No paths found.
