OpenROAD 1a1617d908d2ebdb731de9ab4e3d9fd93a6dcf97 
This program is licensed under the BSD-3 license. See the LICENSE file for details.
Components of this program may be licensed under more restrictive licenses which must be honored.
[INFO ODB-0222] Reading LEF file: /openlane/designs/password_cracker/runs/RUN_2023.03.23_09.07.37/tmp/merged.max.lef
[WARNING ODB-0220] WARNING (LEFPARS-2036): SOURCE statement is obsolete in version 5.6 and later.
The LEF parser will ignore this statement.
To avoid this warning in the future, remove this statement from the LEF file with version 5.6 or later. See file /openlane/designs/password_cracker/runs/RUN_2023.03.23_09.07.37/tmp/merged.max.lef at line 930.

[INFO ODB-0223]     Created 13 technology layers
[INFO ODB-0224]     Created 25 technology vias
[INFO ODB-0225]     Created 441 library cells
[INFO ODB-0226] Finished LEF file:  /openlane/designs/password_cracker/runs/RUN_2023.03.23_09.07.37/tmp/merged.max.lef
[INFO ODB-0127] Reading DEF file: /openlane/designs/password_cracker/runs/RUN_2023.03.23_09.07.37/results/routing/password_cracker.def
[INFO ODB-0128] Design: password_cracker
[INFO ODB-0130]     Created 295 pins.
[INFO ODB-0131]     Created 23738 components and 119161 component-terminals.
[INFO ODB-0132]     Created 2 special nets and 89960 connections.
[INFO ODB-0133]     Created 8877 nets and 29169 connections.
[INFO ODB-0134] Finished DEF file: /openlane/designs/password_cracker/runs/RUN_2023.03.23_09.07.37/results/routing/password_cracker.def
Using RCX ruleset '/home/ut/.volare/sky130A/libs.tech/openlane/rules.openrcx.sky130A.max.calibre'...
[INFO RCX-0431] Defined process_corner X with ext_model_index 0
[INFO RCX-0029] Defined extraction corner X
[INFO RCX-0008] extracting parasitics of password_cracker ...
[INFO RCX-0435] Reading extraction model file /home/ut/.volare/sky130A/libs.tech/openlane/rules.openrcx.sky130A.max.calibre ...
[INFO RCX-0436] RC segment generation password_cracker (max_merge_res 50.0) ...
[INFO RCX-0040] Final 45562 rc segments
[INFO RCX-0439] Coupling Cap extraction password_cracker ...
[INFO RCX-0440] Coupling threshhold is 0.1000 fF, coupling capacitance less than 0.1000 fF will be grounded.
[INFO RCX-0043] 66697 wires to be extracted
[INFO RCX-0442] 50% completion -- 33902 wires have been extracted
[INFO RCX-0442] 100% completion -- 66697 wires have been extracted
[INFO RCX-0045] Extract 8877 nets, 54436 rsegs, 54436 caps, 84123 ccs
[INFO RCX-0015] Finished extracting password_cracker.
Writing result to /openlane/designs/password_cracker/runs/RUN_2023.03.23_09.07.37/results/routing/mca/process_corner_max/password_cracker.spef...
Setting global connections for newly added cells...
[WARNING] Did not save OpenROAD database!
Writing extracted parasitics to /openlane/designs/password_cracker/runs/RUN_2023.03.23_09.07.37/results/routing/mca/process_corner_max/password_cracker.spef...
[INFO RCX-0016] Writing SPEF ...
[INFO RCX-0443] 8877 nets finished
[INFO RCX-0017] Finished writing SPEF ...
