
Magic 8.3 revision 376 - Compiled on Sat Mar 11 14:18:38 UTC 2023.
Starting magic under Tcl interpreter
Using the terminal as the console.
Using NULL graphics device.
Processing system .magicrc file
Sourcing design .magicrc for technology sky130A ...
2 Magic internal units = 1 Lambda
Input style sky130(): scaleFactor=2, multiplier=2
The following types are not handled by extraction and will be treated as non-electrical types:
    ubm 
Scaled tech values by 2 / 1 to match internal grid scaling
Loading sky130A Device Generator Menu ...
Using technology "sky130A", version 1.0.403-0-g12df12e
Reading LEF data from file /home/ut/.volare/sky130A/libs.ref/sky130_fd_sc_hd/techlef/sky130_fd_sc_hd__nom.tlef.
This action cannot be undone.
LEF read, Line 78 (Message): Unknown keyword "ANTENNAMODEL" in LEF file; ignoring.
LEF read, Line 79 (Message): Unknown keyword "ANTENNADIFFSIDEAREARATIO" in LEF file; ignoring.
LEF read, Line 112 (Message): Unknown keyword "MINENCLOSEDAREA" in LEF file; ignoring.
LEF read, Line 114 (Message): Unknown keyword "ANTENNAMODEL" in LEF file; ignoring.
LEF read, Line 115 (Message): Unknown keyword "ANTENNADIFFSIDEAREARATIO" in LEF file; ignoring.
LEF read, Line 121 (Message): Unknown keyword "MAXIMUMDENSITY" in LEF file; ignoring.
LEF read, Line 122 (Message): Unknown keyword "DENSITYCHECKWINDOW" in LEF file; ignoring.
LEF read, Line 123 (Message): Unknown keyword "DENSITYCHECKSTEP" in LEF file; ignoring.
LEF read, Line 156 (Message): Unknown keyword "MINENCLOSEDAREA" in LEF file; ignoring.
LEF read, Line 164 (Message): Unknown keyword "ANTENNAMODEL" in LEF file; ignoring.
LEF read, Line 165 (Message): Unknown keyword "ANTENNADIFFSIDEAREARATIO" in LEF file; ignoring.
LEF read, Line 167 (Message): Unknown keyword "MAXIMUMDENSITY" in LEF file; ignoring.
LEF read, Line 168 (Message): Unknown keyword "DENSITYCHECKWINDOW" in LEF file; ignoring.
LEF read, Line 169 (Message): Unknown keyword "DENSITYCHECKSTEP" in LEF file; ignoring.
LEF read, Line 206 (Message): Unknown keyword "ANTENNAMODEL" in LEF file; ignoring.
LEF read, Line 207 (Message): Unknown keyword "ANTENNADIFFSIDEAREARATIO" in LEF file; ignoring.
LEF read, Line 209 (Message): Unknown keyword "MAXIMUMDENSITY" in LEF file; ignoring.
LEF read, Line 210 (Message): Unknown keyword "DENSITYCHECKWINDOW" in LEF file; ignoring.
LEF read, Line 211 (Message): Unknown keyword "DENSITYCHECKSTEP" in LEF file; ignoring.
LEF read, Line 248 (Message): Unknown keyword "ANTENNAMODEL" in LEF file; ignoring.
LEF read, Line 249 (Message): Unknown keyword "ANTENNADIFFSIDEAREARATIO" in LEF file; ignoring.
LEF read, Line 251 (Message): Unknown keyword "MAXIMUMDENSITY" in LEF file; ignoring.
LEF read, Line 252 (Message): Unknown keyword "DENSITYCHECKWINDOW" in LEF file; ignoring.
LEF read, Line 253 (Message): Unknown keyword "DENSITYCHECKSTEP" in LEF file; ignoring.
LEF read, Line 290 (Message): Unknown keyword "ANTENNAMODEL" in LEF file; ignoring.
LEF read, Line 291 (Message): Unknown keyword "ANTENNADIFFSIDEAREARATIO" in LEF file; ignoring.
LEF read: Processed 797 lines.
Reading DEF data from file /openlane/designs/password_cracker/runs/RUN_2023.03.23_09.07.37/results/routing/password_cracker.def.
This action cannot be undone.
  Processed 4 vias total.
  Processed 23738 subcell instances total.
  Processed 295 pins total.
  Processed 2 special nets total.
  Processed 8877 nets total.
DEF read: Processed 164646 lines.
Moving label "_00015_" from metal3 to via3 in cell password_cracker.
Moving label "_00017_" from metal2 to via2 in cell password_cracker.
Moving label "_00022_" from metal1 to via1 in cell password_cracker.
Moving label "_00024_" from metal3 to via3 in cell password_cracker.
Moving label "_00034_" from metal1 to via1 in cell password_cracker.
Moving label "_00040_" from metal2 to via2 in cell password_cracker.
Moving label "_00078_" from metal1 to via1 in cell password_cracker.
Moving label "_00087_" from metal1 to via1 in cell password_cracker.
Moving label "_00088_" from metal1 to via1 in cell password_cracker.
Moving label "_00089_" from metal1 to via1 in cell password_cracker.
Moving label "_00091_" from metal1 to via1 in cell password_cracker.
Moving label "_00108_" from metal1 to via1 in cell password_cracker.
Moving label "_00112_" from metal1 to via1 in cell password_cracker.
Moving label "_00136_" from metal1 to via1 in cell password_cracker.
Moving label "_00139_" from metal1 to via1 in cell password_cracker.
Moving label "_00144_" from metal1 to via1 in cell password_cracker.
Moving label "_00148_" from metal1 to via1 in cell password_cracker.
Moving label "_00154_" from metal1 to via1 in cell password_cracker.
Moving label "_00158_" from metal1 to via1 in cell password_cracker.
Moving label "_00164_" from metal1 to via1 in cell password_cracker.
Moving label "_00179_" from metal1 to via1 in cell password_cracker.
Moving label "_00203_" from metal1 to via1 in cell password_cracker.
Moving label "_00220_" from metal1 to via1 in cell password_cracker.
Moving label "_00234_" from metal2 to via1 in cell password_cracker.
Moving label "_00261_" from metal1 to via1 in cell password_cracker.
Moving label "_00268_" from metal1 to via1 in cell password_cracker.
Moving label "_00269_" from metal1 to via1 in cell password_cracker.
Moving label "_00277_" from metal1 to via1 in cell password_cracker.
Moving label "_00291_" from metal1 to via1 in cell password_cracker.
Moving label "_00298_" from metal1 to via1 in cell password_cracker.
Moving label "_00299_" from metal1 to via1 in cell password_cracker.
Moving label "_00308_" from metal1 to via1 in cell password_cracker.
Moving label "_00312_" from metal1 to via1 in cell password_cracker.
Moving label "_00319_" from metal1 to viali in cell password_cracker.
Moving label "_00368_" from metal1 to via1 in cell password_cracker.
Moving label "_00375_" from metal1 to via1 in cell password_cracker.
Moving label "_00385_" from metal1 to via1 in cell password_cracker.
Moving label "_00398_" from metal1 to via1 in cell password_cracker.
Moving label "_00401_" from metal1 to via1 in cell password_cracker.
Moving label "_00406_" from metal1 to via1 in cell password_cracker.
Moving label "_00407_" from metal1 to via1 in cell password_cracker.
Moving label "_00410_" from metal1 to via1 in cell password_cracker.
Moving label "_00413_" from metal1 to via1 in cell password_cracker.
Moving label "_00433_" from metal1 to via1 in cell password_cracker.
Moving label "_00466_" from metal1 to via1 in cell password_cracker.
Moving label "_00487_" from metal1 to via1 in cell password_cracker.
Moving label "_00488_" from metal1 to via1 in cell password_cracker.
Moving label "_00504_" from metal1 to via1 in cell password_cracker.
Moving label "_00507_" from metal1 to via1 in cell password_cracker.
Moving label "_00525_" from metal1 to via1 in cell password_cracker.
Moving label "_00536_" from metal1 to viali in cell password_cracker.
Moving label "_00545_" from metal1 to via1 in cell password_cracker.
Moving label "_00547_" from metal1 to via1 in cell password_cracker.
Moving label "_00550_" from metal1 to via1 in cell password_cracker.
Moving label "_00554_" from metal1 to via1 in cell password_cracker.
Moving label "_00556_" from metal1 to via1 in cell password_cracker.
Moving label "_00573_" from metal1 to via1 in cell password_cracker.
Moving label "_00586_" from metal1 to via1 in cell password_cracker.
Moving label "_00590_" from metal1 to via1 in cell password_cracker.
Moving label "_00617_" from metal1 to via1 in cell password_cracker.
Moving label "_00620_" from metal1 to via1 in cell password_cracker.
Moving label "_00633_" from metal1 to via1 in cell password_cracker.
Moving label "_00649_" from metal1 to via1 in cell password_cracker.
Moving label "_00655_" from metal1 to via1 in cell password_cracker.
Moving label "_00656_" from metal1 to via1 in cell password_cracker.
Moving label "_00658_" from metal1 to via1 in cell password_cracker.
Moving label "_00695_" from metal1 to viali in cell password_cracker.
Moving label "_00736_" from metal1 to via1 in cell password_cracker.
Moving label "_00745_" from metal1 to via1 in cell password_cracker.
Moving label "_00755_" from metal1 to via1 in cell password_cracker.
Moving label "_00759_" from metal1 to via1 in cell password_cracker.
Moving label "_00772_" from metal1 to via1 in cell password_cracker.
Moving label "_00775_" from metal1 to via1 in cell password_cracker.
Moving label "_00776_" from metal1 to via1 in cell password_cracker.
Moving label "_00808_" from metal1 to viali in cell password_cracker.
Moving label "_00825_" from metal1 to via1 in cell password_cracker.
Moving label "_00857_" from metal1 to via1 in cell password_cracker.
Moving label "_00894_" from metal1 to via1 in cell password_cracker.
Moving label "_00903_" from metal1 to via1 in cell password_cracker.
Moving label "_00926_" from metal1 to via1 in cell password_cracker.
Moving label "_00946_" from metal1 to via1 in cell password_cracker.
Moving label "_00960_" from metal1 to via1 in cell password_cracker.
Moving label "_00984_" from metal1 to via1 in cell password_cracker.
Moving label "_01002_" from metal1 to via1 in cell password_cracker.
Moving label "_01041_" from metal1 to via1 in cell password_cracker.
Moving label "_01042_" from metal1 to via1 in cell password_cracker.
Moving label "_01049_" from metal1 to viali in cell password_cracker.
Moving label "_01058_" from metal1 to via1 in cell password_cracker.
Moving label "_01069_" from metal1 to via1 in cell password_cracker.
Moving label "_01075_" from metal1 to via1 in cell password_cracker.
Moving label "_01081_" from metal1 to via1 in cell password_cracker.
Moving label "_01095_" from metal1 to via1 in cell password_cracker.
Moving label "_01097_" from metal1 to viali in cell password_cracker.
Moving label "_01100_" from metal1 to via1 in cell password_cracker.
Moving label "_01106_" from metal1 to via1 in cell password_cracker.
Moving label "_01107_" from metal1 to via1 in cell password_cracker.
Moving label "_01109_" from metal1 to via1 in cell password_cracker.
Moving label "_01112_" from metal2 to via1 in cell password_cracker.
Moving label "_01116_" from metal1 to via1 in cell password_cracker.
Moving label "_01142_" from metal1 to via1 in cell password_cracker.
Moving label "_01154_" from metal1 to via1 in cell password_cracker.
Moving label "_01155_" from metal1 to via1 in cell password_cracker.
Moving label "_01162_" from metal1 to via1 in cell password_cracker.
Moving label "_01167_" from metal1 to via1 in cell password_cracker.
Moving label "_01170_" from metal1 to via1 in cell password_cracker.
Moving label "_01172_" from metal1 to via1 in cell password_cracker.
Moving label "_01173_" from metal1 to via1 in cell password_cracker.
Moving label "_01176_" from metal1 to via1 in cell password_cracker.
Moving label "_01180_" from metal1 to via1 in cell password_cracker.
Moving label "_01224_" from metal1 to via1 in cell password_cracker.
Moving label "_01234_" from metal1 to via1 in cell password_cracker.
Moving label "_01246_" from metal1 to via1 in cell password_cracker.
Moving label "_01262_" from metal1 to via1 in cell password_cracker.
Moving label "_01285_" from metal1 to via1 in cell password_cracker.
Moving label "_01293_" from metal1 to via1 in cell password_cracker.
Moving label "_01299_" from metal1 to via1 in cell password_cracker.
Moving label "_01301_" from metal1 to via1 in cell password_cracker.
Moving label "_01320_" from metal1 to via1 in cell password_cracker.
Moving label "_01323_" from metal1 to via1 in cell password_cracker.
Moving label "_01333_" from metal1 to via1 in cell password_cracker.
Moving label "_01340_" from metal1 to via1 in cell password_cracker.
Moving label "_01343_" from metal1 to via1 in cell password_cracker.
Moving label "_01344_" from metal1 to via1 in cell password_cracker.
Moving label "_01359_" from metal1 to via1 in cell password_cracker.
Moving label "_01365_" from metal1 to viali in cell password_cracker.
Moving label "_01390_" from metal1 to via1 in cell password_cracker.
Moving label "_01392_" from metal1 to via1 in cell password_cracker.
Moving label "_01396_" from metal1 to via1 in cell password_cracker.
Moving label "_01420_" from metal1 to via1 in cell password_cracker.
Moving label "_01425_" from metal1 to via1 in cell password_cracker.
Moving label "_01431_" from metal2 to via1 in cell password_cracker.
Moving label "_01432_" from metal1 to via1 in cell password_cracker.
Moving label "_01436_" from metal1 to via1 in cell password_cracker.
Moving label "_01437_" from metal1 to via1 in cell password_cracker.
Moving label "_01441_" from metal1 to via1 in cell password_cracker.
Moving label "_01444_" from metal1 to via1 in cell password_cracker.
Moving label "_01463_" from metal1 to via1 in cell password_cracker.
Moving label "_01465_" from metal1 to via1 in cell password_cracker.
Moving label "_01483_" from metal2 to via2 in cell password_cracker.
Moving label "_01487_" from metal2 to via2 in cell password_cracker.
Moving label "_01494_" from metal2 to via2 in cell password_cracker.
Moving label "_01498_" from metal2 to via2 in cell password_cracker.
Moving label "_01554_" from metal2 to via2 in cell password_cracker.
Moving label "_01591_" from metal2 to via2 in cell password_cracker.
Moving label "_01612_" from metal1 to viali in cell password_cracker.
Moving label "_01617_" from metal2 to via2 in cell password_cracker.
Moving label "_01633_" from metal1 to viali in cell password_cracker.
Moving label "_01681_" from metal2 to via2 in cell password_cracker.
Moving label "_01687_" from metal2 to via2 in cell password_cracker.
Moving label "_01697_" from metal1 to viali in cell password_cracker.
Moving label "_01716_" from metal1 to via1 in cell password_cracker.
Moving label "_01718_" from metal1 to viali in cell password_cracker.
Moving label "_01760_" from metal2 to via2 in cell password_cracker.
Moving label "_01764_" from metal2 to via2 in cell password_cracker.
Moving label "_01776_" from metal2 to via2 in cell password_cracker.
Moving label "_01797_" from metal2 to via2 in cell password_cracker.
Moving label "_01801_" from metal2 to via2 in cell password_cracker.
Moving label "_01873_" from metal2 to via2 in cell password_cracker.
Moving label "_01946_" from metal1 to viali in cell password_cracker.
Moving label "_01986_" from metal2 to via2 in cell password_cracker.
Moving label "_02029_" from metal2 to via2 in cell password_cracker.
Moving label "_02135_" from metal1 to via1 in cell password_cracker.
Moving label "_02165_" from metal1 to via1 in cell password_cracker.
Moving label "_02196_" from metal1 to viali in cell password_cracker.
Moving label "_02204_" from metal2 to via1 in cell password_cracker.
Moving label "_02220_" from metal1 to via1 in cell password_cracker.
Moving label "_02224_" from metal1 to via1 in cell password_cracker.
Moving label "_02257_" from metal1 to via1 in cell password_cracker.
Moving label "_02416_" from metal2 to via2 in cell password_cracker.
Moving label "_02473_" from metal1 to via1 in cell password_cracker.
Moving label "_02509_" from metal2 to via2 in cell password_cracker.
Moving label "_02599_" from metal3 to via3 in cell password_cracker.
Moving label "_02800_" from metal1 to via1 in cell password_cracker.
Moving label "_02807_" from metal3 to via3 in cell password_cracker.
Moving label "_02819_" from metal1 to via1 in cell password_cracker.
Moving label "_02884_" from metal2 to via2 in cell password_cracker.
Moving label "_02887_" from metal2 to via1 in cell password_cracker.
Moving label "_02960_" from metal3 to via3 in cell password_cracker.
Moving label "_03025_" from metal1 to viali in cell password_cracker.
Moving label "_03058_" from metal2 to via2 in cell password_cracker.
Moving label "_03095_" from metal1 to viali in cell password_cracker.
Moving label "_03101_" from metal1 to via1 in cell password_cracker.
Moving label "_03118_" from metal3 to via3 in cell password_cracker.
Moving label "_03133_" from metal1 to viali in cell password_cracker.
Moving label "_03136_" from metal2 to via2 in cell password_cracker.
Moving label "_03147_" from metal1 to via1 in cell password_cracker.
Moving label "_03206_" from metal2 to via1 in cell password_cracker.
Moving label "_03215_" from metal2 to via2 in cell password_cracker.
Moving label "_03260_" from metal1 to viali in cell password_cracker.
Moving label "_03300_" from metal1 to via1 in cell password_cracker.
Moving label "_03302_" from metal1 to viali in cell password_cracker.
Moving label "_03306_" from metal1 to via1 in cell password_cracker.
Moving label "_03340_" from metal1 to viali in cell password_cracker.
Moving label "_03373_" from metal2 to via1 in cell password_cracker.
Moving label "_03401_" from metal2 to via1 in cell password_cracker.
Moving label "_03412_" from metal1 to via1 in cell password_cracker.
Moving label "_03450_" from metal2 to via1 in cell password_cracker.
Moving label "_03482_" from metal1 to viali in cell password_cracker.
Moving label "_03504_" from metal1 to via1 in cell password_cracker.
Moving label "_03531_" from metal1 to viali in cell password_cracker.
Moving label "_03558_" from metal1 to viali in cell password_cracker.
Moving label "_03560_" from metal2 to via1 in cell password_cracker.
Moving label "_03581_" from metal1 to via1 in cell password_cracker.
Moving label "_03583_" from metal1 to via1 in cell password_cracker.
Moving label "_03645_" from metal1 to viali in cell password_cracker.
Moving label "_03690_" from metal1 to viali in cell password_cracker.
Moving label "_03787_" from metal2 to via1 in cell password_cracker.
Moving label "_03841_" from metal1 to viali in cell password_cracker.
Moving label "_03862_" from metal1 to via1 in cell password_cracker.
Moving label "_03865_" from metal1 to via1 in cell password_cracker.
Moving label "_03892_" from metal1 to via1 in cell password_cracker.
Moving label "_03956_" from metal1 to viali in cell password_cracker.
Moving label "_03957_" from metal2 to via1 in cell password_cracker.
Moving label "_04084_" from metal1 to via1 in cell password_cracker.
Moving label "_04089_" from metal2 to via2 in cell password_cracker.
Moving label "_04118_" from metal2 to via2 in cell password_cracker.
Moving label "_04121_" from metal2 to via2 in cell password_cracker.
Moving label "_04147_" from metal2 to via1 in cell password_cracker.
Moving label "_04160_" from metal2 to via1 in cell password_cracker.
Moving label "_04230_" from metal1 to viali in cell password_cracker.
Moving label "_04275_" from metal2 to via2 in cell password_cracker.
Moving label "_04292_" from metal1 to via1 in cell password_cracker.
Moving label "_04323_" from metal1 to via1 in cell password_cracker.
Moving label "_04337_" from metal2 to via2 in cell password_cracker.
Moving label "_04351_" from metal1 to viali in cell password_cracker.
Moving label "_04372_" from metal2 to via2 in cell password_cracker.
Moving label "_04373_" from metal2 to via2 in cell password_cracker.
Moving label "_04379_" from metal2 to via2 in cell password_cracker.
Moving label "_04390_" from metal1 to via1 in cell password_cracker.
Moving label "_04423_" from metal1 to viali in cell password_cracker.
Moving label "_04613_" from metal1 to viali in cell password_cracker.
Moving label "_04733_" from metal1 to viali in cell password_cracker.
Moving label "_04757_" from metal1 to via1 in cell password_cracker.
Moving label "_04779_" from metal1 to via1 in cell password_cracker.
Moving label "_04781_" from metal1 to via1 in cell password_cracker.
Moving label "_04820_" from metal2 to via2 in cell password_cracker.
Moving label "_04903_" from metal2 to via2 in cell password_cracker.
Moving label "_04909_" from metal1 to via1 in cell password_cracker.
Moving label "_04957_" from metal1 to viali in cell password_cracker.
Moving label "_04989_" from metal1 to via1 in cell password_cracker.
Moving label "_05023_" from metal2 to via2 in cell password_cracker.
Moving label "_05069_" from metal2 to via2 in cell password_cracker.
Moving label "_05104_" from metal1 to viali in cell password_cracker.
Moving label "_05126_" from metal1 to viali in cell password_cracker.
Moving label "_05128_" from metal1 to via1 in cell password_cracker.
Moving label "_05135_" from metal1 to viali in cell password_cracker.
Moving label "_05151_" from metal1 to viali in cell password_cracker.
Moving label "_05159_" from metal2 to via2 in cell password_cracker.
Moving label "_05161_" from metal1 to via1 in cell password_cracker.
Moving label "_05169_" from metal2 to via2 in cell password_cracker.
Moving label "_05309_" from metal1 to via1 in cell password_cracker.
Moving label "_05359_" from metal2 to via2 in cell password_cracker.
Moving label "_05430_" from metal2 to via2 in cell password_cracker.
Moving label "_05512_" from metal2 to via1 in cell password_cracker.
Moving label "_05664_" from metal1 to via1 in cell password_cracker.
Moving label "_05796_" from metal1 to via1 in cell password_cracker.
Moving label "_05814_" from metal1 to viali in cell password_cracker.
Moving label "_06075_" from metal1 to viali in cell password_cracker.
Moving label "_06092_" from metal1 to via1 in cell password_cracker.
Moving label "_06100_" from metal2 to via2 in cell password_cracker.
Moving label "_06104_" from metal2 to via2 in cell password_cracker.
Moving label "_06363_" from metal1 to viali in cell password_cracker.
Moving label "_06524_" from metal2 to via2 in cell password_cracker.
Moving label "_06566_" from metal2 to via2 in cell password_cracker.
Moving label "clknet_leaf_50_clk" from metal2 to via1 in cell password_cracker.
Moving label "clknet_leaf_56_clk" from metal2 to via1 in cell password_cracker.
Moving label "clknet_leaf_8_clk" from metal1 to via1 in cell password_cracker.
Moving label "hash[178]" from metal2 to via2 in cell password_cracker.
Moving label "hash[208]" from metal2 to via2 in cell password_cracker.
Moving label "hash[226]" from metal2 to via2 in cell password_cracker.
Moving label "hash[81]" from metal2 to via2 in cell password_cracker.
Moving label "hash[82]" from metal2 to via2 in cell password_cracker.
Moving label "net10" from metal2 to via2 in cell password_cracker.
Moving label "net105" from metal2 to via2 in cell password_cracker.
Moving label "net125" from metal2 to via2 in cell password_cracker.
Moving label "net130" from metal2 to via2 in cell password_cracker.
Moving label "net138" from metal2 to via2 in cell password_cracker.
Moving label "net143" from metal3 to via3 in cell password_cracker.
Moving label "net150" from metal2 to via2 in cell password_cracker.
Moving label "net155" from metal2 to via2 in cell password_cracker.
Moving label "net166" from metal2 to via2 in cell password_cracker.
Moving label "net170" from metal2 to via2 in cell password_cracker.
Moving label "net191" from metal3 to via3 in cell password_cracker.
Moving label "net206" from metal2 to via2 in cell password_cracker.
Moving label "net207" from metal3 to via3 in cell password_cracker.
Moving label "net217" from metal2 to via2 in cell password_cracker.
Moving label "net22" from metal2 to via2 in cell password_cracker.
Moving label "net227" from metal2 to via2 in cell password_cracker.
Moving label "net235" from metal2 to via2 in cell password_cracker.
Moving label "net242" from metal2 to via2 in cell password_cracker.
Moving label "net250" from metal2 to via2 in cell password_cracker.
Moving label "net255" from metal2 to via2 in cell password_cracker.
Moving label "net256" from metal2 to via2 in cell password_cracker.
Moving label "net3" from metal2 to via2 in cell password_cracker.
Moving label "net64" from metal2 to via2 in cell password_cracker.
Moving label "net73" from metal2 to via2 in cell password_cracker.
Moving label "net80" from metal2 to via2 in cell password_cracker.
Moving label "net82" from metal3 to via3 in cell password_cracker.
Moving label "net96" from metal2 to via2 in cell password_cracker.
Moving label "sha256cu.K\[6\]" from metal2 to via2 in cell password_cracker.
Moving label "sha256cu.iter_processing.w\[10\]" from metal2 to via2 in cell password_cracker.
Moving label "sha256cu.iter_processing.w\[8\]" from metal2 to via2 in cell password_cracker.
Moving label "sha256cu.m_out_digest.a_in\[8\]" from metal2 to via1 in cell password_cracker.
Moving label "sha256cu.m_out_digest.b_in\[5\]" from metal1 to via1 in cell password_cracker.
Moving label "sha256cu.m_out_digest.e_in\[22\]" from metal2 to via2 in cell password_cracker.
Moving label "sha256cu.m_out_digest.e_in\[26\]" from metal2 to via1 in cell password_cracker.
Moving label "sha256cu.m_out_digest.g_in\[0\]" from metal1 to via1 in cell password_cracker.
Moving label "sha256cu.m_pad_pars.block_512\[13\]\[5\]" from metal1 to via1 in cell password_cracker.
Moving label "sha256cu.m_pad_pars.block_512\[1\]\[3\]" from metal1 to via1 in cell password_cracker.
Moving label "sha256cu.m_pad_pars.block_512\[23\]\[1\]" from metal1 to via1 in cell password_cracker.
Moving label "sha256cu.m_pad_pars.block_512\[26\]\[0\]" from metal2 to via2 in cell password_cracker.
Moving label "sha256cu.m_pad_pars.block_512\[28\]\[6\]" from metal1 to via1 in cell password_cracker.
Moving label "sha256cu.m_pad_pars.block_512\[2\]\[1\]" from metal1 to via1 in cell password_cracker.
Moving label "sha256cu.m_pad_pars.block_512\[36\]\[3\]" from metal1 to via1 in cell password_cracker.
Moving label "sha256cu.m_pad_pars.block_512\[38\]\[3\]" from metal1 to via1 in cell password_cracker.
Moving label "sha256cu.m_pad_pars.block_512\[38\]\[4\]" from metal1 to via1 in cell password_cracker.
Moving label "sha256cu.m_pad_pars.block_512\[3\]\[0\]" from metal1 to viali in cell password_cracker.
Moving label "sha256cu.m_pad_pars.block_512\[43\]\[3\]" from metal1 to via1 in cell password_cracker.
Moving label "sha256cu.m_pad_pars.block_512\[53\]\[2\]" from metal1 to via1 in cell password_cracker.
Moving label "sha256cu.m_pad_pars.block_512\[53\]\[4\]" from metal1 to via1 in cell password_cracker.
Moving label "sha256cu.m_pad_pars.block_512\[9\]\[4\]" from metal1 to via1 in cell password_cracker.
Moving label "sha256cu.msg_scheduler.mreg_0\[18\]" from metal2 to via1 in cell password_cracker.
Moving label "sha256cu.msg_scheduler.mreg_10\[2\]" from metal1 to viali in cell password_cracker.
Moving label "sha256cu.msg_scheduler.mreg_11\[14\]" from metal2 to via2 in cell password_cracker.
Moving label "sha256cu.msg_scheduler.mreg_14\[13\]" from metal2 to via1 in cell password_cracker.
Moving label "sha256cu.msg_scheduler.mreg_14\[23\]" from metal2 to via2 in cell password_cracker.
Moving label "sha256cu.msg_scheduler.mreg_14\[25\]" from metal2 to via2 in cell password_cracker.
Moving label "sha256cu.msg_scheduler.mreg_1\[8\]" from metal2 to via2 in cell password_cracker.
Moving label "sha256cu.msg_scheduler.mreg_5\[3\]" from metal2 to via2 in cell password_cracker.
Moving label "sha256cu.msg_scheduler.mreg_7\[2\]" from metal1 to via1 in cell password_cracker.
Moving label "sha256cu.msg_scheduler.mreg_9\[18\]" from metal2 to via2 in cell password_cracker.
Moving label "sha256cu.msg_scheduler.mreg_9\[30\]" from metal2 to via2 in cell password_cracker.
Root cell box:
           width x height  (   llx,  lly  ), (   urx,  ury  )  area (units^2)

microns:  431.480 x 442.200  ( 0.000,  0.000), ( 431.480,  442.200)  190800.453
lambda:   43148.00 x 44220.00  (  0.00,  0.00 ), ( 43148.00,  44220.00)  1908004608.00
internal:  86296 x 88440   (     0,  0    ), ( 86296,  88440)  7632018240
   Generating output for cell sky130_ef_sc_hd__decap_12
   Generating output for cell sky130_fd_sc_hd__decap_3
   Generating output for cell sky130_fd_sc_hd__clkbuf_2
   Generating output for cell sky130_fd_sc_hd__buf_2
   Generating output for cell sky130_fd_sc_hd__conb_1
   Generating output for cell sky130_fd_sc_hd__fill_2
   Generating output for cell sky130_fd_sc_hd__decap_8
   Generating output for cell sky130_fd_sc_hd__tapvpwrvgnd_1
   Generating output for cell sky130_fd_sc_hd__dlymetal6s2s_1
   Generating output for cell sky130_fd_sc_hd__fill_1
   Generating output for cell sky130_fd_sc_hd__decap_4
   Generating output for cell sky130_fd_sc_hd__diode_2
   Generating output for cell sky130_fd_sc_hd__clkbuf_4
   Generating output for cell sky130_fd_sc_hd__buf_4
   Generating output for cell sky130_fd_sc_hd__decap_6
   Generating output for cell sky130_fd_sc_hd__clkbuf_1
   Generating output for cell sky130_fd_sc_hd__and2_1
   Generating output for cell sky130_fd_sc_hd__dfxtp_1
   Generating output for cell sky130_fd_sc_hd__or4_1
   Generating output for cell sky130_fd_sc_hd__or4_2
   Generating output for cell sky130_fd_sc_hd__or4_4
   Generating output for cell sky130_fd_sc_hd__a22o_1
   Generating output for cell sky130_fd_sc_hd__a221o_1
   Generating output for cell sky130_fd_sc_hd__nand2_1
   Generating output for cell sky130_fd_sc_hd__o31ai_1
   Generating output for cell sky130_fd_sc_hd__a21oi_1
   Generating output for cell sky130_fd_sc_hd__clkbuf_16
   Generating output for cell sky130_fd_sc_hd__mux2_1
   Generating output for cell sky130_fd_sc_hd__o21ai_1
   Generating output for cell sky130_fd_sc_hd__nand2_4
   Generating output for cell sky130_fd_sc_hd__o21a_1
   Generating output for cell sky130_fd_sc_hd__a31o_1
   Generating output for cell sky130_fd_sc_hd__o22a_1
   Generating output for cell sky130_fd_sc_hd__o21ai_4
   Generating output for cell sky130_fd_sc_hd__o32a_1
   Generating output for cell sky130_fd_sc_hd__or2_1
   Generating output for cell sky130_fd_sc_hd__nor2_2
   Generating output for cell sky130_fd_sc_hd__or3_1
   Generating output for cell sky130_fd_sc_hd__inv_2
   Generating output for cell sky130_fd_sc_hd__a32o_1
   Generating output for cell sky130_fd_sc_hd__a41o_1
   Generating output for cell sky130_fd_sc_hd__o221a_1
   Generating output for cell sky130_fd_sc_hd__and3_1
   Generating output for cell sky130_fd_sc_hd__o21ba_1
   Generating output for cell sky130_fd_sc_hd__a21o_1
   Generating output for cell sky130_fd_sc_hd__a211o_1
   Generating output for cell sky130_fd_sc_hd__o311a_1
   Generating output for cell sky130_fd_sc_hd__nor2_1
   Generating output for cell sky130_fd_sc_hd__nand2_2
   Generating output for cell sky130_fd_sc_hd__or2_2
   Generating output for cell sky130_fd_sc_hd__or3_2
   Generating output for cell sky130_fd_sc_hd__clkinv_2
   Generating output for cell sky130_fd_sc_hd__nor2_4
   Generating output for cell sky130_fd_sc_hd__o31a_1
   Generating output for cell sky130_fd_sc_hd__a2bb2o_1
   Generating output for cell sky130_fd_sc_hd__or3b_1
   Generating output for cell sky130_fd_sc_hd__a311o_1
   Generating output for cell sky130_fd_sc_hd__o211a_1
   Generating output for cell sky130_fd_sc_hd__a31oi_1
   Generating output for cell sky130_fd_sc_hd__and3_2
   Generating output for cell sky130_fd_sc_hd__inv_1
   Generating output for cell sky130_fd_sc_hd__a21oi_2
   Generating output for cell sky130_fd_sc_hd__xnor2_1
   Generating output for cell sky130_fd_sc_hd__a21bo_1
   Generating output for cell sky130_fd_sc_hd__o2bb2a_1
   Generating output for cell sky130_fd_sc_hd__dfxtp_2
   Generating output for cell sky130_fd_sc_hd__and3b_2
   Generating output for cell sky130_fd_sc_hd__and4_2
   Generating output for cell sky130_fd_sc_hd__clkbuf_8
   Generating output for cell sky130_fd_sc_hd__o21ai_2
   Generating output for cell sky130_fd_sc_hd__nor2b_2
   Generating output for cell sky130_fd_sc_hd__o21a_2
   Generating output for cell sky130_fd_sc_hd__and2_2
   Generating output for cell sky130_fd_sc_hd__nand2_8
   Generating output for cell sky130_fd_sc_hd__o211a_2
   Generating output for cell sky130_fd_sc_hd__or3_4
   Generating output for cell sky130_fd_sc_hd__mux2_2
   Generating output for cell sky130_fd_sc_hd__nor2_8
   Generating output for cell sky130_fd_sc_hd__and3b_1
   Generating output for cell sky130_fd_sc_hd__nor4_4
   Generating output for cell sky130_fd_sc_hd__buf_6
   Generating output for cell sky130_fd_sc_hd__o221a_2
   Generating output for cell sky130_fd_sc_hd__buf_8
   Generating output for cell sky130_fd_sc_hd__or2b_1
   Generating output for cell sky130_fd_sc_hd__or4b_1
   Generating output for cell sky130_fd_sc_hd__o21bai_1
   Generating output for cell sky130_fd_sc_hd__and2b_1
   Generating output for cell sky130_fd_sc_hd__dfxtp_4
   Generating output for cell sky130_fd_sc_hd__o311a_2
   Generating output for cell sky130_fd_sc_hd__and2b_2
   Generating output for cell sky130_fd_sc_hd__nor3_1
   Generating output for cell sky130_fd_sc_hd__a21oi_4
   Generating output for cell sky130_fd_sc_hd__and4b_2
   Generating output for cell sky130_fd_sc_hd__o221ai_1
   Generating output for cell sky130_fd_sc_hd__a2111o_1
   Generating output for cell sky130_fd_sc_hd__nor3_4
   Generating output for cell sky130_fd_sc_hd__or2_4
   Generating output for cell sky130_fd_sc_hd__o22a_2
   Generating output for cell sky130_fd_sc_hd__xor2_1
   Generating output for cell sky130_fd_sc_hd__nand2b_2
   Generating output for cell sky130_fd_sc_hd__a211o_2
   Generating output for cell sky130_fd_sc_hd__xnor2_2
   Generating output for cell sky130_fd_sc_hd__or2b_2
   Generating output for cell sky130_fd_sc_hd__o21bai_2
   Generating output for cell sky130_fd_sc_hd__nand2b_1
   Generating output for cell sky130_fd_sc_hd__a221oi_2
   Generating output for cell sky130_fd_sc_hd__and4bb_4
   Generating output for cell sky130_fd_sc_hd__a211oi_1
   Generating output for cell sky130_fd_sc_hd__a21boi_1
   Generating output for cell sky130_fd_sc_hd__xor2_2
   Generating output for cell sky130_fd_sc_hd__a21o_2
   Generating output for cell sky130_fd_sc_hd__a2bb2o_2
   Generating output for cell sky130_fd_sc_hd__and4_1
   Generating output for cell sky130_fd_sc_hd__nor3b_1
   Generating output for cell sky130_fd_sc_hd__a311oi_1
   Generating output for cell sky130_fd_sc_hd__clkinv_4
   Generating output for cell sky130_fd_sc_hd__or3b_2
   Generating output for cell sky130_fd_sc_hd__and4_4
   Generating output for cell sky130_fd_sc_hd__and4b_4
   Generating output for cell sky130_fd_sc_hd__and4bb_2
   Generating output for cell sky130_fd_sc_hd__nand3_1
   Generating output for cell sky130_fd_sc_hd__a21boi_2
   Generating output for cell sky130_fd_sc_hd__o211ai_1
   Generating output for cell sky130_fd_sc_hd__xnor2_4
   Generating output for cell sky130_fd_sc_hd__o311ai_4
   Generating output for cell sky130_fd_sc_hd__nor4_1
   Generating output for cell sky130_fd_sc_hd__nand3_2
   Generating output for cell sky130_fd_sc_hd__a221oi_4
   Generating output for cell sky130_fd_sc_hd__a31oi_4
   Generating output for cell sky130_fd_sc_hd__nand3b_1
   Generating output for cell sky130_fd_sc_hd__nand4_1
   Generating output for cell sky130_fd_sc_hd__a311o_2
   Generating output for cell sky130_fd_sc_hd__a311o_4
   Generating output for cell sky130_fd_sc_hd__o31a_2
   Generating output for cell sky130_fd_sc_hd__o2111a_1
   Generating output for cell sky130_fd_sc_hd__a311oi_4
   Generating output for cell sky130_fd_sc_hd__nor3b_2
   Generating output for cell sky130_fd_sc_hd__nor4_2
   Generating output for cell sky130_fd_sc_hd__a211oi_4
   Generating output for cell password_cracker
[INFO]: GDS Write Complete
