OpenROAD 1a1617d908d2ebdb731de9ab4e3d9fd93a6dcf97 
This program is licensed under the BSD-3 license. See the LICENSE file for details.
Components of this program may be licensed under more restrictive licenses which must be honored.
[INFO ODB-0222] Reading LEF file: /openlane/designs/password_cracker/runs/RUN_2023.03.23_09.07.37/tmp/merged.nom.lef
[WARNING ODB-0220] WARNING (LEFPARS-2036): SOURCE statement is obsolete in version 5.6 and later.
The LEF parser will ignore this statement.
To avoid this warning in the future, remove this statement from the LEF file with version 5.6 or later. See file /openlane/designs/password_cracker/runs/RUN_2023.03.23_09.07.37/tmp/merged.nom.lef at line 930.

[INFO ODB-0223]     Created 13 technology layers
[INFO ODB-0224]     Created 25 technology vias
[INFO ODB-0225]     Created 441 library cells
[INFO ODB-0226] Finished LEF file:  /openlane/designs/password_cracker/runs/RUN_2023.03.23_09.07.37/tmp/merged.nom.lef
[INFO ODB-0127] Reading DEF file: /openlane/designs/password_cracker/runs/RUN_2023.03.23_09.07.37/results/routing/password_cracker.def
[INFO ODB-0128] Design: password_cracker
[INFO ODB-0130]     Created 295 pins.
[INFO ODB-0131]     Created 23738 components and 119161 component-terminals.
[INFO ODB-0132]     Created 2 special nets and 89960 connections.
[INFO ODB-0133]     Created 8877 nets and 29169 connections.
[INFO ODB-0134] Finished DEF file: /openlane/designs/password_cracker/runs/RUN_2023.03.23_09.07.37/results/routing/password_cracker.def
Top-level design name: password_cracker
Found default power net 'VPWR'
Found default ground net 'VGND'
Found 1 power ports.
Found 1 ground ports.
Modified power connections of 23738/23738 cells.
