Thu Mar 23 09:07:38 UTC 2023 - Executing "openroad -exit -no_init -python /openlane/scripts/odbpy/lefutil.py get_metal_layers -o /openlane/designs/password_cracker/runs/RUN_2023.03.23_09.07.37/tmp/layers.list /home/ut/.volare/sky130A/libs.ref/sky130_fd_sc_hd/techlef/sky130_fd_sc_hd__nom.tlef"

Thu Mar 23 09:07:38 UTC 2023 - Executing "/openlane/scripts/mergeLef.py -o /openlane/designs/password_cracker/runs/RUN_2023.03.23_09.07.37/tmp/merged.nom.lef -i /home/ut/.volare/sky130A/libs.ref/sky130_fd_sc_hd/techlef/sky130_fd_sc_hd__nom.tlef {/home/ut/.volare/sky130A/libs.ref/sky130_fd_sc_hd/lef/sky130_ef_sc_hd.lef /home/ut/.volare/sky130A/libs.ref/sky130_fd_sc_hd/lef/sky130_fd_sc_hd.lef} |& tee /dev/null"

Thu Mar 23 09:07:38 UTC 2023 - Executing "/openlane/scripts/mergeLef.py -o /openlane/designs/password_cracker/runs/RUN_2023.03.23_09.07.37/tmp/merged.min.lef -i /home/ut/.volare/sky130A/libs.ref/sky130_fd_sc_hd/techlef/sky130_fd_sc_hd__min.tlef {/home/ut/.volare/sky130A/libs.ref/sky130_fd_sc_hd/lef/sky130_ef_sc_hd.lef /home/ut/.volare/sky130A/libs.ref/sky130_fd_sc_hd/lef/sky130_fd_sc_hd.lef} |& tee /dev/null"

Thu Mar 23 09:07:38 UTC 2023 - Executing "/openlane/scripts/mergeLef.py -o /openlane/designs/password_cracker/runs/RUN_2023.03.23_09.07.37/tmp/merged.max.lef -i /home/ut/.volare/sky130A/libs.ref/sky130_fd_sc_hd/techlef/sky130_fd_sc_hd__max.tlef {/home/ut/.volare/sky130A/libs.ref/sky130_fd_sc_hd/lef/sky130_ef_sc_hd.lef /home/ut/.volare/sky130A/libs.ref/sky130_fd_sc_hd/lef/sky130_fd_sc_hd.lef} |& tee /dev/null"

Thu Mar 23 09:07:38 UTC 2023 - Executing "python3 /openlane/scripts/mergeLib.py --output /openlane/designs/password_cracker/runs/RUN_2023.03.23_09.07.37/tmp/synthesis/merged.lib --name sky130A_merged /home/ut/.volare/sky130A/libs.ref/sky130_fd_sc_hd/lib/sky130_fd_sc_hd__tt_025C_1v80.lib"

Thu Mar 23 09:07:38 UTC 2023 - Executing "python3 /openlane/scripts/libtrim.py --cell-file /openlane/designs/password_cracker/runs/RUN_2023.03.23_09.07.37/tmp/synthesis/trimmed.lib.exclude.list --output /openlane/designs/password_cracker/runs/RUN_2023.03.23_09.07.37/tmp/synthesis/trimmed.lib /openlane/designs/password_cracker/runs/RUN_2023.03.23_09.07.37/tmp/synthesis/merged.lib"

Thu Mar 23 09:07:38 UTC 2023 - Executing "python3 /openlane/scripts/libtrim.py --cell-file /openlane/designs/password_cracker/runs/RUN_2023.03.23_09.07.37/tmp/cts/cts.lib.exclude.list --output /openlane/designs/password_cracker/runs/RUN_2023.03.23_09.07.37/tmp/cts/cts.lib /home/ut/.volare/sky130A/libs.ref/sky130_fd_sc_hd/lib/sky130_fd_sc_hd__tt_025C_1v80.lib"

Thu Mar 23 09:07:39 UTC 2023 - Executing "python3 /openlane/scripts/new_tracks.py -i /home/ut/.volare/sky130A/libs.tech/openlane/sky130_fd_sc_hd/tracks.info -o /openlane/designs/password_cracker/runs/RUN_2023.03.23_09.07.37/tmp/routing/config.tracks"

Thu Mar 23 09:07:39 UTC 2023 - Executing "echo {OpenLane e5a7a0976918035d1a4312ac9965148f215aa4ed} > /openlane/designs/password_cracker/runs/RUN_2023.03.23_09.07.37/OPENLANE_VERSION"

Thu Mar 23 09:07:39 UTC 2023 - Executing "sed -E {s/^([[:space:]]+)pg_pin(.*)/\1pin\2\n\1    direction : "inout";/g} /home/ut/.volare/sky130A/libs.ref/sky130_fd_sc_hd/lib/sky130_fd_sc_hd__tt_025C_1v80.lib > /openlane/designs/password_cracker/runs/RUN_2023.03.23_09.07.37/tmp/synthesis/1-sky130_fd_sc_hd__tt_025C_1v80.no_pg.lib"

Thu Mar 23 09:07:39 UTC 2023 - Executing "sed -E {s/^([[:space:]]+)pg_pin(.*)/\1pin\2\n\1    direction : "inout";/g} /openlane/designs/password_cracker/runs/RUN_2023.03.23_09.07.37/tmp/synthesis/trimmed.lib > /openlane/designs/password_cracker/runs/RUN_2023.03.23_09.07.37/tmp/synthesis/1-trimmed.no_pg.lib"

Thu Mar 23 09:07:39 UTC 2023 - Executing "yosys -c /openlane/scripts/yosys/synth.tcl |& tee /dev/null /openlane/designs/password_cracker/runs/RUN_2023.03.23_09.07.37/logs/synthesis/1-synthesis.log"

Thu Mar 23 09:10:02 UTC 2023 - Executing "sed -i.bak -e {s/\(set ::env(CURRENT_NETLIST)\).*/\1 \/openlane\/designs\/password_cracker\/runs\/RUN_2023.03.23_09.07.37\/results\/synthesis\/password_cracker.v/} /openlane/designs/password_cracker/runs/RUN_2023.03.23_09.07.37/config.tcl"

Thu Mar 23 09:10:02 UTC 2023 - Executing "sed -i.bak /defparam/d /openlane/designs/password_cracker/runs/RUN_2023.03.23_09.07.37/results/synthesis/password_cracker.v"

Thu Mar 23 09:10:03 UTC 2023 - Executing "openroad -exit /openlane/scripts/openroad/sta.tcl |& tee /dev/null /openlane/designs/password_cracker/runs/RUN_2023.03.23_09.07.37/logs/synthesis/2-sta.log"

Thu Mar 23 09:10:04 UTC 2023 - Executing "openroad -exit /openlane/scripts/openroad/floorplan.tcl |& tee /dev/null /openlane/designs/password_cracker/runs/RUN_2023.03.23_09.07.37/logs/floorplan/3-initial_fp.log"

Thu Mar 23 09:10:04 UTC 2023 - Executing "openroad -exit -no_init -python /openlane/scripts/odbpy/defutil.py extract_core_dims --output-data /openlane/designs/password_cracker/runs/RUN_2023.03.23_09.07.37/tmp/dimensions.txt --input-lef /openlane/designs/password_cracker/runs/RUN_2023.03.23_09.07.37/tmp/merged.nom.lef /openlane/designs/password_cracker/runs/RUN_2023.03.23_09.07.37/tmp/floorplan/3-initial_fp.def"

Thu Mar 23 09:10:04 UTC 2023 - Executing "openroad -exit /openlane/scripts/openroad/ioplacer.tcl |& tee /dev/null /openlane/designs/password_cracker/runs/RUN_2023.03.23_09.07.37/logs/floorplan/4-io.log"

Thu Mar 23 09:10:05 UTC 2023 - Executing "openroad -exit /openlane/scripts/openroad/tapcell.tcl |& tee /dev/null /openlane/designs/password_cracker/runs/RUN_2023.03.23_09.07.37/logs/floorplan/5-tap.log"

Thu Mar 23 09:10:05 UTC 2023 - Executing "openroad -exit /openlane/scripts/openroad/pdn.tcl |& tee /dev/null /openlane/designs/password_cracker/runs/RUN_2023.03.23_09.07.37/logs/floorplan/6-pdn.log"

Thu Mar 23 09:10:06 UTC 2023 - Executing "openroad -exit /openlane/scripts/openroad/gpl.tcl |& tee /dev/null /openlane/designs/password_cracker/runs/RUN_2023.03.23_09.07.37/logs/placement/7-global.log"

Thu Mar 23 09:10:18 UTC 2023 - Executing "openroad -exit /openlane/scripts/openroad/resizer.tcl |& tee /dev/null /openlane/designs/password_cracker/runs/RUN_2023.03.23_09.07.37/logs/placement/8-resizer.log"

Thu Mar 23 09:10:21 UTC 2023 - Executing "sed -i.bak -e {s/\(set ::env(CURRENT_NETLIST)\).*/\1 \/openlane\/designs\/password_cracker\/runs\/RUN_2023.03.23_09.07.37\/tmp\/placement\/8-resizer.nl.v/} /openlane/designs/password_cracker/runs/RUN_2023.03.23_09.07.37/config.tcl"

Thu Mar 23 09:10:21 UTC 2023 - Executing "openroad -exit /openlane/scripts/openroad/dpl.tcl |& tee /dev/null /openlane/designs/password_cracker/runs/RUN_2023.03.23_09.07.37/logs/placement/9-detailed.log"

Thu Mar 23 09:10:21 UTC 2023 - Executing "sed -i.bak -e {s/\(set ::env(CURRENT_NETLIST)\).*/\1 \/openlane\/designs\/password_cracker\/runs\/RUN_2023.03.23_09.07.37\/results\/placement\/password_cracker.nl.v/} /openlane/designs/password_cracker/runs/RUN_2023.03.23_09.07.37/config.tcl"

Thu Mar 23 09:10:21 UTC 2023 - Executing "openroad -exit /openlane/scripts/openroad/cts.tcl |& tee /dev/null /openlane/designs/password_cracker/runs/RUN_2023.03.23_09.07.37/logs/cts/10-cts.log"

Thu Mar 23 09:10:46 UTC 2023 - Executing "openroad -exit /openlane/scripts/openroad/resizer_timing.tcl |& tee /dev/null /openlane/designs/password_cracker/runs/RUN_2023.03.23_09.07.37/logs/cts/11-resizer.log"

Thu Mar 23 09:10:48 UTC 2023 - Executing "sed -i.bak -e {s/\(set ::env(CURRENT_NETLIST)\).*/\1 \/openlane\/designs\/password_cracker\/runs\/RUN_2023.03.23_09.07.37\/tmp\/cts\/11-password_cracker.resized.nl.v/} /openlane/designs/password_cracker/runs/RUN_2023.03.23_09.07.37/config.tcl"

Thu Mar 23 09:10:48 UTC 2023 - Executing "openroad -exit /openlane/scripts/openroad/resizer_routing_design.tcl |& tee /dev/null /openlane/designs/password_cracker/runs/RUN_2023.03.23_09.07.37/logs/routing/12-resizer_design.log"

Thu Mar 23 09:11:05 UTC 2023 - Executing "sed -i.bak -e {s/\(set ::env(CURRENT_NETLIST)\).*/\1 \/openlane\/designs\/password_cracker\/runs\/RUN_2023.03.23_09.07.37\/tmp\/12-password_cracker.nl.v/} /openlane/designs/password_cracker/runs/RUN_2023.03.23_09.07.37/config.tcl"

Thu Mar 23 09:11:05 UTC 2023 - Executing "openroad -exit /openlane/scripts/openroad/resizer_routing_timing.tcl |& tee /dev/null /openlane/designs/password_cracker/runs/RUN_2023.03.23_09.07.37/logs/routing/13-resizer_timing.log"

Thu Mar 23 09:11:08 UTC 2023 - Executing "sed -i.bak -e {s/\(set ::env(CURRENT_NETLIST)\).*/\1 \/openlane\/designs\/password_cracker\/runs\/RUN_2023.03.23_09.07.37\/tmp\/13-password_cracker.nl.v/} /openlane/designs/password_cracker/runs/RUN_2023.03.23_09.07.37/config.tcl"

Thu Mar 23 09:11:08 UTC 2023 - Executing "openroad -exit /openlane/scripts/openroad/dpl.tcl |& tee /dev/null /openlane/designs/password_cracker/runs/RUN_2023.03.23_09.07.37/logs/routing/14-diode_legalization.log"

Thu Mar 23 09:11:08 UTC 2023 - Executing "sed -i.bak -e {s/\(set ::env(CURRENT_NETLIST)\).*/\1 \/openlane\/designs\/password_cracker\/runs\/RUN_2023.03.23_09.07.37\/tmp\/routing\/diode.nl.v/} /openlane/designs/password_cracker/runs/RUN_2023.03.23_09.07.37/config.tcl"

Thu Mar 23 09:11:08 UTC 2023 - Executing "openroad -exit /openlane/scripts/openroad/groute.tcl |& tee /dev/null /openlane/designs/password_cracker/runs/RUN_2023.03.23_09.07.37/logs/routing/15-global.log"

Thu Mar 23 09:11:12 UTC 2023 - Executing "openroad -exit /openlane/scripts/openroad/write_views.tcl |& tee /dev/null /openlane/designs/password_cracker/runs/RUN_2023.03.23_09.07.37/logs/routing/15-global_write_netlist.log"

Thu Mar 23 09:11:13 UTC 2023 - Executing "sed -i.bak -e {s/\(set ::env(CURRENT_NETLIST)\).*/\1 \/openlane\/designs\/password_cracker\/runs\/RUN_2023.03.23_09.07.37\/tmp\/routing\/global.nl.v/} /openlane/designs/password_cracker/runs/RUN_2023.03.23_09.07.37/config.tcl"

Thu Mar 23 09:11:13 UTC 2023 - Executing "openroad -exit /openlane/scripts/openroad/fill.tcl |& tee /dev/null /openlane/designs/password_cracker/runs/RUN_2023.03.23_09.07.37/logs/routing/17-fill.log"

Thu Mar 23 09:11:13 UTC 2023 - Executing "sed -i.bak -e {s/\(set ::env(CURRENT_NETLIST)\).*/\1 \/openlane\/designs\/password_cracker\/runs\/RUN_2023.03.23_09.07.37\/tmp\/routing\/17-fill.nl.v/} /openlane/designs/password_cracker/runs/RUN_2023.03.23_09.07.37/config.tcl"

Thu Mar 23 09:11:13 UTC 2023 - Executing "openroad -exit /openlane/scripts/openroad/droute.tcl |& tee /dev/null /openlane/designs/password_cracker/runs/RUN_2023.03.23_09.07.37/logs/routing/18-detailed.log"

Thu Mar 23 09:18:54 UTC 2023 - Executing "sed -i.bak -e {s/\(set ::env(CURRENT_NETLIST)\).*/\1 \/openlane\/designs\/password_cracker\/runs\/RUN_2023.03.23_09.07.37\/results\/routing\/password_cracker.nl.v/} /openlane/designs/password_cracker/runs/RUN_2023.03.23_09.07.37/config.tcl"

Thu Mar 23 09:18:54 UTC 2023 - Executing "python3 /openlane/scripts/drc_rosetta.py tr to_klayout -o /openlane/designs/password_cracker/runs/RUN_2023.03.23_09.07.37/reports/routing/drt.klayout.xml --design-name password_cracker /openlane/designs/password_cracker/runs/RUN_2023.03.23_09.07.37/reports/routing/drt.drc"

Thu Mar 23 09:18:54 UTC 2023 - Executing "openroad -exit -no_init -python /openlane/scripts/odbpy/wire_lengths.py --report-out /openlane/designs/password_cracker/runs/RUN_2023.03.23_09.07.37/reports/routing/19-wire_lengths.csv --input-lef /openlane/designs/password_cracker/runs/RUN_2023.03.23_09.07.37/tmp/merged.nom.lef --output-def /dev/null --output /openlane/designs/password_cracker/runs/RUN_2023.03.23_09.07.37/results/routing/password_cracker.odb /openlane/designs/password_cracker/runs/RUN_2023.03.23_09.07.37/results/routing/password_cracker.odb |& tee /dev/null /openlane/designs/password_cracker/runs/RUN_2023.03.23_09.07.37/logs/routing/19-wire_lengths.log"

Thu Mar 23 09:18:55 UTC 2023 - Executing "openroad -exit /openlane/scripts/openroad/rcx.tcl |& tee /dev/null /openlane/designs/password_cracker/runs/RUN_2023.03.23_09.07.37/logs/signoff/20-parasitics_extraction.min.log"

Thu Mar 23 09:18:58 UTC 2023 - Executing "openroad -exit /openlane/scripts/openroad/sta_multi_corner.tcl |& tee /dev/null /openlane/designs/password_cracker/runs/RUN_2023.03.23_09.07.37/logs/signoff/21-rcx_mcsta.min.log"

Thu Mar 23 09:19:22 UTC 2023 - Executing "openroad -exit /openlane/scripts/openroad/rcx.tcl |& tee /dev/null /openlane/designs/password_cracker/runs/RUN_2023.03.23_09.07.37/logs/signoff/22-parasitics_extraction.max.log"

Thu Mar 23 09:19:25 UTC 2023 - Executing "openroad -exit /openlane/scripts/openroad/sta_multi_corner.tcl |& tee /dev/null /openlane/designs/password_cracker/runs/RUN_2023.03.23_09.07.37/logs/signoff/23-rcx_mcsta.max.log"

Thu Mar 23 09:19:48 UTC 2023 - Executing "openroad -exit /openlane/scripts/openroad/rcx.tcl |& tee /dev/null /openlane/designs/password_cracker/runs/RUN_2023.03.23_09.07.37/logs/signoff/24-parasitics_extraction.nom.log"

Thu Mar 23 09:19:50 UTC 2023 - Executing "openroad -exit /openlane/scripts/openroad/sta_multi_corner.tcl |& tee /dev/null /openlane/designs/password_cracker/runs/RUN_2023.03.23_09.07.37/logs/signoff/25-rcx_mcsta.nom.log"

Thu Mar 23 09:20:13 UTC 2023 - Executing "openroad -exit /openlane/scripts/openroad/sta.tcl |& tee /dev/null /openlane/designs/password_cracker/runs/RUN_2023.03.23_09.07.37/logs/signoff/26-rcx_sta.log"

Thu Mar 23 09:20:19 UTC 2023 - Executing "openroad -exit /openlane/scripts/openroad/irdrop.tcl |& tee /dev/null /openlane/designs/password_cracker/runs/RUN_2023.03.23_09.07.37/logs/signoff/27-irdrop.log"

Thu Mar 23 09:20:20 UTC 2023 - Executing "magic -noconsole -dnull -rcfile /home/ut/.volare/sky130A/libs.tech/magic/sky130A.magicrc < /openlane/scripts/magic/def/mag_gds.tcl |& tee /dev/null /openlane/designs/password_cracker/runs/RUN_2023.03.23_09.07.37/logs/signoff/28-gdsii.log"

Thu Mar 23 09:20:25 UTC 2023 - Executing "magic -noconsole -dnull -rcfile /home/ut/.volare/sky130A/libs.tech/magic/sky130A.magicrc < /openlane/scripts/magic/gds/mag_with_pointers.tcl |& tee /dev/null /openlane/designs/password_cracker/runs/RUN_2023.03.23_09.07.37/logs/signoff/28-gds_ptrs.log"

Thu Mar 23 09:20:29 UTC 2023 - Executing "sed -i.bak -n {/^<< properties >>/,/^<< end >>/p} /openlane/designs/password_cracker/runs/RUN_2023.03.23_09.07.37/tmp/signoff/gds_ptrs.mag"

Thu Mar 23 09:20:29 UTC 2023 - Executing "magic -noconsole -dnull -rcfile /home/ut/.volare/sky130A/libs.tech/magic/sky130A.magicrc < /openlane/scripts/magic/mag/lef.tcl |& tee /dev/null /openlane/designs/password_cracker/runs/RUN_2023.03.23_09.07.37/logs/signoff/28-lef.log"

Thu Mar 23 09:20:33 UTC 2023 - Executing "magic -noconsole -dnull -rcfile /home/ut/.volare/sky130A/libs.tech/magic/sky130A.magicrc < /openlane/scripts/magic/lef/maglef.tcl |& tee /dev/null /openlane/designs/password_cracker/runs/RUN_2023.03.23_09.07.37/logs/signoff/28-maglef.log"

Thu Mar 23 09:20:33 UTC 2023 - Executing "python3 /openlane/scripts/klayout/stream_out.py --output /openlane/designs/password_cracker/runs/RUN_2023.03.23_09.07.37/results/signoff/password_cracker.klayout.gds --lyt /home/ut/.volare/sky130A/libs.tech/klayout/tech/sky130A.lyt --lym /home/ut/.volare/sky130A/libs.tech/klayout/tech/sky130A.map --lyp /home/ut/.volare/sky130A/libs.tech/klayout/tech/sky130A.lyp --top password_cracker --with-gds-file /home/ut/.volare/sky130A/libs.ref/sky130_fd_sc_hd/gds/sky130_fd_sc_hd.gds --input-lef /openlane/designs/password_cracker/runs/RUN_2023.03.23_09.07.37/tmp/merged.nom.lef /openlane/designs/password_cracker/runs/RUN_2023.03.23_09.07.37/results/routing/password_cracker.def |& tee /dev/null /openlane/designs/password_cracker/runs/RUN_2023.03.23_09.07.37/logs/signoff/29-gdsii-klayout.log"

Thu Mar 23 09:20:34 UTC 2023 - Executing "klayout -b -r /openlane/scripts/klayout/xor.drc -rd a=/openlane/designs/password_cracker/runs/RUN_2023.03.23_09.07.37/results/signoff/password_cracker.gds -rd b=/openlane/designs/password_cracker/runs/RUN_2023.03.23_09.07.37/results/signoff/password_cracker.klayout.gds -rd jobs=1 -rd rdb_out=/openlane/designs/password_cracker/runs/RUN_2023.03.23_09.07.37/reports/signoff/30-xor.xml -rd ignore=81/14 -rd rpt_out=/openlane/designs/password_cracker/runs/RUN_2023.03.23_09.07.37/reports/signoff/30-xor.rpt |& tee /dev/null /openlane/designs/password_cracker/runs/RUN_2023.03.23_09.07.37/logs/signoff/30-xor.log"

Thu Mar 23 09:20:45 UTC 2023 - Executing "magic -noconsole -dnull -rcfile /home/ut/.volare/sky130A/libs.tech/magic/sky130A.magicrc < /openlane/scripts/magic/extract_spice.tcl |& tee /dev/null /openlane/designs/password_cracker/runs/RUN_2023.03.23_09.07.37/logs/signoff/31-spice.log"

Thu Mar 23 09:21:05 UTC 2023 - Executing "openroad -exit -no_init -python /openlane/scripts/odbpy/power_utils.py write_powered_def --output /openlane/designs/password_cracker/runs/RUN_2023.03.23_09.07.37/tmp/signoff/31-password_cracker.p.def --input-lef /openlane/designs/password_cracker/runs/RUN_2023.03.23_09.07.37/tmp/merged.nom.lef --power-port VPWR --ground-port VGND --powered-netlist {} /openlane/designs/password_cracker/runs/RUN_2023.03.23_09.07.37/results/routing/password_cracker.def |& tee /dev/null /openlane/designs/password_cracker/runs/RUN_2023.03.23_09.07.37/logs/signoff/32-write_powered_def.log"

Thu Mar 23 09:21:06 UTC 2023 - Executing "openroad -exit /openlane/scripts/openroad/write_views.tcl |& tee /dev/null /openlane/designs/password_cracker/runs/RUN_2023.03.23_09.07.37/logs/signoff/32-write_powered_verilog.log"

Thu Mar 23 09:21:06 UTC 2023 - Executing "sed -i.bak -e {s/\(set ::env(CURRENT_NETLIST)\).*/\1 \/openlane\/designs\/password_cracker\/runs\/RUN_2023.03.23_09.07.37\/tmp\/signoff\/31-password_cracker.nl.v/} /openlane/designs/password_cracker/runs/RUN_2023.03.23_09.07.37/config.tcl"

Thu Mar 23 09:21:07 UTC 2023 - Executing "netgen -batch source /openlane/designs/password_cracker/runs/RUN_2023.03.23_09.07.37/tmp/signoff/34-setup_file.lef.lvs |& tee /dev/null /openlane/designs/password_cracker/runs/RUN_2023.03.23_09.07.37/logs/signoff/34-lvs.lef.log"

Thu Mar 23 09:21:08 UTC 2023 - Executing "magic -noconsole -dnull -rcfile /home/ut/.volare/sky130A/libs.tech/magic/sky130A.magicrc < /openlane/scripts/magic/drc.tcl |& tee /dev/null /openlane/designs/password_cracker/runs/RUN_2023.03.23_09.07.37/logs/signoff/35-drc.log"

Thu Mar 23 09:22:13 UTC 2023 - Executing "python3 /openlane/scripts/drc_rosetta.py magic to_tcl -o /openlane/designs/password_cracker/runs/RUN_2023.03.23_09.07.37/reports/signoff/drc.tcl /openlane/designs/password_cracker/runs/RUN_2023.03.23_09.07.37/reports/signoff/drc.rpt"

Thu Mar 23 09:22:13 UTC 2023 - Executing "python3 /openlane/scripts/drc_rosetta.py magic to_tr -o /openlane/designs/password_cracker/runs/RUN_2023.03.23_09.07.37/reports/signoff/drc.tr /openlane/designs/password_cracker/runs/RUN_2023.03.23_09.07.37/reports/signoff/drc.rpt"

Thu Mar 23 09:22:13 UTC 2023 - Executing "python3 /openlane/scripts/drc_rosetta.py tr to_klayout -o /openlane/designs/password_cracker/runs/RUN_2023.03.23_09.07.37/reports/signoff/drc.klayout.xml --design-name password_cracker /openlane/designs/password_cracker/runs/RUN_2023.03.23_09.07.37/reports/signoff/drc.tr"

Thu Mar 23 09:22:13 UTC 2023 - Executing "python3 /openlane/scripts/drc_rosetta.py magic to_rdb -o /openlane/designs/password_cracker/runs/RUN_2023.03.23_09.07.37/reports/signoff/drc.rdb /openlane/designs/password_cracker/runs/RUN_2023.03.23_09.07.37/reports/signoff/drc.rpt"

Thu Mar 23 09:22:13 UTC 2023 - Executing "openroad -exit /openlane/scripts/openroad/antenna_check.tcl |& tee /dev/null /openlane/designs/password_cracker/runs/RUN_2023.03.23_09.07.37/logs/signoff/36-antenna.log"

Thu Mar 23 09:22:15 UTC 2023 - Executing "python3 /openlane/scripts/extract_antenna_violators.py --output /openlane/designs/password_cracker/runs/RUN_2023.03.23_09.07.37/reports/signoff/36-antenna_violators.rpt /openlane/designs/password_cracker/runs/RUN_2023.03.23_09.07.37/logs/signoff/36-antenna.log"

Thu Mar 23 09:22:15 UTC 2023 - Executing "awk -v vdd=VPWR -v gnd=VGND -f /home/ut/.volare/sky130A/libs.tech/openlane/cvc/power.awk /openlane/designs/password_cracker/runs/RUN_2023.03.23_09.07.37/tmp/signoff/31-password_cracker.nl.v > /openlane/designs/password_cracker/runs/RUN_2023.03.23_09.07.37/tmp/signoff/password_cracker.power"

Thu Mar 23 09:22:15 UTC 2023 - Executing "awk -f /home/ut/.volare/sky130A/libs.tech/openlane/cvc/cdl.awk /home/ut/.volare/sky130A/libs.ref/sky130_fd_sc_hd/cdl/sky130_fd_sc_hd.cdl /openlane/designs/password_cracker/runs/RUN_2023.03.23_09.07.37/results/signoff/password_cracker.lef.spice > /openlane/designs/password_cracker/runs/RUN_2023.03.23_09.07.37/tmp/signoff/password_cracker.cdl"

Thu Mar 23 09:22:15 UTC 2023 - Executing "cvc_rv /home/ut/.volare/sky130A/libs.tech/openlane/cvc/cvcrc |& tee /dev/null /openlane/designs/password_cracker/runs/RUN_2023.03.23_09.07.37/logs/signoff/37-erc_screen.log"

